Log file open, 11/23/19 11:16:09
LogWindows: Failed to load 'aqProf.dll' (GetLastError=126)
LogWindows: File 'aqProf.dll' does not exist
LogWindows: Failed to load 'VtuneApi.dll' (GetLastError=126)
LogWindows: File 'VtuneApi.dll' does not exist
LogWindows: Failed to load 'VtuneApi32e.dll' (GetLastError=126)
LogWindows: File 'VtuneApi32e.dll' does not exist
LogConsoleResponse: Display: Failed to find resolution value strings in scalability ini. Falling back to default.
LogInit: Display: Running engine for game: Station
LogPakFile: Registered encryption key '00000000000000000000000000000000': 0 pak files mounted, 0 remain pending
LogPlatformFile: Not using cached read wrapper
LogTaskGraph: Started task graph with 5 named threads and 17 total threads with 3 sets of task threads.
LogStats: Stats thread started at 0.271675
LogD3D11RHI: Loaded GFSDK_Aftermath_Lib.x64.dll
LogICUInternationalization: ICU TimeZone Detection - Raw Offset: -5:00, Platform Override: ''
LogPluginManager: Mounting plugin Paper2D
LogPluginManager: Mounting plugin AISupport
LogPluginManager: Mounting plugin LightPropagationVolume
LogPluginManager: Mounting plugin ActorLayerUtilities
LogPluginManager: Mounting plugin AnimationSharing
LogPluginManager: Mounting plugin CLionSourceCodeAccess
LogPluginManager: Mounting plugin CodeLiteSourceCodeAccess
LogPluginManager: Mounting plugin GitSourceControl
LogPluginManager: Mounting plugin KDevelopSourceCodeAccess
LogPluginManager: Mounting plugin NullSourceCodeAccess
LogPluginManager: Mounting plugin PerforceSourceControl
LogPluginManager: Mounting plugin SubversionSourceControl
LogPluginManager: Mounting plugin UObjectPlugin
LogPluginManager: Mounting plugin VisualStudioCodeSourceCodeAccess
LogPluginManager: Mounting plugin VisualStudioSourceCodeAccess
LogPluginManager: Mounting plugin XCodeSourceCodeAccess
LogPluginManager: Mounting plugin AssetManagerEditor
LogPluginManager: Mounting plugin CryptoKeys
LogPluginManager: Mounting plugin DataValidation
LogPluginManager: Mounting plugin FacialAnimation
LogPluginManager: Mounting plugin GameplayTagsEditor
LogPluginManager: Mounting plugin MacGraphicsSwitching
LogPluginManager: Mounting plugin MaterialAnalyzer
LogPluginManager: Mounting plugin MobileLauncherProfileWizard
LogPluginManager: Mounting plugin PluginBrowser
LogPluginManager: Mounting plugin SpeedTreeImporter
LogPluginManager: Mounting plugin DatasmithContent
LogPluginManager: Mounting plugin VariantManagerContent
LogPluginManager: Mounting plugin AlembicImporter
LogPluginManager: Mounting plugin AppleImageUtils
LogPluginManager: Mounting plugin AppleVision
LogPluginManager: Mounting plugin BackChannel
LogPluginManager: Mounting plugin CharacterAI
LogPluginManager: Mounting plugin GeometryCache
LogPluginManager: Mounting plugin HTML5Networking
LogPluginManager: Mounting plugin ProxyLODPlugin
LogPluginManager: Mounting plugin SkeletalReduction
LogPluginManager: Mounting plugin MagicLeap
LogPluginManager: Mounting plugin MagicLeapMedia
LogPluginManager: Mounting plugin AndroidMedia
LogPluginManager: Mounting plugin AvfMedia
LogPluginManager: Mounting plugin ImgMedia
LogPluginManager: Mounting plugin LinearTimecode
LogPluginManager: Mounting plugin MediaCompositing
LogPluginManager: Mounting plugin MediaPlayerEditor
LogPluginManager: Mounting plugin WebMMedia
LogPluginManager: Mounting plugin WmfMedia
LogPluginManager: Mounting plugin TcpMessaging
LogPluginManager: Mounting plugin UdpMessaging
LogPluginManager: Mounting plugin ActorSequence
LogPluginManager: Mounting plugin LevelSequenceEditor
LogPluginManager: Mounting plugin MatineeToLevelSequence
LogPluginManager: Mounting plugin NetcodeUnitTest
LogPluginManager: Mounting plugin NUTUnrealEngine4
LogPluginManager: Mounting plugin OnlineSubsystemGooglePlay
LogPluginManager: Mounting plugin OnlineSubsystemIOS
LogPluginManager: Mounting plugin OnlineSubsystem
LogPluginManager: Mounting plugin OnlineSubsystemNull
LogPluginManager: Mounting plugin OnlineSubsystemUtils
LogPluginManager: Mounting plugin LauncherChunkInstaller
LogPluginManager: Mounting plugin AndroidDeviceProfileSelector
LogPluginManager: Mounting plugin AndroidMoviePlayer
LogPluginManager: Mounting plugin AndroidPermission
LogPluginManager: Mounting plugin AppleMoviePlayer
LogPluginManager: Mounting plugin ArchVisCharacter
LogPluginManager: Mounting plugin AudioCapture
LogPluginManager: Mounting plugin CableComponent
LogPluginManager: Mounting plugin CustomMeshComponent
LogPluginManager: Mounting plugin EditableMesh
LogPluginManager: Mounting plugin ExampleDeviceProfileSelector
LogPluginManager: Mounting plugin Firebase
LogPluginManager: Mounting plugin GoogleCloudMessaging
LogPluginManager: Mounting plugin IOSDeviceProfileSelector
LogPluginManager: Mounting plugin LinuxDeviceProfileSelector
LogPluginManager: Mounting plugin LocationServicesBPLibrary
LogPluginManager: Mounting plugin MobilePatchingUtils
LogPluginManager: Mounting plugin OculusVR
LogPluginManager: Mounting plugin PhysXVehicles
LogPluginManager: Mounting plugin ProceduralMeshComponent
LogPluginManager: Mounting plugin RuntimePhysXCooking
LogPluginManager: Mounting plugin SignificanceManager
LogPluginManager: Mounting plugin SteamVR
LogPluginManager: Mounting plugin WebMMoviePlayer
LogPluginManager: Mounting plugin WindowsMoviePlayer
LogInit: Using libcurl 7.55.1-DEV
LogInit:  - built for x86_64-pc-win32
LogInit:  - supports SSL with OpenSSL/1.1.1
LogInit:  - supports HTTP deflate (compression) using libz 1.2.8
LogInit:  - other features:
LogInit:      CURL_VERSION_SSL
LogInit:      CURL_VERSION_LIBZ
LogInit:      CURL_VERSION_IPV6
LogInit:      CURL_VERSION_ASYNCHDNS
LogInit:      CURL_VERSION_LARGEFILE
LogInit:      CURL_VERSION_IDN
LogInit:  CurlRequestOptions (configurable via config and command line):
LogInit:  - bVerifyPeer = true  - Libcurl will verify peer certificate
LogInit:  - bUseHttpProxy = false  - Libcurl will NOT use HTTP proxy
LogInit:  - bDontReuseConnections = false  - Libcurl will reuse connections
LogInit:  - MaxHostConnections = 16  - Libcurl will limit the number of connections to a host
LogInit:  - LocalHostAddr = Default
LogInit:  - BufferSize = 65536
LogInit: WinSock: version 1.1 (2.2), MaxSocks=32767, MaxUdp=65467
LogInit: Build: ++UE4+Release-4.22-CL-7053642
LogInit: Engine Version: 4.22.3-7053642+++UE4+Release-4.22
LogInit: Compatible Engine Version: 4.22.0-5660361+++UE4+Release-4.22
LogInit: Net CL: 5660361
LogInit: OS: Windows 10 (Release 1809) (), CPU: AMD FX(tm)-6300 Six-Core Processor             , GPU: NVIDIA GeForce GT 1030
LogInit: Compiled (64-bit): Jun 18 2019 03:09:11
LogInit: Compiled with Visual C++: 19.16.27025.01
LogInit: Build Configuration: Development
LogInit: Branch Name: ++UE4+Release-4.22
LogInit: Command Line: 
LogInit: Base Directory: C:/Program Files/Epic Games/UE_4.22/Engine/Binaries/Win64/
LogInit: Installed Engine Build: 1
LogDevObjectVersion: Number of dev versions registered: 23
LogDevObjectVersion:   Dev-Blueprints (B0D832E4-1F89-4F0D-ACCF-7EB736FD4AA2): 10
LogDevObjectVersion:   Dev-Build (E1C64328-A22C-4D53-A36C-8E866417BD8C): 0
LogDevObjectVersion:   Dev-Core (375EC13C-06E4-48FB-B500-84F0262A717E): 3
LogDevObjectVersion:   Dev-Editor (E4B068ED-F494-42E9-A231-DA0B2E46BB41): 30
LogDevObjectVersion:   Dev-Framework (CFFC743F-43B0-4480-9391-14DF171D2073): 35
LogDevObjectVersion:   Dev-Mobile (B02B49B5-BB20-44E9-A304-32B752E40360): 2
LogDevObjectVersion:   Dev-Networking (A4E4105C-59A1-49B5-A7C5-40C4547EDFEE): 0
LogDevObjectVersion:   Dev-Online (39C831C9-5AE6-47DC-9A44-9C173E1C8E7C): 0
LogDevObjectVersion:   Dev-Physics (78F01B33-EBEA-4F98-B9B4-84EACCB95AA2): 0
LogDevObjectVersion:   Dev-Platform (6631380F-2D4D-43E0-8009-CF276956A95A): 0
LogDevObjectVersion:   Dev-Rendering (12F88B9F-8875-4AFC-A67C-D90C383ABD29): 28
LogDevObjectVersion:   Dev-Sequencer (7B5AE74C-D270-4C10-A958-57980B212A5A): 11
LogDevObjectVersion:   Dev-VR (D7296918-1DD6-4BDD-9DE2-64A83CC13884): 2
LogDevObjectVersion:   Dev-LoadTimes (C2A15278-BFE7-4AFE-6C17-90FF531DF755): 1
LogDevObjectVersion:   Private-Geometry (6EACA3D4-40EC-4CC1-B786-8BED09428FC5): 3
LogDevObjectVersion:   Dev-AnimPhys (29E575DD-E0A3-4627-9D10-D276232CDCEA): 17
LogDevObjectVersion:   Dev-Anim (AF43A65D-7FD3-4947-9873-3E8ED9C1BB05): 2
LogDevObjectVersion:   Dev-ReflectionCapture (6B266CEC-1EC7-4B8F-A30B-E4D90942FC07): 1
LogDevObjectVersion:   Dev-Automation (0DF73D61-A23F-47EA-B727-89E90C41499A): 1
LogDevObjectVersion:   FortniteMain (601D1886-AC64-4F84-AA16-D3DE0DEAC7D6): 25
LogDevObjectVersion:   Dev-Enterprise (9DFFBCD6-494F-0158-E221-12823C92A888): 6
LogDevObjectVersion:   Dev-Niagara (F2AED0AC-9AFE-416F-8664-AA7FFA26D6FC): 1
LogDevObjectVersion:   Dev-Destruction (174F1F0B-B4C6-45A5-B13F-2EE8D0FB917D): 2
LogInit: Presizing for max 16777216 objects, including 0 objects not considered by GC, pre-allocating 0 bytes for permanent pool.
LogInit: Object subsystem initialized
LogConfig: Setting CVar [[con.DebugEarlyDefault:1]]
LogConfig: Setting CVar [[r.setres:1280x720]]
[2019.11.23-16.16.09:924][  0]LogConfig: Setting CVar [[r.VSync:0]]
[2019.11.23-16.16.09:924][  0]LogConfig: Setting CVar [[r.RHICmdBypass:0]]
[2019.11.23-16.16.09:925][  0]LogConfig: Applying CVar settings from Section [/Script/Engine.RendererSettings] File [C:/Users/devin/OneDrive/Desktop/300/300-HW5-Station/Saved/Config/Windows/Engine.ini]
[2019.11.23-16.16.09:925][  0]LogConfig: Setting CVar [[r.GPUCrashDebugging:0]]
[2019.11.23-16.16.09:925][  0]LogConfig: Applying CVar settings from Section [/Script/Engine.RendererOverrideSettings] File [C:/Users/devin/OneDrive/Desktop/300/300-HW5-Station/Saved/Config/Windows/Engine.ini]
[2019.11.23-16.16.09:925][  0]LogConfig: Applying CVar settings from Section [/Script/Engine.StreamingSettings] File [C:/Users/devin/OneDrive/Desktop/300/300-HW5-Station/Saved/Config/Windows/Engine.ini]
[2019.11.23-16.16.09:925][  0]LogConfig: Setting CVar [[s.MinBulkDataSizeForAsyncLoading:131072]]
[2019.11.23-16.16.09:925][  0]LogConfig: Setting CVar [[s.AsyncLoadingThreadEnabled:0]]
[2019.11.23-16.16.09:925][  0]LogConfig: Setting CVar [[s.EventDrivenLoaderEnabled:1]]
[2019.11.23-16.16.09:925][  0]LogConfig: Setting CVar [[s.WarnIfTimeLimitExceeded:0]]
[2019.11.23-16.16.09:925][  0]LogConfig: Setting CVar [[s.TimeLimitExceededMultiplier:1.5]]
[2019.11.23-16.16.09:925][  0]LogConfig: Setting CVar [[s.TimeLimitExceededMinTime:0.005]]
[2019.11.23-16.16.09:925][  0]LogConfig: Setting CVar [[s.UseBackgroundLevelStreaming:1]]
[2019.11.23-16.16.09:925][  0]LogConfig: Setting CVar [[s.PriorityAsyncLoadingExtraTime:15.0]]
[2019.11.23-16.16.09:925][  0]LogConfig: Setting CVar [[s.LevelStreamingActorsUpdateTimeLimit:5.0]]
[2019.11.23-16.16.09:925][  0]LogConfig: Setting CVar [[s.PriorityLevelStreamingActorsUpdateExtraTime:5.0]]
[2019.11.23-16.16.09:925][  0]LogConfig: Setting CVar [[s.LevelStreamingComponentsRegistrationGranularity:10]]
[2019.11.23-16.16.09:925][  0]LogConfig: Setting CVar [[s.UnregisterComponentsTimeLimit:1.0]]
[2019.11.23-16.16.09:925][  0]LogConfig: Setting CVar [[s.LevelStreamingComponentsUnregistrationGranularity:5]]
[2019.11.23-16.16.09:925][  0]LogConfig: Applying CVar settings from Section [/Script/Engine.GarbageCollectionSettings] File [C:/Users/devin/OneDrive/Desktop/300/300-HW5-Station/Saved/Config/Windows/Engine.ini]
[2019.11.23-16.16.09:925][  0]LogConfig: Setting CVar [[gc.MaxObjectsNotConsideredByGC:1]]
[2019.11.23-16.16.09:925][  0]LogConfig: Setting CVar [[gc.SizeOfPermanentObjectPool:0]]
[2019.11.23-16.16.09:925][  0]LogConfig: Setting CVar [[gc.FlushStreamingOnGC:0]]
[2019.11.23-16.16.09:925][  0]LogConfig: Setting CVar [[gc.NumRetriesBeforeForcingGC:10]]
[2019.11.23-16.16.09:925][  0]LogConfig: Setting CVar [[gc.AllowParallelGC:1]]
[2019.11.23-16.16.09:925][  0]LogConfig: Setting CVar [[gc.TimeBetweenPurgingPendingKillObjects:61.1]]
[2019.11.23-16.16.09:925][  0]LogConfig: Setting CVar [[gc.MaxObjectsInEditor:16777216]]
[2019.11.23-16.16.09:925][  0]LogConfig: Setting CVar [[gc.IncrementalBeginDestroyEnabled:1]]
[2019.11.23-16.16.09:925][  0]LogConfig: Setting CVar [[gc.CreateGCClusters:1]]
[2019.11.23-16.16.09:925][  0]LogConfig: Setting CVar [[gc.MinGCClusterSize:5]]
[2019.11.23-16.16.09:925][  0]LogConfig: Setting CVar [[gc.ActorClusteringEnabled:0]]
[2019.11.23-16.16.09:925][  0]LogConfig: Setting CVar [[gc.BlueprintClusteringEnabled:0]]
[2019.11.23-16.16.09:925][  0]LogConfig: Setting CVar [[gc.UseDisregardForGCOnDedicatedServers:0]]
[2019.11.23-16.16.09:926][  0]LogConfig: Applying CVar settings from Section [/Script/Engine.NetworkSettings] File [C:/Users/devin/OneDrive/Desktop/300/300-HW5-Station/Saved/Config/Windows/Engine.ini]
[2019.11.23-16.16.09:926][  0]LogConfig: Applying CVar settings from Section [/Script/UnrealEd.CookerSettings] File [C:/Users/devin/OneDrive/Desktop/300/300-HW5-Station/Saved/Config/Windows/Engine.ini]
[2019.11.23-16.16.09:940][  0]LogConfig: Applying CVar settings from Section [ViewDistanceQuality@3] File [C:/Users/devin/OneDrive/Desktop/300/300-HW5-Station/Saved/Config/Windows/Scalability.ini]
[2019.11.23-16.16.09:940][  0]LogConfig: Setting CVar [[r.SkeletalMeshLODBias:0]]
[2019.11.23-16.16.09:940][  0]LogConfig: Setting CVar [[r.ViewDistanceScale:1.0]]
[2019.11.23-16.16.09:940][  0]LogConfig: Applying CVar settings from Section [AntiAliasingQuality@3] File [C:/Users/devin/OneDrive/Desktop/300/300-HW5-Station/Saved/Config/Windows/Scalability.ini]
[2019.11.23-16.16.09:940][  0]LogConfig: Setting CVar [[r.PostProcessAAQuality:4]]
[2019.11.23-16.16.09:940][  0]LogConfig: Applying CVar settings from Section [ShadowQuality@3] File [C:/Users/devin/OneDrive/Desktop/300/300-HW5-Station/Saved/Config/Windows/Scalability.ini]
[2019.11.23-16.16.09:940][  0]LogConfig: Setting CVar [[r.LightFunctionQuality:1]]
[2019.11.23-16.16.09:940][  0]LogConfig: Setting CVar [[r.ShadowQuality:5]]
[2019.11.23-16.16.09:941][  0]LogConfig: Setting CVar [[r.Shadow.CSM.MaxCascades:10]]
[2019.11.23-16.16.09:941][  0]LogConfig: Setting CVar [[r.Shadow.MaxResolution:2048]]
[2019.11.23-16.16.09:941][  0]LogConfig: Setting CVar [[r.Shadow.MaxCSMResolution:2048]]
[2019.11.23-16.16.09:941][  0]LogConfig: Setting CVar [[r.Shadow.RadiusThreshold:0.01]]
[2019.11.23-16.16.09:941][  0]LogConfig: Setting CVar [[r.Shadow.DistanceScale:1.0]]
[2019.11.23-16.16.09:941][  0]LogConfig: Setting CVar [[r.Shadow.CSM.TransitionScale:1.0]]
[2019.11.23-16.16.09:941][  0]LogConfig: Setting CVar [[r.Shadow.PreShadowResolutionFactor:1.0]]
[2019.11.23-16.16.09:941][  0]LogConfig: Setting CVar [[r.DistanceFieldShadowing:1]]
[2019.11.23-16.16.09:941][  0]LogConfig: Setting CVar [[r.DistanceFieldAO:1]]
[2019.11.23-16.16.09:941][  0]LogConfig: Setting CVar [[r.AOQuality:2]]
[2019.11.23-16.16.09:941][  0]LogConfig: Setting CVar [[r.VolumetricFog:1]]
[2019.11.23-16.16.09:941][  0]LogConfig: Setting CVar [[r.VolumetricFog.GridPixelSize:8]]
[2019.11.23-16.16.09:941][  0]LogConfig: Setting CVar [[r.VolumetricFog.GridSizeZ:128]]
[2019.11.23-16.16.09:941][  0]LogConfig: Setting CVar [[r.VolumetricFog.HistoryMissSupersampleCount:4]]
[2019.11.23-16.16.09:941][  0]LogConfig: Setting CVar [[r.LightMaxDrawDistanceScale:1]]
[2019.11.23-16.16.09:941][  0]LogConfig: Setting CVar [[r.CapsuleShadows:1]]
[2019.11.23-16.16.09:941][  0]LogConfig: Applying CVar settings from Section [PostProcessQuality@3] File [C:/Users/devin/OneDrive/Desktop/300/300-HW5-Station/Saved/Config/Windows/Scalability.ini]
[2019.11.23-16.16.09:941][  0]LogConfig: Setting CVar [[r.MotionBlurQuality:4]]
[2019.11.23-16.16.09:941][  0]LogConfig: Setting CVar [[r.AmbientOcclusionMipLevelFactor:0.4]]
[2019.11.23-16.16.09:941][  0]LogConfig: Setting CVar [[r.AmbientOcclusionMaxQuality:100]]
[2019.11.23-16.16.09:941][  0]LogConfig: Setting CVar [[r.AmbientOcclusionLevels:-1]]
[2019.11.23-16.16.09:941][  0]LogConfig: Setting CVar [[r.AmbientOcclusionRadiusScale:1.0]]
[2019.11.23-16.16.09:941][  0]LogConfig: Setting CVar [[r.DepthOfFieldQuality:2]]
[2019.11.23-16.16.09:941][  0]LogConfig: Setting CVar [[r.RenderTargetPoolMin:400]]
[2019.11.23-16.16.09:941][  0]LogConfig: Setting CVar [[r.LensFlareQuality:2]]
[2019.11.23-16.16.09:941][  0]LogConfig: Setting CVar [[r.SceneColorFringeQuality:1]]
[2019.11.23-16.16.09:941][  0]LogConfig: Setting CVar [[r.EyeAdaptationQuality:2]]
[2019.11.23-16.16.09:941][  0]LogConfig: Setting CVar [[r.BloomQuality:5]]
[2019.11.23-16.16.09:941][  0]LogConfig: Setting CVar [[r.FastBlurThreshold:100]]
[2019.11.23-16.16.09:941][  0]LogConfig: Setting CVar [[r.Upscale.Quality:3]]
[2019.11.23-16.16.09:941][  0]LogConfig: Setting CVar [[r.Tonemapper.GrainQuantization:1]]
[2019.11.23-16.16.09:941][  0]LogConfig: Setting CVar [[r.LightShaftQuality:1]]
[2019.11.23-16.16.09:941][  0]LogConfig: Setting CVar [[r.Filter.SizeScale:1]]
[2019.11.23-16.16.09:941][  0]LogConfig: Setting CVar [[r.Tonemapper.Quality:5]]
[2019.11.23-16.16.09:941][  0]LogConfig: Setting CVar [[r.DOF.Gather.AccumulatorQuality:1        ; higher gathering accumulator quality]]
[2019.11.23-16.16.09:941][  0]LogConfig: Setting CVar [[r.DOF.Gather.PostfilterMethod:1          ; Median3x3 postfilering method]]
[2019.11.23-16.16.09:941][  0]LogConfig: Setting CVar [[r.DOF.Gather.EnableBokehSettings:0       ; no bokeh simulation when gathering]]
[2019.11.23-16.16.09:941][  0]LogConfig: Setting CVar [[r.DOF.Gather.RingCount:4                 ; medium number of samples when gathering]]
[2019.11.23-16.16.09:941][  0]LogConfig: Setting CVar [[r.DOF.Scatter.ForegroundCompositing:1    ; additive foreground scattering]]
[2019.11.23-16.16.09:941][  0]LogConfig: Setting CVar [[r.DOF.Scatter.BackgroundCompositing:2    ; additive background scattering]]
[2019.11.23-16.16.09:942][  0]LogConfig: Setting CVar [[r.DOF.Scatter.EnableBokehSettings:1      ; bokeh simulation when scattering]]
[2019.11.23-16.16.09:942][  0]LogConfig: Setting CVar [[r.DOF.Scatter.MaxSpriteRatio:0.1         ; only a maximum of 10% of scattered bokeh]]
[2019.11.23-16.16.09:942][  0]LogConfig: Setting CVar [[r.DOF.Recombine.Quality:1                ; cheap slight out of focus]]
[2019.11.23-16.16.09:942][  0]LogConfig: Setting CVar [[r.DOF.Recombine.EnableBokehSettings:0    ; no bokeh simulation on slight out of focus]]
[2019.11.23-16.16.09:942][  0]LogConfig: Setting CVar [[r.DOF.TemporalAAQuality:1                ; more stable temporal accumulation]]
[2019.11.23-16.16.09:942][  0]LogConfig: Setting CVar [[r.DOF.Kernel.MaxForegroundRadius:0.025]]
[2019.11.23-16.16.09:942][  0]LogConfig: Setting CVar [[r.DOF.Kernel.MaxBackgroundRadius:0.025]]
[2019.11.23-16.16.09:942][  0]LogConfig: Applying CVar settings from Section [TextureQuality@3] File [C:/Users/devin/OneDrive/Desktop/300/300-HW5-Station/Saved/Config/Windows/Scalability.ini]
[2019.11.23-16.16.09:942][  0]LogConfig: Setting CVar [[r.Streaming.MipBias:0]]
[2019.11.23-16.16.09:942][  0]LogConfig: Setting CVar [[r.Streaming.AmortizeCPUToGPUCopy:0]]
[2019.11.23-16.16.09:942][  0]LogConfig: Setting CVar [[r.Streaming.MaxNumTexturesToStreamPerFrame:0]]
[2019.11.23-16.16.09:942][  0]LogConfig: Setting CVar [[r.Streaming.Boost:1]]
[2019.11.23-16.16.09:942][  0]LogConfig: Setting CVar [[r.MaxAnisotropy:8]]
[2019.11.23-16.16.09:942][  0]LogConfig: Setting CVar [[r.Streaming.LimitPoolSizeToVRAM:0]]
[2019.11.23-16.16.09:942][  0]LogConfig: Setting CVar [[r.Streaming.PoolSize:1000]]
[2019.11.23-16.16.09:942][  0]LogConfig: Setting CVar [[r.Streaming.MaxEffectiveScreenSize:0]]
[2019.11.23-16.16.09:942][  0]LogConfig: Applying CVar settings from Section [EffectsQuality@3] File [C:/Users/devin/OneDrive/Desktop/300/300-HW5-Station/Saved/Config/Windows/Scalability.ini]
[2019.11.23-16.16.09:942][  0]LogConfig: Setting CVar [[r.TranslucencyLightingVolumeDim:64]]
[2019.11.23-16.16.09:942][  0]LogConfig: Setting CVar [[r.RefractionQuality:2]]
[2019.11.23-16.16.09:942][  0]LogConfig: Setting CVar [[r.SSR.Quality:3]]
[2019.11.23-16.16.09:942][  0]LogConfig: Setting CVar [[r.SceneColorFormat:4]]
[2019.11.23-16.16.09:942][  0]LogConfig: Setting CVar [[r.DetailMode:2]]
[2019.11.23-16.16.09:942][  0]LogConfig: Setting CVar [[r.TranslucencyVolumeBlur:1]]
[2019.11.23-16.16.09:942][  0]LogConfig: Setting CVar [[r.MaterialQualityLevel:1 ; High quality]]
[2019.11.23-16.16.09:942][  0]LogConfig: Setting CVar [[r.SSS.Scale:1]]
[2019.11.23-16.16.09:942][  0]LogConfig: Setting CVar [[r.SSS.SampleSet:2]]
[2019.11.23-16.16.09:942][  0]LogConfig: Setting CVar [[r.SSS.Quality:1]]
[2019.11.23-16.16.09:942][  0]LogConfig: Setting CVar [[r.SSS.HalfRes:1]]
[2019.11.23-16.16.09:942][  0]LogConfig: Setting CVar [[r.EmitterSpawnRateScale:1.0]]
[2019.11.23-16.16.09:942][  0]LogConfig: Setting CVar [[r.ParticleLightQuality:2]]
[2019.11.23-16.16.09:942][  0]LogConfig: Applying CVar settings from Section [FoliageQuality@3] File [C:/Users/devin/OneDrive/Desktop/300/300-HW5-Station/Saved/Config/Windows/Scalability.ini]
[2019.11.23-16.16.09:942][  0]LogConfig: Setting CVar [[foliage.DensityScale:1.0]]
[2019.11.23-16.16.09:942][  0]LogConfig: Setting CVar [[grass.DensityScale:1.0]]
[2019.11.23-16.16.09:942][  0]LogInit: Selected Device Profile: [Windows]
[2019.11.23-16.16.09:942][  0]LogInit: Applying CVar settings loaded from the selected device profile: [Windows]
[2019.11.23-16.16.09:961][  0]LogHAL: Display: Platform has ~ 8 GB [8481525760 / 8589934592 / 8], which maps to Default [LargestMinGB=32, LargerMinGB=12, DefaultMinGB=8, SmallerMinGB=6, SmallestMinGB=0)
[2019.11.23-16.16.09:961][  0]LogConfig: Setting CVar [[r.Vulkan.UseRealUBs:0		; Required until we fix HLR fall-out]]
[2019.11.23-16.16.09:961][  0]LogInit: Going up to parent DeviceProfile []
[2019.11.23-16.16.09:961][  0]LogConfig: Applying CVar settings from Section [ViewDistanceQuality@3] File [C:/Users/devin/OneDrive/Desktop/300/300-HW5-Station/Saved/Config/Windows/Scalability.ini]
[2019.11.23-16.16.09:961][  0]LogConfig: Setting CVar [[r.SkeletalMeshLODBias:0]]
[2019.11.23-16.16.09:962][  0]LogConfig: Setting CVar [[r.ViewDistanceScale:1.0]]
[2019.11.23-16.16.09:962][  0]LogConfig: Applying CVar settings from Section [AntiAliasingQuality@3] File [C:/Users/devin/OneDrive/Desktop/300/300-HW5-Station/Saved/Config/Windows/Scalability.ini]
[2019.11.23-16.16.09:962][  0]LogConfig: Setting CVar [[r.PostProcessAAQuality:4]]
[2019.11.23-16.16.09:962][  0]LogConfig: Applying CVar settings from Section [ShadowQuality@3] File [C:/Users/devin/OneDrive/Desktop/300/300-HW5-Station/Saved/Config/Windows/Scalability.ini]
[2019.11.23-16.16.09:962][  0]LogConfig: Setting CVar [[r.LightFunctionQuality:1]]
[2019.11.23-16.16.09:962][  0]LogConfig: Setting CVar [[r.ShadowQuality:5]]
[2019.11.23-16.16.09:962][  0]LogConfig: Setting CVar [[r.Shadow.CSM.MaxCascades:10]]
[2019.11.23-16.16.09:962][  0]LogConfig: Setting CVar [[r.Shadow.MaxResolution:2048]]
[2019.11.23-16.16.09:962][  0]LogConfig: Setting CVar [[r.Shadow.MaxCSMResolution:2048]]
[2019.11.23-16.16.09:962][  0]LogConfig: Setting CVar [[r.Shadow.RadiusThreshold:0.01]]
[2019.11.23-16.16.09:962][  0]LogConfig: Setting CVar [[r.Shadow.DistanceScale:1.0]]
[2019.11.23-16.16.09:962][  0]LogConfig: Setting CVar [[r.Shadow.CSM.TransitionScale:1.0]]
[2019.11.23-16.16.09:962][  0]LogConfig: Setting CVar [[r.Shadow.PreShadowResolutionFactor:1.0]]
[2019.11.23-16.16.09:962][  0]LogConfig: Setting CVar [[r.DistanceFieldShadowing:1]]
[2019.11.23-16.16.09:962][  0]LogConfig: Setting CVar [[r.DistanceFieldAO:1]]
[2019.11.23-16.16.09:962][  0]LogConfig: Setting CVar [[r.AOQuality:2]]
[2019.11.23-16.16.09:962][  0]LogConfig: Setting CVar [[r.VolumetricFog:1]]
[2019.11.23-16.16.09:962][  0]LogConfig: Setting CVar [[r.VolumetricFog.GridPixelSize:8]]
[2019.11.23-16.16.09:962][  0]LogConfig: Setting CVar [[r.VolumetricFog.GridSizeZ:128]]
[2019.11.23-16.16.09:962][  0]LogConfig: Setting CVar [[r.VolumetricFog.HistoryMissSupersampleCount:4]]
[2019.11.23-16.16.09:962][  0]LogConfig: Setting CVar [[r.LightMaxDrawDistanceScale:1]]
[2019.11.23-16.16.09:962][  0]LogConfig: Setting CVar [[r.CapsuleShadows:1]]
[2019.11.23-16.16.09:962][  0]LogConfig: Applying CVar settings from Section [PostProcessQuality@3] File [C:/Users/devin/OneDrive/Desktop/300/300-HW5-Station/Saved/Config/Windows/Scalability.ini]
[2019.11.23-16.16.09:962][  0]LogConfig: Setting CVar [[r.MotionBlurQuality:4]]
[2019.11.23-16.16.09:962][  0]LogConfig: Setting CVar [[r.AmbientOcclusionMipLevelFactor:0.4]]
[2019.11.23-16.16.09:962][  0]LogConfig: Setting CVar [[r.AmbientOcclusionMaxQuality:100]]
[2019.11.23-16.16.09:962][  0]LogConfig: Setting CVar [[r.AmbientOcclusionLevels:-1]]
[2019.11.23-16.16.09:962][  0]LogConfig: Setting CVar [[r.AmbientOcclusionRadiusScale:1.0]]
[2019.11.23-16.16.09:962][  0]LogConfig: Setting CVar [[r.DepthOfFieldQuality:2]]
[2019.11.23-16.16.09:962][  0]LogConfig: Setting CVar [[r.RenderTargetPoolMin:400]]
[2019.11.23-16.16.09:962][  0]LogConfig: Setting CVar [[r.LensFlareQuality:2]]
[2019.11.23-16.16.09:962][  0]LogConfig: Setting CVar [[r.SceneColorFringeQuality:1]]
[2019.11.23-16.16.09:963][  0]LogConfig: Setting CVar [[r.EyeAdaptationQuality:2]]
[2019.11.23-16.16.09:963][  0]LogConfig: Setting CVar [[r.BloomQuality:5]]
[2019.11.23-16.16.09:963][  0]LogConfig: Setting CVar [[r.FastBlurThreshold:100]]
[2019.11.23-16.16.09:963][  0]LogConfig: Setting CVar [[r.Upscale.Quality:3]]
[2019.11.23-16.16.09:963][  0]LogConfig: Setting CVar [[r.Tonemapper.GrainQuantization:1]]
[2019.11.23-16.16.09:963][  0]LogConfig: Setting CVar [[r.LightShaftQuality:1]]
[2019.11.23-16.16.09:963][  0]LogConfig: Setting CVar [[r.Filter.SizeScale:1]]
[2019.11.23-16.16.09:963][  0]LogConfig: Setting CVar [[r.Tonemapper.Quality:5]]
[2019.11.23-16.16.09:963][  0]LogConfig: Setting CVar [[r.DOF.Gather.AccumulatorQuality:1        ; higher gathering accumulator quality]]
[2019.11.23-16.16.09:963][  0]LogConfig: Setting CVar [[r.DOF.Gather.PostfilterMethod:1          ; Median3x3 postfilering method]]
[2019.11.23-16.16.09:963][  0]LogConfig: Setting CVar [[r.DOF.Gather.EnableBokehSettings:0       ; no bokeh simulation when gathering]]
[2019.11.23-16.16.09:963][  0]LogConfig: Setting CVar [[r.DOF.Gather.RingCount:4                 ; medium number of samples when gathering]]
[2019.11.23-16.16.09:963][  0]LogConfig: Setting CVar [[r.DOF.Scatter.ForegroundCompositing:1    ; additive foreground scattering]]
[2019.11.23-16.16.09:963][  0]LogConfig: Setting CVar [[r.DOF.Scatter.BackgroundCompositing:2    ; additive background scattering]]
[2019.11.23-16.16.09:963][  0]LogConfig: Setting CVar [[r.DOF.Scatter.EnableBokehSettings:1      ; bokeh simulation when scattering]]
[2019.11.23-16.16.09:963][  0]LogConfig: Setting CVar [[r.DOF.Scatter.MaxSpriteRatio:0.1         ; only a maximum of 10% of scattered bokeh]]
[2019.11.23-16.16.09:963][  0]LogConfig: Setting CVar [[r.DOF.Recombine.Quality:1                ; cheap slight out of focus]]
[2019.11.23-16.16.09:963][  0]LogConfig: Setting CVar [[r.DOF.Recombine.EnableBokehSettings:0    ; no bokeh simulation on slight out of focus]]
[2019.11.23-16.16.09:963][  0]LogConfig: Setting CVar [[r.DOF.TemporalAAQuality:1                ; more stable temporal accumulation]]
[2019.11.23-16.16.09:963][  0]LogConfig: Setting CVar [[r.DOF.Kernel.MaxForegroundRadius:0.025]]
[2019.11.23-16.16.09:963][  0]LogConfig: Setting CVar [[r.DOF.Kernel.MaxBackgroundRadius:0.025]]
[2019.11.23-16.16.09:963][  0]LogConfig: Applying CVar settings from Section [TextureQuality@3] File [C:/Users/devin/OneDrive/Desktop/300/300-HW5-Station/Saved/Config/Windows/Scalability.ini]
[2019.11.23-16.16.09:963][  0]LogConfig: Setting CVar [[r.Streaming.MipBias:0]]
[2019.11.23-16.16.09:964][  0]LogConfig: Setting CVar [[r.Streaming.AmortizeCPUToGPUCopy:0]]
[2019.11.23-16.16.09:964][  0]LogConfig: Setting CVar [[r.Streaming.MaxNumTexturesToStreamPerFrame:0]]
[2019.11.23-16.16.09:964][  0]LogConfig: Setting CVar [[r.Streaming.Boost:1]]
[2019.11.23-16.16.09:964][  0]LogConfig: Setting CVar [[r.MaxAnisotropy:8]]
[2019.11.23-16.16.09:964][  0]LogConfig: Setting CVar [[r.Streaming.LimitPoolSizeToVRAM:0]]
[2019.11.23-16.16.09:964][  0]LogConfig: Setting CVar [[r.Streaming.PoolSize:1000]]
[2019.11.23-16.16.09:964][  0]LogConfig: Setting CVar [[r.Streaming.MaxEffectiveScreenSize:0]]
[2019.11.23-16.16.09:964][  0]LogConfig: Applying CVar settings from Section [EffectsQuality@3] File [C:/Users/devin/OneDrive/Desktop/300/300-HW5-Station/Saved/Config/Windows/Scalability.ini]
[2019.11.23-16.16.09:964][  0]LogConfig: Setting CVar [[r.TranslucencyLightingVolumeDim:64]]
[2019.11.23-16.16.09:964][  0]LogConfig: Setting CVar [[r.RefractionQuality:2]]
[2019.11.23-16.16.09:964][  0]LogConfig: Setting CVar [[r.SSR.Quality:3]]
[2019.11.23-16.16.09:964][  0]LogConfig: Setting CVar [[r.SceneColorFormat:4]]
[2019.11.23-16.16.09:964][  0]LogConfig: Setting CVar [[r.DetailMode:2]]
[2019.11.23-16.16.09:964][  0]LogConfig: Setting CVar [[r.TranslucencyVolumeBlur:1]]
[2019.11.23-16.16.09:964][  0]LogConfig: Setting CVar [[r.MaterialQualityLevel:1 ; High quality]]
[2019.11.23-16.16.09:964][  0]LogConfig: Setting CVar [[r.SSS.Scale:1]]
[2019.11.23-16.16.09:964][  0]LogConfig: Setting CVar [[r.SSS.SampleSet:2]]
[2019.11.23-16.16.09:964][  0]LogConfig: Setting CVar [[r.SSS.Quality:1]]
[2019.11.23-16.16.09:964][  0]LogConfig: Setting CVar [[r.SSS.HalfRes:1]]
[2019.11.23-16.16.09:964][  0]LogConfig: Setting CVar [[r.EmitterSpawnRateScale:1.0]]
[2019.11.23-16.16.09:964][  0]LogConfig: Setting CVar [[r.ParticleLightQuality:2]]
[2019.11.23-16.16.09:964][  0]LogConfig: Applying CVar settings from Section [FoliageQuality@3] File [C:/Users/devin/OneDrive/Desktop/300/300-HW5-Station/Saved/Config/Windows/Scalability.ini]
[2019.11.23-16.16.09:964][  0]LogConfig: Setting CVar [[foliage.DensityScale:1.0]]
[2019.11.23-16.16.09:964][  0]LogConfig: Setting CVar [[grass.DensityScale:1.0]]
[2019.11.23-16.16.09:964][  0]LogConfig: Applying CVar settings from Section [Startup] File [../../../Engine/Config/ConsoleVariables.ini]
[2019.11.23-16.16.09:965][  0]LogConfig: Setting CVar [[net.UseAdaptiveNetUpdateFrequency:0]]
[2019.11.23-16.16.09:965][  0]LogConfig: Setting CVar [[p.chaos.AllowCreatePhysxBodies:1]]
[2019.11.23-16.16.09:965][  0]LogConfig: Applying CVar settings from Section [ConsoleVariables] File [C:/Users/devin/OneDrive/Desktop/300/300-HW5-Station/Saved/Config/Windows/Engine.ini]
[2019.11.23-16.16.09:965][  0]LogInit: Computer: DESKTOP-HBTKBE5
[2019.11.23-16.16.09:965][  0]LogInit: User: devin
[2019.11.23-16.16.09:965][  0]LogInit: CPU Page size=4096, Cores=3
[2019.11.23-16.16.09:965][  0]LogInit: High frequency timer resolution =10.000000 MHz
[2019.11.23-16.16.09:965][  0]LogMemory: Memory total: Physical=7.9GB (8GB approx)
[2019.11.23-16.16.09:966][  0]LogMemory: Platform Memory Stats for Windows
[2019.11.23-16.16.09:966][  0]LogMemory: Process Physical Memory: 96.28 MB used, 96.28 MB peak
[2019.11.23-16.16.09:966][  0]LogMemory: Process Virtual Memory: 84.09 MB used, 84.09 MB peak
[2019.11.23-16.16.09:966][  0]LogMemory: Physical Memory: 6184.64 MB used,  1903.97 MB free, 8088.61 MB total
[2019.11.23-16.16.09:966][  0]LogMemory: Virtual Memory: 4643.84 MB used,  134213088.00 MB free, 134217728.00 MB total
[2019.11.23-16.16.10:034][  0]LogInit: Using OS detected language (en-US).
[2019.11.23-16.16.10:035][  0]LogInit: Using OS detected locale (en-US).
[2019.11.23-16.16.10:039][  0]LogTextLocalizationManager: No specific localization for 'en-US' exists, so the 'en' localization will be used.
[2019.11.23-16.16.10:427][  0]LogInit: Setting process to per monitor DPI aware
[2019.11.23-16.16.10:488][  0]LogSlate: New Slate User Created.  User Index 0, Is Virtual User: 0
[2019.11.23-16.16.10:488][  0]LogSlate: Slate User Registered.  User Index 0, Is Virtual User: 0
[2019.11.23-16.16.10:846][  0]LogHMD: Failed to initialize OpenVR with code 110
[2019.11.23-16.16.10:846][  0]LogD3D11RHI: D3D11 adapters:
[2019.11.23-16.16.11:002][  0]LogD3D11RHI:    0. 'NVIDIA GeForce GT 1030' (Feature Level 11_0)
[2019.11.23-16.16.11:002][  0]LogD3D11RHI:       1982/0/4044 MB DedicatedVideo/DedicatedSystem/SharedSystem, Outputs:2, VendorId:0x10de
[2019.11.23-16.16.11:005][  0]LogD3D11RHI:    1. 'Microsoft Basic Render Driver' (Feature Level 11_0)
[2019.11.23-16.16.11:005][  0]LogD3D11RHI:       0/0/4044 MB DedicatedVideo/DedicatedSystem/SharedSystem, Outputs:0, VendorId:0x1414
[2019.11.23-16.16.11:009][  0]LogD3D11RHI:    2. 'Microsoft Basic Render Driver' (Feature Level 11_0)
[2019.11.23-16.16.11:009][  0]LogD3D11RHI:       0/0/4044 MB DedicatedVideo/DedicatedSystem/SharedSystem, Outputs:0, VendorId:0x1414
[2019.11.23-16.16.11:009][  0]LogD3D11RHI: Chosen D3D11 Adapter: 0
[2019.11.23-16.16.11:024][  0]LogD3D11RHI: Creating new Direct3DDevice
[2019.11.23-16.16.11:024][  0]LogD3D11RHI:     GPU DeviceId: 0x1d01 (for the marketing name, search the web for "GPU Device Id")
[2019.11.23-16.16.11:024][  0]LogWindows: EnumDisplayDevices:
[2019.11.23-16.16.11:024][  0]LogWindows:    0. 'NVIDIA GeForce GT 1030' (P:1 D:1)
[2019.11.23-16.16.11:025][  0]LogWindows:    1. 'NVIDIA GeForce GT 1030' (P:0 D:0)
[2019.11.23-16.16.11:026][  0]LogWindows:    2. 'Trigger II External Graphics' (P:0 D:1)
[2019.11.23-16.16.11:026][  0]LogWindows: DebugString: GetVideoDriverDetailsInvalid PrimaryIsNotTheChoosenAdapter FoundDriverCount:2 
[2019.11.23-16.16.11:026][  0]LogD3D11RHI:     Adapter Name: NVIDIA GeForce GT 1030
[2019.11.23-16.16.11:026][  0]LogD3D11RHI:   Driver Version: 432.00 (internal:26.21.14.3200, unified:432.00)
[2019.11.23-16.16.11:026][  0]LogD3D11RHI:      Driver Date: 7-24-2019
[2019.11.23-16.16.11:026][  0]LogRHI: Texture pool is 1387 MB (70% of 1982 MB)
[2019.11.23-16.16.11:129][  0]LogD3D11RHI: Async texture creation enabled
[2019.11.23-16.16.11:135][  0]LogRendererCore: FGlobalReadBuffer::InitRHI
[2019.11.23-16.16.11:135][  0]LogRendererCore: FGlobalReadBuffer::InitRHI
[2019.11.23-16.16.11:135][  0]LogRendererCore: FGlobalReadBuffer::InitRHI
[2019.11.23-16.16.11:146][  0]LogD3D11RHI: GPU Timing Frequency: 1000.000000 (Debug: 2 1)
[2019.11.23-16.16.11:846][  0]LogTemp: Display: Module 'AllDesktopTargetPlatform' loaded TargetPlatform 'AllDesktop'
[2019.11.23-16.16.11:873][  0]LogTemp: Display: Module 'MacClientTargetPlatform' loaded TargetPlatform 'MacClient'
[2019.11.23-16.16.11:901][  0]LogTemp: Display: Module 'MacNoEditorTargetPlatform' loaded TargetPlatform 'MacNoEditor'
[2019.11.23-16.16.11:930][  0]LogTemp: Display: Module 'MacServerTargetPlatform' loaded TargetPlatform 'MacServer'
[2019.11.23-16.16.11:959][  0]LogTemp: Display: Module 'MacTargetPlatform' loaded TargetPlatform 'Mac'
[2019.11.23-16.16.12:000][  0]LogTemp: Display: Module 'WindowsClientTargetPlatform' loaded TargetPlatform 'WindowsClient'
[2019.11.23-16.16.12:033][  0]LogTemp: Display: Module 'WindowsNoEditorTargetPlatform' loaded TargetPlatform 'WindowsNoEditor'
[2019.11.23-16.16.12:069][  0]LogTemp: Display: Module 'WindowsServerTargetPlatform' loaded TargetPlatform 'WindowsServer'
[2019.11.23-16.16.12:085][  0]LogTemp: Display: Module 'WindowsTargetPlatform' loaded TargetPlatform 'Windows'
[2019.11.23-16.16.12:241][  0]LogTemp: Display: Module 'AndroidTargetPlatform' loaded TargetPlatform 'Android'
[2019.11.23-16.16.12:241][  0]LogTemp: Display: Module 'AndroidTargetPlatform' loaded TargetPlatform 'Android_ASTC'
[2019.11.23-16.16.12:241][  0]LogTemp: Display: Module 'AndroidTargetPlatform' loaded TargetPlatform 'Android_ATC'
[2019.11.23-16.16.12:241][  0]LogTemp: Display: Module 'AndroidTargetPlatform' loaded TargetPlatform 'Android_DXT'
[2019.11.23-16.16.12:241][  0]LogTemp: Display: Module 'AndroidTargetPlatform' loaded TargetPlatform 'Android_ETC1'
[2019.11.23-16.16.12:241][  0]LogTemp: Display: Module 'AndroidTargetPlatform' loaded TargetPlatform 'Android_ETC1a'
[2019.11.23-16.16.12:242][  0]LogTemp: Display: Module 'AndroidTargetPlatform' loaded TargetPlatform 'Android_ETC2'
[2019.11.23-16.16.12:242][  0]LogTemp: Display: Module 'AndroidTargetPlatform' loaded TargetPlatform 'Android_PVRTC'
[2019.11.23-16.16.12:242][  0]LogTemp: Display: Module 'AndroidTargetPlatform' loaded TargetPlatform 'AndroidClient'
[2019.11.23-16.16.12:242][  0]LogTemp: Display: Module 'AndroidTargetPlatform' loaded TargetPlatform 'Android_ASTCClient'
[2019.11.23-16.16.12:242][  0]LogTemp: Display: Module 'AndroidTargetPlatform' loaded TargetPlatform 'Android_ATCClient'
[2019.11.23-16.16.12:242][  0]LogTemp: Display: Module 'AndroidTargetPlatform' loaded TargetPlatform 'Android_DXTClient'
[2019.11.23-16.16.12:242][  0]LogTemp: Display: Module 'AndroidTargetPlatform' loaded TargetPlatform 'Android_ETC1Client'
[2019.11.23-16.16.12:242][  0]LogTemp: Display: Module 'AndroidTargetPlatform' loaded TargetPlatform 'Android_ETC1aClient'
[2019.11.23-16.16.12:242][  0]LogTemp: Display: Module 'AndroidTargetPlatform' loaded TargetPlatform 'Android_ETC2Client'
[2019.11.23-16.16.12:242][  0]LogTemp: Display: Module 'AndroidTargetPlatform' loaded TargetPlatform 'Android_PVRTCClient'
[2019.11.23-16.16.12:242][  0]LogTemp: Display: Module 'AndroidTargetPlatform' loaded TargetPlatform 'Android_Multi'
[2019.11.23-16.16.12:242][  0]LogTemp: Display: Module 'AndroidTargetPlatform' loaded TargetPlatform 'Android_MultiClient'
[2019.11.23-16.16.12:245][  0]LogTemp: Display: Module 'HTML5TargetPlatform' loaded TargetPlatform 'HTML5'
[2019.11.23-16.16.12:325][  0]LogTemp: Display: Module 'IOSTargetPlatform' loaded TargetPlatform 'IOSClient'
[2019.11.23-16.16.12:325][  0]LogTemp: Display: Module 'IOSTargetPlatform' loaded TargetPlatform 'IOS'
[2019.11.23-16.16.12:380][  0]LogTemp: Display: Module 'TVOSTargetPlatform' loaded TargetPlatform 'TVOSClient'
[2019.11.23-16.16.12:380][  0]LogTemp: Display: Module 'TVOSTargetPlatform' loaded TargetPlatform 'TVOS'
[2019.11.23-16.16.12:416][  0]LogTemp: Display: Module 'LinuxClientTargetPlatform' loaded TargetPlatform 'LinuxClient'
[2019.11.23-16.16.12:442][  0]LogTemp: Display: Module 'LinuxNoEditorTargetPlatform' loaded TargetPlatform 'LinuxNoEditor'
[2019.11.23-16.16.12:470][  0]LogTemp: Display: Module 'LinuxServerTargetPlatform' loaded TargetPlatform 'LinuxServer'
[2019.11.23-16.16.12:499][  0]LogTemp: Display: Module 'LinuxTargetPlatform' loaded TargetPlatform 'Linux'
[2019.11.23-16.16.12:593][  0]LogTemp: Display: Module 'LuminTargetPlatform' loaded TargetPlatform 'Lumin'
[2019.11.23-16.16.12:593][  0]LogTemp: Display: Module 'LuminTargetPlatform' loaded TargetPlatform 'LuminClient'
[2019.11.23-16.16.12:593][  0]LogTargetPlatformManager: Display: Building Assets For Windows
[2019.11.23-16.16.12:610][  0]LogAudioDebug: Display: Lib vorbis DLL was dynamically loaded.
[2019.11.23-16.16.12:783][  0]LogShaderCompilers: Guid format shader working directory is -21 characters bigger than the processId version (../../../../../../Users/devin/OneDrive/Desktop/300/300-HW5-Station/Intermediate/Shaders/WorkingDirectory/13452/).
[2019.11.23-16.16.12:783][  0]LogShaderCompilers: Cleaned the shader compiler working directory 'C:/Users/devin/AppData/Local/Temp/UnrealShaderWorkingDir/971F3CFC42022835CA8D7480DCC18F25/'.
[2019.11.23-16.16.12:788][  0]LogXGEController: Cannot use XGE Controller as Incredibuild is not installed on this machine.
[2019.11.23-16.16.12:788][  0]LogShaderCompilers: Cannot use XGE Shader Compiler as Incredibuild is not installed on this machine.
[2019.11.23-16.16.12:788][  0]LogShaderCompilers: Display: Using Local Shader Compiler.
[2019.11.23-16.16.14:453][  0]LogDerivedDataCache: Display: Max Cache Size: 512 MB
[2019.11.23-16.16.14:576][  0]LogDerivedDataCache: Loaded boot cache 0.12s 71MB C:/Users/devin/AppData/Local/UnrealEngine/4.22/DerivedDataCache/Boot.ddc.
[2019.11.23-16.16.14:576][  0]LogDerivedDataCache: Display: Loaded Boot cache: C:/Users/devin/AppData/Local/UnrealEngine/4.22/DerivedDataCache/Boot.ddc
[2019.11.23-16.16.14:577][  0]LogDerivedDataCache: FDerivedDataBackendGraph:  Pak pak cache file ../../../../../../Users/devin/OneDrive/Desktop/300/300-HW5-Station/DerivedDataCache/DDC.ddp not found, will not use a pak cache.
[2019.11.23-16.16.14:577][  0]LogDerivedDataCache: Unable to find inner node Pak for hierarchical cache Hierarchy.
[2019.11.23-16.16.14:577][  0]LogDerivedDataCache: FDerivedDataBackendGraph:  CompressedPak pak cache file ../../../../../../Users/devin/OneDrive/Desktop/300/300-HW5-Station/DerivedDataCache/Compressed.ddp not found, will not use a pak cache.
[2019.11.23-16.16.14:577][  0]LogDerivedDataCache: Unable to find inner node CompressedPak for hierarchical cache Hierarchy.
[2019.11.23-16.16.14:597][  0]LogDerivedDataCache: Display: Pak cache opened for reading ../../../Engine/DerivedDataCache/Compressed.ddp.
[2019.11.23-16.16.14:597][  0]LogDerivedDataCache: FDerivedDataBackendGraph:  EnterprisePak pak cache file ../../../Enterprise/DerivedDataCache/Compressed.ddp not found, will not use a pak cache.
[2019.11.23-16.16.14:597][  0]LogDerivedDataCache: Unable to find inner node EnterprisePak for hierarchical cache Hierarchy.
[2019.11.23-16.16.14:610][  0]LogDerivedDataCache: Using Local data cache path C:/Users/devin/AppData/Local/UnrealEngine/Common/DerivedDataCache: Writable
[2019.11.23-16.16.14:610][  0]LogDerivedDataCache: Shared data cache path not found in *engine.ini, will not use an Shared cache.
[2019.11.23-16.16.14:610][  0]LogDerivedDataCache: Unable to find inner node Shared for hierarchical cache Hierarchy.
[2019.11.23-16.16.14:655][  0]LogMaterial: Verifying Global Shaders for PCD3D_SM5
[2019.11.23-16.16.14:657][  0]LogSlate: Using FreeType 2.6.0
[2019.11.23-16.16.14:658][  0]LogSlate: SlateFontServices - WITH_FREETYPE: 1, WITH_HARFBUZZ: 1
[2019.11.23-16.16.14:797][  0]LogAssetRegistry: FAssetRegistry took 0.0483 seconds to start up
[2019.11.23-16.16.15:710][  0]LogInit: Selected Device Profile: [Windows]
[2019.11.23-16.16.15:975][  0]LogMeshReduction: Using QuadricMeshReduction for automatic static mesh reduction
[2019.11.23-16.16.15:975][  0]LogMeshReduction: Using SimplygonMeshReduction for automatic skeletal mesh reduction
[2019.11.23-16.16.15:975][  0]LogMeshReduction: Using ProxyLODMeshReduction for automatic mesh merging
[2019.11.23-16.16.15:975][  0]LogMeshReduction: No distributed automatic mesh merging module available
[2019.11.23-16.16.15:975][  0]LogMeshMerging: No distributed automatic mesh merging module available
[2019.11.23-16.16.16:007][  0]LogNetVersion: Station 1.0.0, NetCL: 5660361, EngineNetVer: 10, GameNetVer: 0 (Checksum: 450423129)
[2019.11.23-16.16.16:872][  0]LogPackageLocalizationCache: Processed 10 localized package path(s) for 1 prioritized culture(s) in 0.063693 seconds
[2019.11.23-16.16.16:881][  0]LogUObjectArray: 42205 objects as part of root set at end of initial load.
[2019.11.23-16.16.16:881][  0]LogUObjectAllocator: 7325032 out of 0 bytes used by permanent object pool.
[2019.11.23-16.16.16:881][  0]LogUObjectArray: CloseDisregardForGC: 0/0 objects in disregard for GC pool
[2019.11.23-16.16.18:301][  0]LogTcpMessaging: Initializing TcpMessaging bridge
[2019.11.23-16.16.18:317][  0]LogUdpMessaging: Initializing bridge on interface 0.0.0.0:0 to multicast group 230.0.0.1:6666.
[2019.11.23-16.16.18:472][  0]SourceControl: Source control is disabled
[2019.11.23-16.16.18:472][  0]SourceControl: Source control is disabled
[2019.11.23-16.16.18:475][  0]SourceControl: Source control is disabled
[2019.11.23-16.16.18:477][  0]SourceControl: Source control is disabled
[2019.11.23-16.16.18:492][  0]LogVSAccessor: Display: Unable to create Visual Studio setup instance: 80040154
[2019.11.23-16.16.18:492][  0]LogVSAccessor: Display: Unable to create Visual Studio setup instance: 80040154
[2019.11.23-16.16.18:627][  0]LogAndroidPermission: UAndroidPermissionCallbackProxy::GetInstance
[2019.11.23-16.16.18:925][  0]LogOcInput: OculusInput pre-init called
[2019.11.23-16.16.19:955][  0]LogEngine: Initializing Engine...
[2019.11.23-16.16.19:956][  0]LogHMD: Failed to initialize OpenVR with code 110
[2019.11.23-16.16.19:958][  0]LogStats: UGameplayTagsManager::InitializeManager -  0.000 s
[2019.11.23-16.16.20:276][  0]LogInit: Initializing FReadOnlyCVARCache
[2019.11.23-16.16.20:299][  0]LogAIModule: Creating AISystem for world Untitled
[2019.11.23-16.16.20:480][  0]LogInit: XAudio2 using 'Headset Earphone (Corsair VOID RGB USB Gaming Headset )' : 2 channels at 44.1 kHz using 16 bits per sample (channel mask 0x3)
[2019.11.23-16.16.20:703][  0]LogInit: FAudioDevice initialized.
[2019.11.23-16.16.20:703][  0]LogNetVersion: Set ProjectVersion to 1.0.0.0. Version Checksum will be recalculated on next use.
[2019.11.23-16.16.20:843][  0]LogDerivedDataCache: Saved boot cache 0.14s 71MB C:/Users/devin/AppData/Local/UnrealEngine/4.22/DerivedDataCache/Boot.ddc.
[2019.11.23-16.16.20:853][  0]LogInit: Texture streaming: Enabled
[2019.11.23-16.16.20:904][  0]LogEngineSessionManager: EngineSessionManager initialized
[2019.11.23-16.16.20:941][  0]LogInit: Transaction tracking system initialized
[2019.11.23-16.16.20:987][  0]BlueprintLog: New page: Editor Load
[2019.11.23-16.16.21:150][  0]LocalizationService: Localization service is disabled
[2019.11.23-16.16.21:389][  0]LogVSAccessor: Display: Unable to create Visual Studio setup instance: 80040154
[2019.11.23-16.16.21:390][  0]LogVSAccessor: Display: Unable to create Visual Studio setup instance: 80040154
[2019.11.23-16.16.21:685][  0]LogFileCache: Scanning file cache for directory 'C:/Users/devin/OneDrive/Desktop/300/300-HW5-Station/Content/' took 0.02s
[2019.11.23-16.16.21:685][  0]LogCook: Display: Max memory allowance for cook 16384mb min free memory 0mb
[2019.11.23-16.16.21:685][  0]LogCook: Display: Mobile HDR setting 1
[2019.11.23-16.16.21:997][  0]SourceControl: Source control is disabled
[2019.11.23-16.16.21:997][  0]Cmd: MAP LOAD FILE="../../../Engine/Content/Maps/Templates/Template_Default.umap" TEMPLATE=1 SHOWPROGRESS=1 FEATURELEVEL=3
[2019.11.23-16.16.21:997][  0]LightingResults: New page: Lighting Build
[2019.11.23-16.16.22:002][  0]MapCheck: New page: Map Check
[2019.11.23-16.16.22:002][  0]LightingResults: New page: Lighting Build
[2019.11.23-16.16.22:086][  0]LogUObjectHash: Compacting FUObjectHashTables data took   2.85ms
[2019.11.23-16.16.22:230][  0]LogAIModule: Creating AISystem for world Untitled_1
[2019.11.23-16.16.22:237][  0]LogEditorServer: Finished looking for orphan Actors (0.000 secs)
[2019.11.23-16.16.22:331][  0]LogUObjectHash: Compacting FUObjectHashTables data took   4.59ms
[2019.11.23-16.16.22:332][  0]Cmd: MAP CHECKDEP NOCLEARLOG
[2019.11.23-16.16.22:332][  0]MapCheck: Map check complete: 0 Error(s), 0 Warning(s), took 0.211ms to complete.
[2019.11.23-16.16.22:332][  0]LogFileHelpers: Loading map 'Template_Default' took 0.335
[2019.11.23-16.16.22:474][  0]LogSlate: Updating window title bar state: overlay mode, drag disabled, window buttons hidden, title bar hidden
[2019.11.23-16.16.22:490][  0]LogSlate: Updating window title bar state: overlay mode, drag disabled, window buttons hidden, title bar hidden
[2019.11.23-16.16.22:507][  0]LogSlate: Updating window title bar state: overlay mode, drag disabled, window buttons hidden, title bar hidden
[2019.11.23-16.16.22:525][  0]LogSlate: Updating window title bar state: overlay mode, drag disabled, window buttons hidden, title bar hidden
[2019.11.23-16.16.22:539][  0]LogCollectionManager: Loaded 0 collections in 0.004009 seconds
[2019.11.23-16.16.22:572][  0]LogFileCache: Scanning file cache for directory 'C:/Users/devin/OneDrive/Desktop/300/300-HW5-Station/Saved/Collections/' took 0.01s
[2019.11.23-16.16.22:572][  0]LogFileCache: Scanning file cache for directory 'C:/Users/devin/OneDrive/Desktop/300/300-HW5-Station/Content/Developers/devin/Collections/' took 0.00s
[2019.11.23-16.16.22:572][  0]LogFileCache: Scanning file cache for directory 'C:/Users/devin/OneDrive/Desktop/300/300-HW5-Station/Content/Collections/' took 0.01s
[2019.11.23-16.16.22:572][  0]LogCollectionManager: Rebuilt the GUID cache for 0 collections in 0.000000 seconds
[2019.11.23-16.16.22:593][  0]LogContentBrowser: Native class hierarchy populated in 0.0206 seconds. Added 2732 classes and 659 folders.
[2019.11.23-16.16.22:605][  0]LogContentBrowser: Native class hierarchy updated for 'WidgetCarousel' in 0.0004 seconds. Added 0 classes and 0 folders.
[2019.11.23-16.16.22:607][  0]LogPakFile: Registered encryption key '00000000000000000000000000000000': 0 pak files mounted, 0 remain pending
[2019.11.23-16.16.22:608][  0]LogPakFile: Registered encryption key '00000000000000000000000000000000': 0 pak files mounted, 0 remain pending
[2019.11.23-16.16.22:609][  0]LogPakFile: Registered encryption key '00000000000000000000000000000000': 0 pak files mounted, 0 remain pending
[2019.11.23-16.16.22:610][  0]LogPakFile: Registered encryption key '00000000000000000000000000000000': 0 pak files mounted, 0 remain pending
[2019.11.23-16.16.22:610][  0]LogPakFile: Registered encryption key '00000000000000000000000000000000': 0 pak files mounted, 0 remain pending
[2019.11.23-16.16.22:611][  0]LogPakFile: Registered encryption key '00000000000000000000000000000000': 0 pak files mounted, 0 remain pending
[2019.11.23-16.16.22:612][  0]LogPakFile: Registered encryption key '00000000000000000000000000000000': 0 pak files mounted, 0 remain pending
[2019.11.23-16.16.22:613][  0]LogPakFile: Registered encryption key '00000000000000000000000000000000': 0 pak files mounted, 0 remain pending
[2019.11.23-16.16.22:613][  0]LogPakFile: Registered encryption key '00000000000000000000000000000000': 0 pak files mounted, 0 remain pending
[2019.11.23-16.16.22:614][  0]LogPakFile: Registered encryption key '00000000000000000000000000000000': 0 pak files mounted, 0 remain pending
[2019.11.23-16.16.22:615][  0]LogPakFile: Registered encryption key '00000000000000000000000000000000': 0 pak files mounted, 0 remain pending
[2019.11.23-16.16.22:616][  0]LogPakFile: Registered encryption key '00000000000000000000000000000000': 0 pak files mounted, 0 remain pending
[2019.11.23-16.16.22:616][  0]LogPakFile: Registered encryption key '00000000000000000000000000000000': 0 pak files mounted, 0 remain pending
[2019.11.23-16.16.22:617][  0]LogPakFile: Registered encryption key '00000000000000000000000000000000': 0 pak files mounted, 0 remain pending
[2019.11.23-16.16.22:618][  0]LogPakFile: Registered encryption key '00000000000000000000000000000000': 0 pak files mounted, 0 remain pending
[2019.11.23-16.16.22:619][  0]LogPakFile: Registered encryption key '00000000000000000000000000000000': 0 pak files mounted, 0 remain pending
[2019.11.23-16.16.22:619][  0]LogPakFile: Registered encryption key '00000000000000000000000000000000': 0 pak files mounted, 0 remain pending
[2019.11.23-16.16.22:620][  0]LogPakFile: Registered encryption key '00000000000000000000000000000000': 0 pak files mounted, 0 remain pending
[2019.11.23-16.16.22:620][  0]LogPakFile: Registered encryption key '00000000000000000000000000000000': 0 pak files mounted, 0 remain pending
[2019.11.23-16.16.22:621][  0]LogPakFile: Registered encryption key '00000000000000000000000000000000': 0 pak files mounted, 0 remain pending
[2019.11.23-16.16.22:622][  0]LogPakFile: Registered encryption key '00000000000000000000000000000000': 0 pak files mounted, 0 remain pending
[2019.11.23-16.16.22:623][  0]LogPakFile: Registered encryption key '00000000000000000000000000000000': 0 pak files mounted, 0 remain pending
[2019.11.23-16.16.22:624][  0]LogPakFile: Registered encryption key '00000000000000000000000000000000': 0 pak files mounted, 0 remain pending
[2019.11.23-16.16.22:624][  0]LogPakFile: Registered encryption key '00000000000000000000000000000000': 0 pak files mounted, 0 remain pending
[2019.11.23-16.16.22:625][  0]LogPakFile: Registered encryption key '00000000000000000000000000000000': 0 pak files mounted, 0 remain pending
[2019.11.23-16.16.22:625][  0]LogPakFile: Registered encryption key '00000000000000000000000000000000': 0 pak files mounted, 0 remain pending
[2019.11.23-16.16.22:683][  0]LogContentBrowser: Native class hierarchy updated for 'AddContentDialog' in 0.0003 seconds. Added 0 classes and 0 folders.
[2019.11.23-16.16.22:692][  0]LogContentBrowser: Native class hierarchy updated for 'SceneOutliner' in 0.0004 seconds. Added 1 classes and 2 folders.
[2019.11.23-16.16.22:777][  0]LogSlate: Took 0.000465 seconds to synchronously load lazily loaded font '../../../Engine/Content/Slate/Fonts/Roboto-Regular.ttf' (155K)
[2019.11.23-16.16.22:783][  0]LogSlate: Took 0.000226 seconds to synchronously load lazily loaded font '../../../Engine/Content/Slate/Fonts/Roboto-Bold.ttf' (160K)
[2019.11.23-16.16.22:791][  0]LogSlate: Took 0.000240 seconds to synchronously load lazily loaded font '../../../Engine/Content/Editor/Slate/Fonts/FontAwesome.ttf' (139K)
[2019.11.23-16.16.22:890][  0]LogRenderer: Reallocating scene render targets to support 1244x632 Format 10 NumSamples 1 (Frame:1).
[2019.11.23-16.16.23:160][  0]LogContentBrowser: Native class hierarchy updated for 'HierarchicalLODOutliner' in 0.0004 seconds. Added 0 classes and 0 folders.
[2019.11.23-16.16.23:160][  0]LogLoad: (Engine Initialization) Total time: 16.51 seconds
[2019.11.23-16.16.23:160][  0]LogLoad: (Engine Initialization) Total Blueprint compile time: 0.00 seconds
[2019.11.23-16.16.23:225][  0]LogContentStreaming: Texture pool size now 1000 MB
[2019.11.23-16.16.23:246][  0]LogSlate: Took 0.000231 seconds to synchronously load lazily loaded font '../../../Engine/Content/Slate/Fonts/Roboto-Light.ttf' (167K)
[2019.11.23-16.16.23:294][  1]LogAssetRegistry: Asset discovery search completed in 8.5194 seconds
[2019.11.23-16.16.23:299][  1]LogCollectionManager: Rebuilt the object cache for 0 collections in 0.000000 seconds (found 0 objects)
[2019.11.23-16.16.23:299][  1]LogCollectionManager: Fixed up redirectors for 0 collections in 0.000082 seconds (updated 0 objects)
[2019.11.23-16.20.12:597][ 46]LogSlate: FSceneViewport::OnFocusLost() reason 0
[2019.11.23-16.20.29:395][127]LogSlate: FSceneViewport::OnFocusLost() reason 2
[2019.11.23-16.20.39:454][306]Cmd: MAP LOAD FILE="../../../../../../Users/devin/OneDrive/Desktop/300/300-HW5-Station/Content/ThirdPersonBP/Maps/ThirdPersonExampleMap.umap" TEMPLATE=0 SHOWPROGRESS=1 FEATURELEVEL=3
[2019.11.23-16.20.39:458][306]LogSlate: Took 0.000205 seconds to synchronously load lazily loaded font '../../../Engine/Content/Slate/Fonts/Roboto-Light.ttf' (167K)
[2019.11.23-16.20.39:463][306]LogSlate: FSceneViewport::OnFocusLost() reason 2
[2019.11.23-16.20.39:476][306]LightingResults: New page: Lighting Build
[2019.11.23-16.20.39:477][306]LoadErrors: New page: Loading map: ThirdPersonExampleMap.umap
[2019.11.23-16.20.39:482][306]MapCheck: New page: Map Check
[2019.11.23-16.20.39:482][306]LightingResults: New page: Lighting Build
[2019.11.23-16.20.39:579][306]LogUObjectHash: Compacting FUObjectHashTables data took   2.91ms
[2019.11.23-16.20.39:731][306]LogBlueprint: Warning: [Compiler ThirdPersonCharacter] InputAction Event references unknown Action 'ResetVR' for  InputAction ResetVR
[2019.11.23-16.20.39:732][306]LogBlueprint: Warning: [Compiler ThirdPersonCharacter] Input Axis Event references unknown Axis 'LookUpRate' for  InputAxis LookUpRate
[2019.11.23-16.20.39:732][306]LogBlueprint: Warning: [Compiler ThirdPersonCharacter] Input Axis Event references unknown Axis 'TurnRate' for  InputAxis TurnRate
[2019.11.23-16.20.39:732][306]LogBlueprint: Warning: [Compiler ThirdPersonCharacter] InputAction Event references unknown Action 'Jump' for  InputAction Jump
[2019.11.23-16.20.39:732][306]LogBlueprint: Warning: [Compiler ThirdPersonCharacter] Input Axis Event references unknown Axis 'LookUp' for  InputAxis LookUp
[2019.11.23-16.20.39:732][306]LogBlueprint: Warning: [Compiler ThirdPersonCharacter] Input Axis Event references unknown Axis 'Turn' for  InputAxis Turn
[2019.11.23-16.20.39:733][306]LogBlueprint: Warning: [Compiler ThirdPersonCharacter] Input Axis Event references unknown Axis 'MoveRight' for  InputAxis MoveRight
[2019.11.23-16.20.39:733][306]LogBlueprint: Warning: [Compiler ThirdPersonCharacter] Input Axis Event references unknown Axis 'MoveForward' for  InputAxis MoveForward
[2019.11.23-16.20.39:740][306]LogBlueprint: Warning: [Compiler ThirdPersonCharacter] [0273.09] Compile of ThirdPersonCharacter successful, but with 8 Warning(s) [in 14 ms] (/Game/ThirdPersonBP/Blueprints/ThirdPersonCharacter.ThirdPersonCharacter)
[2019.11.23-16.20.40:122][306]LogAIModule: Creating AISystem for world ThirdPersonExampleMap
[2019.11.23-16.20.40:307][306]LogEditorServer: Finished looking for orphan Actors (0.000 secs)
[2019.11.23-16.20.40:402][306]LogUObjectHash: Compacting FUObjectHashTables data took   3.68ms
[2019.11.23-16.20.40:433][306]Cmd: MAP CHECKDEP NOCLEARLOG
[2019.11.23-16.20.40:433][306]MapCheck: Map check complete: 0 Error(s), 0 Warning(s), took 0.214ms to complete.
[2019.11.23-16.20.40:433][306]LogFileHelpers: Loading map 'ThirdPersonExampleMap' took 0.981
[2019.11.23-16.21.06:953][187]LogEditorViewport: Clicking on Actor (LMB): PlayerStart (NetworkPlayerStart)
[2019.11.23-16.21.11:074][643]Cmd: DELETE
[2019.11.23-16.21.11:074][643]Cmd: ACTOR DELETE
[2019.11.23-16.21.11:113][643]LogEditorActor: Deleted Actor: PlayerStart
[2019.11.23-16.21.11:188][643]LogUObjectHash: Compacting FUObjectHashTables data took   1.75ms
[2019.11.23-16.21.11:189][643]LogEditorActor: Deleted 1 Actors (0.113 secs)
[2019.11.23-16.21.12:329][756]LogSlate: FSceneViewport::OnFocusLost() reason 0
[2019.11.23-16.21.12:412][766]LogTemp: Repeating last play command: Selected Viewport
[2019.11.23-16.21.12:426][766]LogBlueprintUserMessages: Early PlayInEditor Detection: Level '/Game/ThirdPersonBP/Maps/ThirdPersonExampleMap.ThirdPersonExampleMap:PersistentLevel' has LevelScriptBlueprint '/Game/ThirdPersonBP/Maps/ThirdPersonExampleMap.ThirdPersonExampleMap:PersistentLevel.ThirdPersonExampleMap' with GeneratedClass '/Game/ThirdPersonBP/Maps/ThirdPersonExampleMap.ThirdPersonExampleMap_C' with ClassGeneratedBy '/Game/ThirdPersonBP/Maps/ThirdPersonExampleMap.ThirdPersonExampleMap:PersistentLevel.ThirdPersonExampleMap'
[2019.11.23-16.21.12:426][766]LogPlayLevel: PlayLevel: No blueprints needed recompiling
[2019.11.23-16.21.12:436][766]PIE: New page: PIE session: ThirdPersonExampleMap (Nov 23, 2019, 6:21:12 AM)
[2019.11.23-16.21.12:449][766]LogPlayLevel: Creating play world package: /Game/ThirdPersonBP/Maps/UEDPIE_0_ThirdPersonExampleMap
[2019.11.23-16.21.12:555][766]LogPlayLevel: PIE: StaticDuplicateObject took: (0.105078s)
[2019.11.23-16.21.12:555][766]LogAIModule: Creating AISystem for world ThirdPersonExampleMap
[2019.11.23-16.21.12:555][766]LogPlayLevel: PIE: World Init took: (0.000715s)
[2019.11.23-16.21.12:556][766]LogPlayLevel: PIE: Created PIE world by copying editor world from /Game/ThirdPersonBP/Maps/ThirdPersonExampleMap.ThirdPersonExampleMap to /Game/ThirdPersonBP/Maps/UEDPIE_0_ThirdPersonExampleMap.ThirdPersonExampleMap (0.106567s)
[2019.11.23-16.21.12:662][766]LogUObjectHash: Compacting FUObjectHashTables data took   1.84ms
[2019.11.23-16.21.12:728][766]LogInit: XAudio2 using 'Headset Earphone (Corsair VOID RGB USB Gaming Headset )' : 2 channels at 44.1 kHz using 16 bits per sample (channel mask 0x3)
[2019.11.23-16.21.12:746][766]LogInit: FAudioDevice initialized.
[2019.11.23-16.21.12:788][766]LogLoad: Game class is 'GameModeBase'
[2019.11.23-16.21.12:801][766]LogWorld: Bringing World /Game/ThirdPersonBP/Maps/UEDPIE_0_ThirdPersonExampleMap.ThirdPersonExampleMap up for play (max tick rate 0) at 2019.11.23-11.21.12
[2019.11.23-16.21.12:803][766]LogWorld: Bringing up level for play took: 0.013947
[2019.11.23-16.21.12:829][766]LogContentBrowser: Native class hierarchy updated for 'MovieSceneCapture' in 0.0006 seconds. Added 20 classes and 0 folders.
[2019.11.23-16.21.12:830][766]PIE: Play in editor start time for /Game/ThirdPersonBP/Maps/UEDPIE_0_ThirdPersonExampleMap 0.65
[2019.11.23-16.21.12:831][766]LogBlueprintUserMessages: Late PlayInEditor Detection: Level '/Game/ThirdPersonBP/Maps/ThirdPersonExampleMap.ThirdPersonExampleMap:PersistentLevel' has LevelScriptBlueprint '/Game/ThirdPersonBP/Maps/ThirdPersonExampleMap.ThirdPersonExampleMap:PersistentLevel.ThirdPersonExampleMap' with GeneratedClass '/Game/ThirdPersonBP/Maps/ThirdPersonExampleMap.ThirdPersonExampleMap_C' with ClassGeneratedBy '/Game/ThirdPersonBP/Maps/ThirdPersonExampleMap.ThirdPersonExampleMap:PersistentLevel.ThirdPersonExampleMap'
[2019.11.23-16.21.19:303][454]LogBlueprintUserMessages: Early EndPlayMap Detection: Level '/Game/ThirdPersonBP/Maps/ThirdPersonExampleMap.ThirdPersonExampleMap:PersistentLevel' has LevelScriptBlueprint '/Game/ThirdPersonBP/Maps/ThirdPersonExampleMap.ThirdPersonExampleMap:PersistentLevel.ThirdPersonExampleMap' with GeneratedClass '/Game/ThirdPersonBP/Maps/ThirdPersonExampleMap.ThirdPersonExampleMap_C' with ClassGeneratedBy '/Game/ThirdPersonBP/Maps/ThirdPersonExampleMap.ThirdPersonExampleMap:PersistentLevel.ThirdPersonExampleMap'
[2019.11.23-16.21.19:304][454]LogSlate: Updating window title bar state: overlay mode, drag disabled, window buttons hidden, title bar hidden
[2019.11.23-16.21.19:345][454]LogPlayLevel: Display: Shutting down PIE online subsystems
[2019.11.23-16.21.19:346][454]LogBlueprintUserMessages: Late EndPlayMap Detection: Level '/Game/ThirdPersonBP/Maps/ThirdPersonExampleMap.ThirdPersonExampleMap:PersistentLevel' has LevelScriptBlueprint '/Game/ThirdPersonBP/Maps/ThirdPersonExampleMap.ThirdPersonExampleMap:PersistentLevel.ThirdPersonExampleMap' with GeneratedClass '/Game/ThirdPersonBP/Maps/ThirdPersonExampleMap.ThirdPersonExampleMap_C' with ClassGeneratedBy '/Game/ThirdPersonBP/Maps/ThirdPersonExampleMap.ThirdPersonExampleMap:PersistentLevel.ThirdPersonExampleMap'
[2019.11.23-16.21.19:466][454]LogSlate: Updating window title bar state: overlay mode, drag disabled, window buttons hidden, title bar hidden
[2019.11.23-16.21.19:473][454]LogUObjectHash: Compacting FUObjectHashTables data took   2.49ms
[2019.11.23-16.21.19:513][455]LogPlayLevel: Display: Destroying online subsystem :Context_1
[2019.11.23-16.21.20:619][554]Cmd: TRANSACTION UNDO
[2019.11.23-16.21.20:619][554]LogEditorTransaction: Undo Delete Actors
[2019.11.23-16.21.24:817][906]LogSlate: FSceneViewport::OnFocusLost() reason 0
[2019.11.23-16.21.24:889][913]LogTemp: Repeating last play command: Selected Viewport
[2019.11.23-16.21.24:908][913]LogBlueprintUserMessages: Early PlayInEditor Detection: Level '/Game/ThirdPersonBP/Maps/ThirdPersonExampleMap.ThirdPersonExampleMap:PersistentLevel' has LevelScriptBlueprint '/Game/ThirdPersonBP/Maps/ThirdPersonExampleMap.ThirdPersonExampleMap:PersistentLevel.ThirdPersonExampleMap' with GeneratedClass '/Game/ThirdPersonBP/Maps/ThirdPersonExampleMap.ThirdPersonExampleMap_C' with ClassGeneratedBy '/Game/ThirdPersonBP/Maps/ThirdPersonExampleMap.ThirdPersonExampleMap:PersistentLevel.ThirdPersonExampleMap'
[2019.11.23-16.21.24:908][913]LogPlayLevel: PlayLevel: No blueprints needed recompiling
[2019.11.23-16.21.24:908][913]PIE: New page: PIE session: ThirdPersonExampleMap (Nov 23, 2019, 6:21:24 AM)
[2019.11.23-16.21.24:908][913]LogPlayLevel: Creating play world package: /Game/ThirdPersonBP/Maps/UEDPIE_0_ThirdPersonExampleMap
[2019.11.23-16.21.25:066][913]LogPlayLevel: PIE: StaticDuplicateObject took: (0.157701s)
[2019.11.23-16.21.25:066][913]LogAIModule: Creating AISystem for world ThirdPersonExampleMap
[2019.11.23-16.21.25:067][913]LogPlayLevel: PIE: World Init took: (0.000898s)
[2019.11.23-16.21.25:067][913]LogPlayLevel: PIE: Created PIE world by copying editor world from /Game/ThirdPersonBP/Maps/ThirdPersonExampleMap.ThirdPersonExampleMap to /Game/ThirdPersonBP/Maps/UEDPIE_0_ThirdPersonExampleMap.ThirdPersonExampleMap (0.158827s)
[2019.11.23-16.21.25:158][913]LogUObjectHash: Compacting FUObjectHashTables data took   2.57ms
[2019.11.23-16.21.25:274][913]LogInit: XAudio2 using 'Headset Earphone (Corsair VOID RGB USB Gaming Headset )' : 2 channels at 44.1 kHz using 16 bits per sample (channel mask 0x3)
[2019.11.23-16.21.25:300][913]LogInit: FAudioDevice initialized.
[2019.11.23-16.21.25:332][913]LogLoad: Game class is 'GameModeBase'
[2019.11.23-16.21.25:346][913]LogWorld: Bringing World /Game/ThirdPersonBP/Maps/UEDPIE_0_ThirdPersonExampleMap.ThirdPersonExampleMap up for play (max tick rate 0) at 2019.11.23-11.21.25
[2019.11.23-16.21.25:347][913]LogWorld: Bringing up level for play took: 0.014883
[2019.11.23-16.21.25:362][913]PIE: Play in editor start time for /Game/ThirdPersonBP/Maps/UEDPIE_0_ThirdPersonExampleMap 1.181
[2019.11.23-16.21.25:362][913]LogBlueprintUserMessages: Late PlayInEditor Detection: Level '/Game/ThirdPersonBP/Maps/ThirdPersonExampleMap.ThirdPersonExampleMap:PersistentLevel' has LevelScriptBlueprint '/Game/ThirdPersonBP/Maps/ThirdPersonExampleMap.ThirdPersonExampleMap:PersistentLevel.ThirdPersonExampleMap' with GeneratedClass '/Game/ThirdPersonBP/Maps/ThirdPersonExampleMap.ThirdPersonExampleMap_C' with ClassGeneratedBy '/Game/ThirdPersonBP/Maps/ThirdPersonExampleMap.ThirdPersonExampleMap:PersistentLevel.ThirdPersonExampleMap'
[2019.11.23-16.21.33:423][699]LogBlueprintUserMessages: Early EndPlayMap Detection: Level '/Game/ThirdPersonBP/Maps/ThirdPersonExampleMap.ThirdPersonExampleMap:PersistentLevel' has LevelScriptBlueprint '/Game/ThirdPersonBP/Maps/ThirdPersonExampleMap.ThirdPersonExampleMap:PersistentLevel.ThirdPersonExampleMap' with GeneratedClass '/Game/ThirdPersonBP/Maps/ThirdPersonExampleMap.ThirdPersonExampleMap_C' with ClassGeneratedBy '/Game/ThirdPersonBP/Maps/ThirdPersonExampleMap.ThirdPersonExampleMap:PersistentLevel.ThirdPersonExampleMap'
[2019.11.23-16.21.33:424][699]LogSlate: Updating window title bar state: overlay mode, drag disabled, window buttons hidden, title bar hidden
[2019.11.23-16.21.33:461][699]LogPlayLevel: Display: Shutting down PIE online subsystems
[2019.11.23-16.21.33:461][699]LogBlueprintUserMessages: Late EndPlayMap Detection: Level '/Game/ThirdPersonBP/Maps/ThirdPersonExampleMap.ThirdPersonExampleMap:PersistentLevel' has LevelScriptBlueprint '/Game/ThirdPersonBP/Maps/ThirdPersonExampleMap.ThirdPersonExampleMap:PersistentLevel.ThirdPersonExampleMap' with GeneratedClass '/Game/ThirdPersonBP/Maps/ThirdPersonExampleMap.ThirdPersonExampleMap_C' with ClassGeneratedBy '/Game/ThirdPersonBP/Maps/ThirdPersonExampleMap.ThirdPersonExampleMap:PersistentLevel.ThirdPersonExampleMap'
[2019.11.23-16.21.33:561][699]LogSlate: Updating window title bar state: overlay mode, drag disabled, window buttons hidden, title bar hidden
[2019.11.23-16.21.33:569][699]LogUObjectHash: Compacting FUObjectHashTables data took   2.02ms
[2019.11.23-16.21.33:613][700]LogPlayLevel: Display: Destroying online subsystem :Context_2
[2019.11.23-16.21.36:376][955]LogEditorViewport: Clicking on Actor (LMB): PlayerStart (NetworkPlayerStart)
[2019.11.23-16.21.38:487][149]LogNavigationPoint: PostEditMove Clear paths rebuilt
[2019.11.23-16.21.40:177][289]LogEditorViewport: Clicking on Actor (LMB): ThirdPersonCharacter_C (ThirdPersonCharacter)
[2019.11.23-16.21.43:400][485]Cmd: CAMERA ALIGN ACTIVEVIEWPORTONLY
[2019.11.23-16.21.49:110][948]LogSlate: FSceneViewport::OnFocusLost() reason 0
[2019.11.23-16.21.49:195][955]LogTemp: Repeating last play command: Selected Viewport
[2019.11.23-16.21.49:212][955]LogBlueprintUserMessages: Early PlayInEditor Detection: Level '/Game/ThirdPersonBP/Maps/ThirdPersonExampleMap.ThirdPersonExampleMap:PersistentLevel' has LevelScriptBlueprint '/Game/ThirdPersonBP/Maps/ThirdPersonExampleMap.ThirdPersonExampleMap:PersistentLevel.ThirdPersonExampleMap' with GeneratedClass '/Game/ThirdPersonBP/Maps/ThirdPersonExampleMap.ThirdPersonExampleMap_C' with ClassGeneratedBy '/Game/ThirdPersonBP/Maps/ThirdPersonExampleMap.ThirdPersonExampleMap:PersistentLevel.ThirdPersonExampleMap'
[2019.11.23-16.21.49:212][955]LogPlayLevel: PlayLevel: No blueprints needed recompiling
[2019.11.23-16.21.49:212][955]PIE: New page: PIE session: ThirdPersonExampleMap (Nov 23, 2019, 6:21:49 AM)
[2019.11.23-16.21.49:212][955]LogPlayLevel: Creating play world package: /Game/ThirdPersonBP/Maps/UEDPIE_0_ThirdPersonExampleMap
[2019.11.23-16.21.49:330][955]LogPlayLevel: PIE: StaticDuplicateObject took: (0.118183s)
[2019.11.23-16.21.49:331][955]LogAIModule: Creating AISystem for world ThirdPersonExampleMap
[2019.11.23-16.21.49:331][955]LogPlayLevel: PIE: World Init took: (0.000853s)
[2019.11.23-16.21.49:331][955]LogPlayLevel: PIE: Created PIE world by copying editor world from /Game/ThirdPersonBP/Maps/ThirdPersonExampleMap.ThirdPersonExampleMap to /Game/ThirdPersonBP/Maps/UEDPIE_0_ThirdPersonExampleMap.ThirdPersonExampleMap (0.119264s)
[2019.11.23-16.21.49:426][955]LogUObjectHash: Compacting FUObjectHashTables data took   2.70ms
[2019.11.23-16.21.49:533][955]LogInit: XAudio2 using 'Headset Earphone (Corsair VOID RGB USB Gaming Headset )' : 2 channels at 44.1 kHz using 16 bits per sample (channel mask 0x3)
[2019.11.23-16.21.49:557][955]LogInit: FAudioDevice initialized.
[2019.11.23-16.21.49:591][955]LogLoad: Game class is 'GameModeBase'
[2019.11.23-16.21.49:604][955]LogWorld: Bringing World /Game/ThirdPersonBP/Maps/UEDPIE_0_ThirdPersonExampleMap.ThirdPersonExampleMap up for play (max tick rate 0) at 2019.11.23-11.21.49
[2019.11.23-16.21.49:605][955]LogWorld: Bringing up level for play took: 0.013015
[2019.11.23-16.21.49:618][955]PIE: Play in editor start time for /Game/ThirdPersonBP/Maps/UEDPIE_0_ThirdPersonExampleMap -0.562
[2019.11.23-16.21.49:619][955]LogBlueprintUserMessages: Late PlayInEditor Detection: Level '/Game/ThirdPersonBP/Maps/ThirdPersonExampleMap.ThirdPersonExampleMap:PersistentLevel' has LevelScriptBlueprint '/Game/ThirdPersonBP/Maps/ThirdPersonExampleMap.ThirdPersonExampleMap:PersistentLevel.ThirdPersonExampleMap' with GeneratedClass '/Game/ThirdPersonBP/Maps/ThirdPersonExampleMap.ThirdPersonExampleMap_C' with ClassGeneratedBy '/Game/ThirdPersonBP/Maps/ThirdPersonExampleMap.ThirdPersonExampleMap:PersistentLevel.ThirdPersonExampleMap'
[2019.11.23-16.21.59:260][867]LogBlueprintUserMessages: Early EndPlayMap Detection: Level '/Game/ThirdPersonBP/Maps/ThirdPersonExampleMap.ThirdPersonExampleMap:PersistentLevel' has LevelScriptBlueprint '/Game/ThirdPersonBP/Maps/ThirdPersonExampleMap.ThirdPersonExampleMap:PersistentLevel.ThirdPersonExampleMap' with GeneratedClass '/Game/ThirdPersonBP/Maps/ThirdPersonExampleMap.ThirdPersonExampleMap_C' with ClassGeneratedBy '/Game/ThirdPersonBP/Maps/ThirdPersonExampleMap.ThirdPersonExampleMap:PersistentLevel.ThirdPersonExampleMap'
[2019.11.23-16.21.59:260][867]LogSlate: Updating window title bar state: overlay mode, drag disabled, window buttons hidden, title bar hidden
[2019.11.23-16.21.59:298][867]LogPlayLevel: Display: Shutting down PIE online subsystems
[2019.11.23-16.21.59:298][867]LogBlueprintUserMessages: Late EndPlayMap Detection: Level '/Game/ThirdPersonBP/Maps/ThirdPersonExampleMap.ThirdPersonExampleMap:PersistentLevel' has LevelScriptBlueprint '/Game/ThirdPersonBP/Maps/ThirdPersonExampleMap.ThirdPersonExampleMap:PersistentLevel.ThirdPersonExampleMap' with GeneratedClass '/Game/ThirdPersonBP/Maps/ThirdPersonExampleMap.ThirdPersonExampleMap_C' with ClassGeneratedBy '/Game/ThirdPersonBP/Maps/ThirdPersonExampleMap.ThirdPersonExampleMap:PersistentLevel.ThirdPersonExampleMap'
[2019.11.23-16.21.59:393][867]LogSlate: Updating window title bar state: overlay mode, drag disabled, window buttons hidden, title bar hidden
[2019.11.23-16.21.59:402][867]LogUObjectHash: Compacting FUObjectHashTables data took   2.45ms
[2019.11.23-16.21.59:440][868]LogPlayLevel: Display: Destroying online subsystem :Context_3
[2019.11.23-16.22.00:358][966]LogEditorViewport: Clicking on Actor (LMB): ThirdPersonCharacter_C (ThirdPersonCharacter)
[2019.11.23-16.22.00:475][967]LogEditorViewport: Clicking on Component (LMB): SkeletalMeshComponent (CharacterMesh0)
[2019.11.23-16.22.01:945][ 74]LogSlate: FSceneViewport::OnFocusLost() reason 0
[2019.11.23-16.22.08:460][562]LogAssetEditorManager: Opening Asset editor for Blueprint /Game/ThirdPersonBP/ThirdPersonOverview.ThirdPersonOverview
[2019.11.23-16.22.09:119][562]LogContentBrowser: Native class hierarchy updated for 'BlueprintGraph' in 0.0013 seconds. Added 121 classes and 0 folders.
[2019.11.23-16.22.14:269][793]LogSlate: Window 'ThirdPersonOverview' being destroyed
[2019.11.23-16.22.14:275][793]LogSlate: Window 'ThirdPersonOverview' being destroyed
[2019.11.23-16.22.15:351][855]LogSlate: FSceneViewport::OnFocusLost() reason 0
[2019.11.23-16.22.16:683][935]LogAssetEditorManager: Opening Asset editor for Blueprint /Game/ThirdPersonBP/Blueprints/ThirdPersonCharacter.ThirdPersonCharacter
[2019.11.23-16.22.17:245][935]LogSlate: Took 0.001255 seconds to synchronously load lazily loaded font '../../../Engine/Content/Slate/Fonts/Roboto-BoldCondensed.ttf' (158K)
[2019.11.23-16.22.17:411][936]LogSlate: Took 0.001418 seconds to synchronously load lazily loaded font '../../../Engine/Content/Slate/Fonts/Roboto-Italic.ttf' (157K)
[2019.11.23-16.22.20:969][ 94]LogTemp: Repeating last play command: Selected Viewport
[2019.11.23-16.22.20:985][ 94]LogBlueprintUserMessages: Early PlayInEditor Detection: Level '/Game/ThirdPersonBP/Maps/ThirdPersonExampleMap.ThirdPersonExampleMap:PersistentLevel' has LevelScriptBlueprint '/Game/ThirdPersonBP/Maps/ThirdPersonExampleMap.ThirdPersonExampleMap:PersistentLevel.ThirdPersonExampleMap' with GeneratedClass '/Game/ThirdPersonBP/Maps/ThirdPersonExampleMap.ThirdPersonExampleMap_C' with ClassGeneratedBy '/Game/ThirdPersonBP/Maps/ThirdPersonExampleMap.ThirdPersonExampleMap:PersistentLevel.ThirdPersonExampleMap'
[2019.11.23-16.22.20:985][ 94]LogPlayLevel: PlayLevel: No blueprints needed recompiling
[2019.11.23-16.22.20:985][ 94]PIE: New page: PIE session: ThirdPersonExampleMap (Nov 23, 2019, 6:22:20 AM)
[2019.11.23-16.22.20:985][ 94]LogPlayLevel: Creating play world package: /Game/ThirdPersonBP/Maps/UEDPIE_0_ThirdPersonExampleMap
[2019.11.23-16.22.21:121][ 94]LogPlayLevel: PIE: StaticDuplicateObject took: (0.135622s)
[2019.11.23-16.22.21:122][ 94]LogAIModule: Creating AISystem for world ThirdPersonExampleMap
[2019.11.23-16.22.21:122][ 94]LogPlayLevel: PIE: World Init took: (0.000797s)
[2019.11.23-16.22.21:122][ 94]LogPlayLevel: PIE: Created PIE world by copying editor world from /Game/ThirdPersonBP/Maps/ThirdPersonExampleMap.ThirdPersonExampleMap to /Game/ThirdPersonBP/Maps/UEDPIE_0_ThirdPersonExampleMap.ThirdPersonExampleMap (0.136645s)
[2019.11.23-16.22.21:223][ 94]LogUObjectHash: Compacting FUObjectHashTables data took   6.99ms
[2019.11.23-16.22.21:328][ 94]LogInit: XAudio2 using 'Headset Earphone (Corsair VOID RGB USB Gaming Headset )' : 2 channels at 44.1 kHz using 16 bits per sample (channel mask 0x3)
[2019.11.23-16.22.21:388][ 94]LogInit: FAudioDevice initialized.
[2019.11.23-16.22.21:427][ 94]LogLoad: Game class is 'GameModeBase'
[2019.11.23-16.22.21:442][ 94]LogWorld: Bringing World /Game/ThirdPersonBP/Maps/UEDPIE_0_ThirdPersonExampleMap.ThirdPersonExampleMap up for play (max tick rate 0) at 2019.11.23-11.22.21
[2019.11.23-16.22.21:443][ 94]LogWorld: Bringing up level for play took: 0.014061
[2019.11.23-16.22.21:457][ 94]PIE: Play in editor start time for /Game/ThirdPersonBP/Maps/UEDPIE_0_ThirdPersonExampleMap 1.276
[2019.11.23-16.22.21:458][ 94]LogBlueprintUserMessages: Late PlayInEditor Detection: Level '/Game/ThirdPersonBP/Maps/ThirdPersonExampleMap.ThirdPersonExampleMap:PersistentLevel' has LevelScriptBlueprint '/Game/ThirdPersonBP/Maps/ThirdPersonExampleMap.ThirdPersonExampleMap:PersistentLevel.ThirdPersonExampleMap' with GeneratedClass '/Game/ThirdPersonBP/Maps/ThirdPersonExampleMap.ThirdPersonExampleMap_C' with ClassGeneratedBy '/Game/ThirdPersonBP/Maps/ThirdPersonExampleMap.ThirdPersonExampleMap:PersistentLevel.ThirdPersonExampleMap'
[2019.11.23-16.22.33:667][520]LogBlueprintUserMessages: Early EndPlayMap Detection: Level '/Game/ThirdPersonBP/Maps/ThirdPersonExampleMap.ThirdPersonExampleMap:PersistentLevel' has LevelScriptBlueprint '/Game/ThirdPersonBP/Maps/ThirdPersonExampleMap.ThirdPersonExampleMap:PersistentLevel.ThirdPersonExampleMap' with GeneratedClass '/Game/ThirdPersonBP/Maps/ThirdPersonExampleMap.ThirdPersonExampleMap_C' with ClassGeneratedBy '/Game/ThirdPersonBP/Maps/ThirdPersonExampleMap.ThirdPersonExampleMap:PersistentLevel.ThirdPersonExampleMap'
[2019.11.23-16.22.33:668][520]LogSlate: Updating window title bar state: overlay mode, drag disabled, window buttons hidden, title bar hidden
[2019.11.23-16.22.33:717][520]LogPlayLevel: Display: Shutting down PIE online subsystems
[2019.11.23-16.22.33:717][520]LogBlueprintUserMessages: Late EndPlayMap Detection: Level '/Game/ThirdPersonBP/Maps/ThirdPersonExampleMap.ThirdPersonExampleMap:PersistentLevel' has LevelScriptBlueprint '/Game/ThirdPersonBP/Maps/ThirdPersonExampleMap.ThirdPersonExampleMap:PersistentLevel.ThirdPersonExampleMap' with GeneratedClass '/Game/ThirdPersonBP/Maps/ThirdPersonExampleMap.ThirdPersonExampleMap_C' with ClassGeneratedBy '/Game/ThirdPersonBP/Maps/ThirdPersonExampleMap.ThirdPersonExampleMap:PersistentLevel.ThirdPersonExampleMap'
[2019.11.23-16.22.33:822][520]LogSlate: Updating window title bar state: overlay mode, drag disabled, window buttons hidden, title bar hidden
[2019.11.23-16.22.33:833][520]LogUObjectHash: Compacting FUObjectHashTables data took   4.20ms
[2019.11.23-16.22.34:059][521]LogPlayLevel: Display: Destroying online subsystem :Context_7
[2019.11.23-16.22.35:190][560]LogSlate: FSceneViewport::OnFocusLost() reason 0
[2019.11.23-16.22.35:382][567]LogAssetEditorManager: Opening Asset editor for Blueprint /Game/ThirdPersonBP/Blueprints/ThirdPersonGameMode.ThirdPersonGameMode
[2019.11.23-16.22.50:574][574]LogSlate: FSceneViewport::OnFocusLost() reason 2
[2019.11.23-16.22.55:077][895]LogSlate: Window 'ThirdPersonGameMode' being destroyed
[2019.11.23-16.22.55:083][895]LogSlate: Window 'ThirdPersonGameMode' being destroyed
[2019.11.23-16.22.55:182][895]LogActorComponent: UnregisterComponent: (/Engine/Transient.EditorFloorComp) Not registered. Aborting.
[2019.11.23-16.22.56:734][ 42]LogEditorViewport: Clicking on Actor (LMB): ThirdPersonCharacter_C (ThirdPersonCharacter)
[2019.11.23-16.23.00:742][309]LogSlate: FSceneViewport::OnFocusLost() reason 0
[2019.11.23-16.23.00:953][315]LogUObjectHash: Compacting FUObjectHashTables data took   6.46ms
[2019.11.23-16.23.03:775][315]LogSlate: Window 'Save Content' being destroyed
[2019.11.23-16.23.03:780][315]LogPlayLevel: Warning: PIE failed because map save was canceled
[2019.11.23-16.23.03:780][315]PIE: Warning: PIE failed because map save was canceled
[2019.11.23-16.23.03:783][315]LogSlate: FSceneViewport::OnFocusLost() reason 2
[2019.11.23-16.23.06:314][509]LogSlate: Window 'Message Log' being destroyed
[2019.11.23-16.23.06:333][509]LogSlate: Window 'Message Log' being destroyed
[2019.11.23-16.23.08:466][664]LogSlate: FSceneViewport::OnFocusLost() reason 0
[2019.11.23-16.23.08:549][670]LogTemp: Repeating last play command: Selected Viewport
[2019.11.23-16.23.08:573][670]LogBlueprintUserMessages: Early PlayInEditor Detection: Level '/Game/ThirdPersonBP/Maps/ThirdPersonExampleMap.ThirdPersonExampleMap:PersistentLevel' has LevelScriptBlueprint '/Game/ThirdPersonBP/Maps/ThirdPersonExampleMap.ThirdPersonExampleMap:PersistentLevel.ThirdPersonExampleMap' with GeneratedClass '/Game/ThirdPersonBP/Maps/ThirdPersonExampleMap.ThirdPersonExampleMap_C' with ClassGeneratedBy '/Game/ThirdPersonBP/Maps/ThirdPersonExampleMap.ThirdPersonExampleMap:PersistentLevel.ThirdPersonExampleMap'
[2019.11.23-16.23.08:573][670]LogPlayLevel: PlayLevel: No blueprints needed recompiling
[2019.11.23-16.23.08:573][670]PIE: New page: PIE session: ThirdPersonExampleMap (Nov 23, 2019, 6:23:08 AM)
[2019.11.23-16.23.08:573][670]LogPlayLevel: Creating play world package: /Game/ThirdPersonBP/Maps/UEDPIE_0_ThirdPersonExampleMap
[2019.11.23-16.23.08:711][670]LogPlayLevel: PIE: StaticDuplicateObject took: (0.138106s)
[2019.11.23-16.23.08:712][670]LogAIModule: Creating AISystem for world ThirdPersonExampleMap
[2019.11.23-16.23.08:713][670]LogPlayLevel: PIE: World Init took: (0.000948s)
[2019.11.23-16.23.08:713][670]LogPlayLevel: PIE: Created PIE world by copying editor world from /Game/ThirdPersonBP/Maps/ThirdPersonExampleMap.ThirdPersonExampleMap to /Game/ThirdPersonBP/Maps/UEDPIE_0_ThirdPersonExampleMap.ThirdPersonExampleMap (0.139334s)
[2019.11.23-16.23.08:801][670]LogUObjectHash: Compacting FUObjectHashTables data took   3.77ms
[2019.11.23-16.23.08:872][670]LogInit: XAudio2 using 'Headset Earphone (Corsair VOID RGB USB Gaming Headset )' : 2 channels at 44.1 kHz using 16 bits per sample (channel mask 0x3)
[2019.11.23-16.23.08:892][670]LogInit: FAudioDevice initialized.
[2019.11.23-16.23.08:926][670]LogLoad: Game class is 'GameModeBase'
[2019.11.23-16.23.08:941][670]LogWorld: Bringing World /Game/ThirdPersonBP/Maps/UEDPIE_0_ThirdPersonExampleMap.ThirdPersonExampleMap up for play (max tick rate 0) at 2019.11.23-11.23.08
[2019.11.23-16.23.08:942][670]LogWorld: Bringing up level for play took: 0.014494
[2019.11.23-16.23.08:955][670]PIE: Play in editor start time for /Game/ThirdPersonBP/Maps/UEDPIE_0_ThirdPersonExampleMap 0.774
[2019.11.23-16.23.08:956][670]LogBlueprintUserMessages: Late PlayInEditor Detection: Level '/Game/ThirdPersonBP/Maps/ThirdPersonExampleMap.ThirdPersonExampleMap:PersistentLevel' has LevelScriptBlueprint '/Game/ThirdPersonBP/Maps/ThirdPersonExampleMap.ThirdPersonExampleMap:PersistentLevel.ThirdPersonExampleMap' with GeneratedClass '/Game/ThirdPersonBP/Maps/ThirdPersonExampleMap.ThirdPersonExampleMap_C' with ClassGeneratedBy '/Game/ThirdPersonBP/Maps/ThirdPersonExampleMap.ThirdPersonExampleMap:PersistentLevel.ThirdPersonExampleMap'
[2019.11.23-16.23.13:658][118]LogBlueprintUserMessages: Early EndPlayMap Detection: Level '/Game/ThirdPersonBP/Maps/ThirdPersonExampleMap.ThirdPersonExampleMap:PersistentLevel' has LevelScriptBlueprint '/Game/ThirdPersonBP/Maps/ThirdPersonExampleMap.ThirdPersonExampleMap:PersistentLevel.ThirdPersonExampleMap' with GeneratedClass '/Game/ThirdPersonBP/Maps/ThirdPersonExampleMap.ThirdPersonExampleMap_C' with ClassGeneratedBy '/Game/ThirdPersonBP/Maps/ThirdPersonExampleMap.ThirdPersonExampleMap:PersistentLevel.ThirdPersonExampleMap'
[2019.11.23-16.23.13:658][118]LogSlate: Updating window title bar state: overlay mode, drag disabled, window buttons hidden, title bar hidden
[2019.11.23-16.23.13:693][118]LogPlayLevel: Display: Shutting down PIE online subsystems
[2019.11.23-16.23.13:693][118]LogBlueprintUserMessages: Late EndPlayMap Detection: Level '/Game/ThirdPersonBP/Maps/ThirdPersonExampleMap.ThirdPersonExampleMap:PersistentLevel' has LevelScriptBlueprint '/Game/ThirdPersonBP/Maps/ThirdPersonExampleMap.ThirdPersonExampleMap:PersistentLevel.ThirdPersonExampleMap' with GeneratedClass '/Game/ThirdPersonBP/Maps/ThirdPersonExampleMap.ThirdPersonExampleMap_C' with ClassGeneratedBy '/Game/ThirdPersonBP/Maps/ThirdPersonExampleMap.ThirdPersonExampleMap:PersistentLevel.ThirdPersonExampleMap'
[2019.11.23-16.23.13:784][118]LogSlate: Updating window title bar state: overlay mode, drag disabled, window buttons hidden, title bar hidden
[2019.11.23-16.23.13:801][118]LogUObjectHash: Compacting FUObjectHashTables data took   5.78ms
[2019.11.23-16.23.13:848][119]LogPlayLevel: Display: Destroying online subsystem :Context_9
[2019.11.23-16.23.17:299][417]LogSlate: FSceneViewport::OnFocusLost() reason 2
[2019.11.23-16.23.17:404][417]LogUObjectHash: Compacting FUObjectHashTables data took   1.25ms
[2019.11.23-16.23.18:462][417]LogSavePackage: Moving '../../../../../../Users/devin/OneDrive/Desktop/300/300-HW5-Station/Saved/ThirdPersonExampleMap0E9EE9DE43E7A0C96175DB964A9D188A.tmp' to '../../../../../../Users/devin/OneDrive/Desktop/300/300-HW5-Station/Content/ThirdPersonBP/Maps/ThirdPersonExampleMap.umap'
[2019.11.23-16.23.18:833][417]LogSavePackage: Moving '../../../../../../Users/devin/OneDrive/Desktop/300/300-HW5-Station/Saved/ThirdPersonExampleMap_BuiltData0E9EC2F84B9DD693DC83788F77418D22.tmp' to '../../../../../../Users/devin/OneDrive/Desktop/300/300-HW5-Station/Content/ThirdPersonBP/Maps/ThirdPersonExampleMap_BuiltData.uasset'
