Log file open, 11/19/19 01:15:26
LogWindows: Failed to load 'aqProf.dll' (GetLastError=126)
LogWindows: File 'aqProf.dll' does not exist
LogWindows: Failed to load 'VtuneApi.dll' (GetLastError=126)
LogWindows: File 'VtuneApi.dll' does not exist
LogWindows: Failed to load 'VtuneApi32e.dll' (GetLastError=126)
LogWindows: File 'VtuneApi32e.dll' does not exist
LogConsoleResponse: Display: Failed to find resolution value strings in scalability ini. Falling back to default.
LogInit: Display: Running engine for game: Station
LogPakFile: Registered encryption key '00000000000000000000000000000000': 0 pak files mounted, 0 remain pending
LogPlatformFile: Not using cached read wrapper
LogTaskGraph: Started task graph with 5 named threads and 17 total threads with 3 sets of task threads.
LogStats: Stats thread started at 0.253472
LogD3D11RHI: Loaded GFSDK_Aftermath_Lib.x64.dll
LogICUInternationalization: ICU TimeZone Detection - Raw Offset: -5:00, Platform Override: ''
LogPluginManager: Mounting plugin Paper2D
LogPluginManager: Mounting plugin AISupport
LogPluginManager: Mounting plugin LightPropagationVolume
LogPluginManager: Mounting plugin ActorLayerUtilities
LogPluginManager: Mounting plugin AnimationSharing
LogPluginManager: Mounting plugin CLionSourceCodeAccess
LogPluginManager: Mounting plugin CodeLiteSourceCodeAccess
LogPluginManager: Mounting plugin GitSourceControl
LogPluginManager: Mounting plugin KDevelopSourceCodeAccess
LogPluginManager: Mounting plugin NullSourceCodeAccess
LogPluginManager: Mounting plugin PerforceSourceControl
LogPluginManager: Mounting plugin SubversionSourceControl
LogPluginManager: Mounting plugin UObjectPlugin
LogPluginManager: Mounting plugin VisualStudioCodeSourceCodeAccess
LogPluginManager: Mounting plugin VisualStudioSourceCodeAccess
LogPluginManager: Mounting plugin XCodeSourceCodeAccess
LogPluginManager: Mounting plugin AssetManagerEditor
LogPluginManager: Mounting plugin CryptoKeys
LogPluginManager: Mounting plugin DataValidation
LogPluginManager: Mounting plugin FacialAnimation
LogPluginManager: Mounting plugin GameplayTagsEditor
LogPluginManager: Mounting plugin MacGraphicsSwitching
LogPluginManager: Mounting plugin MaterialAnalyzer
LogPluginManager: Mounting plugin MobileLauncherProfileWizard
LogPluginManager: Mounting plugin PluginBrowser
LogPluginManager: Mounting plugin SpeedTreeImporter
LogPluginManager: Mounting plugin DatasmithContent
LogPluginManager: Mounting plugin VariantManagerContent
LogPluginManager: Mounting plugin AlembicImporter
LogPluginManager: Mounting plugin AppleImageUtils
LogPluginManager: Mounting plugin AppleVision
LogPluginManager: Mounting plugin BackChannel
LogPluginManager: Mounting plugin CharacterAI
LogPluginManager: Mounting plugin GeometryCache
LogPluginManager: Mounting plugin HTML5Networking
LogPluginManager: Mounting plugin ProxyLODPlugin
LogPluginManager: Mounting plugin SkeletalReduction
LogPluginManager: Mounting plugin MagicLeap
LogPluginManager: Mounting plugin MagicLeapMedia
LogPluginManager: Mounting plugin AndroidMedia
LogPluginManager: Mounting plugin AvfMedia
LogPluginManager: Mounting plugin ImgMedia
LogPluginManager: Mounting plugin LinearTimecode
LogPluginManager: Mounting plugin MediaCompositing
LogPluginManager: Mounting plugin MediaPlayerEditor
LogPluginManager: Mounting plugin WebMMedia
LogPluginManager: Mounting plugin WmfMedia
LogPluginManager: Mounting plugin TcpMessaging
LogPluginManager: Mounting plugin UdpMessaging
LogPluginManager: Mounting plugin ActorSequence
LogPluginManager: Mounting plugin LevelSequenceEditor
LogPluginManager: Mounting plugin MatineeToLevelSequence
LogPluginManager: Mounting plugin NetcodeUnitTest
LogPluginManager: Mounting plugin NUTUnrealEngine4
LogPluginManager: Mounting plugin OnlineSubsystemGooglePlay
LogPluginManager: Mounting plugin OnlineSubsystemIOS
LogPluginManager: Mounting plugin OnlineSubsystem
LogPluginManager: Mounting plugin OnlineSubsystemNull
LogPluginManager: Mounting plugin OnlineSubsystemUtils
LogPluginManager: Mounting plugin LauncherChunkInstaller
LogPluginManager: Mounting plugin AndroidDeviceProfileSelector
LogPluginManager: Mounting plugin AndroidMoviePlayer
LogPluginManager: Mounting plugin AndroidPermission
LogPluginManager: Mounting plugin AppleMoviePlayer
LogPluginManager: Mounting plugin ArchVisCharacter
LogPluginManager: Mounting plugin AudioCapture
LogPluginManager: Mounting plugin CableComponent
LogPluginManager: Mounting plugin CustomMeshComponent
LogPluginManager: Mounting plugin EditableMesh
LogPluginManager: Mounting plugin ExampleDeviceProfileSelector
LogPluginManager: Mounting plugin Firebase
LogPluginManager: Mounting plugin GoogleCloudMessaging
LogPluginManager: Mounting plugin IOSDeviceProfileSelector
LogPluginManager: Mounting plugin LinuxDeviceProfileSelector
LogPluginManager: Mounting plugin LocationServicesBPLibrary
LogPluginManager: Mounting plugin MobilePatchingUtils
LogPluginManager: Mounting plugin OculusVR
LogPluginManager: Mounting plugin PhysXVehicles
LogPluginManager: Mounting plugin ProceduralMeshComponent
LogPluginManager: Mounting plugin RuntimePhysXCooking
LogPluginManager: Mounting plugin SignificanceManager
LogPluginManager: Mounting plugin SteamVR
LogPluginManager: Mounting plugin WebMMoviePlayer
LogPluginManager: Mounting plugin WindowsMoviePlayer
LogInit: Using libcurl 7.55.1-DEV
LogInit:  - built for x86_64-pc-win32
LogInit:  - supports SSL with OpenSSL/1.1.1
LogInit:  - supports HTTP deflate (compression) using libz 1.2.8
LogInit:  - other features:
LogInit:      CURL_VERSION_SSL
LogInit:      CURL_VERSION_LIBZ
LogInit:      CURL_VERSION_IPV6
LogInit:      CURL_VERSION_ASYNCHDNS
LogInit:      CURL_VERSION_LARGEFILE
LogInit:      CURL_VERSION_IDN
LogInit:  CurlRequestOptions (configurable via config and command line):
LogInit:  - bVerifyPeer = true  - Libcurl will verify peer certificate
LogInit:  - bUseHttpProxy = false  - Libcurl will NOT use HTTP proxy
LogInit:  - bDontReuseConnections = false  - Libcurl will reuse connections
LogInit:  - MaxHostConnections = 16  - Libcurl will limit the number of connections to a host
LogInit:  - LocalHostAddr = Default
LogInit:  - BufferSize = 65536
LogInit: WinSock: version 1.1 (2.2), MaxSocks=32767, MaxUdp=65467
LogInit: Build: ++UE4+Release-4.22-CL-7053642
LogInit: Engine Version: 4.22.3-7053642+++UE4+Release-4.22
LogInit: Compatible Engine Version: 4.22.0-5660361+++UE4+Release-4.22
LogInit: Net CL: 5660361
LogInit: OS: Windows 10 (Release 1809) (), CPU: AMD FX(tm)-6300 Six-Core Processor             , GPU: NVIDIA GeForce GT 1030
LogInit: Compiled (64-bit): Jun 18 2019 03:09:11
LogInit: Compiled with Visual C++: 19.16.27025.01
LogInit: Build Configuration: Development
LogInit: Branch Name: ++UE4+Release-4.22
LogInit: Command Line: 
LogInit: Base Directory: C:/Program Files/Epic Games/UE_4.22/Engine/Binaries/Win64/
LogInit: Installed Engine Build: 1
LogDevObjectVersion: Number of dev versions registered: 23
LogDevObjectVersion:   Dev-Blueprints (B0D832E4-1F89-4F0D-ACCF-7EB736FD4AA2): 10
LogDevObjectVersion:   Dev-Build (E1C64328-A22C-4D53-A36C-8E866417BD8C): 0
LogDevObjectVersion:   Dev-Core (375EC13C-06E4-48FB-B500-84F0262A717E): 3
LogDevObjectVersion:   Dev-Editor (E4B068ED-F494-42E9-A231-DA0B2E46BB41): 30
LogDevObjectVersion:   Dev-Framework (CFFC743F-43B0-4480-9391-14DF171D2073): 35
LogDevObjectVersion:   Dev-Mobile (B02B49B5-BB20-44E9-A304-32B752E40360): 2
LogDevObjectVersion:   Dev-Networking (A4E4105C-59A1-49B5-A7C5-40C4547EDFEE): 0
LogDevObjectVersion:   Dev-Online (39C831C9-5AE6-47DC-9A44-9C173E1C8E7C): 0
LogDevObjectVersion:   Dev-Physics (78F01B33-EBEA-4F98-B9B4-84EACCB95AA2): 0
LogDevObjectVersion:   Dev-Platform (6631380F-2D4D-43E0-8009-CF276956A95A): 0
LogDevObjectVersion:   Dev-Rendering (12F88B9F-8875-4AFC-A67C-D90C383ABD29): 28
LogDevObjectVersion:   Dev-Sequencer (7B5AE74C-D270-4C10-A958-57980B212A5A): 11
LogDevObjectVersion:   Dev-VR (D7296918-1DD6-4BDD-9DE2-64A83CC13884): 2
LogDevObjectVersion:   Dev-LoadTimes (C2A15278-BFE7-4AFE-6C17-90FF531DF755): 1
LogDevObjectVersion:   Private-Geometry (6EACA3D4-40EC-4CC1-B786-8BED09428FC5): 3
LogDevObjectVersion:   Dev-AnimPhys (29E575DD-E0A3-4627-9D10-D276232CDCEA): 17
LogDevObjectVersion:   Dev-Anim (AF43A65D-7FD3-4947-9873-3E8ED9C1BB05): 2
LogDevObjectVersion:   Dev-ReflectionCapture (6B266CEC-1EC7-4B8F-A30B-E4D90942FC07): 1
LogDevObjectVersion:   Dev-Automation (0DF73D61-A23F-47EA-B727-89E90C41499A): 1
LogDevObjectVersion:   FortniteMain (601D1886-AC64-4F84-AA16-D3DE0DEAC7D6): 25
LogDevObjectVersion:   Dev-Enterprise (9DFFBCD6-494F-0158-E221-12823C92A888): 6
LogDevObjectVersion:   Dev-Niagara (F2AED0AC-9AFE-416F-8664-AA7FFA26D6FC): 1
LogDevObjectVersion:   Dev-Destruction (174F1F0B-B4C6-45A5-B13F-2EE8D0FB917D): 2
LogInit: Presizing for max 16777216 objects, including 0 objects not considered by GC, pre-allocating 0 bytes for permanent pool.
LogInit: Object subsystem initialized
LogConfig: Setting CVar [[con.DebugEarlyDefault:1]]
LogConfig: Setting CVar [[r.setres:1280x720]]
[2019.11.19-06.15.26:824][  0]LogConfig: Setting CVar [[r.VSync:0]]
[2019.11.19-06.15.26:824][  0]LogConfig: Setting CVar [[r.RHICmdBypass:0]]
[2019.11.19-06.15.26:824][  0]LogConfig: Applying CVar settings from Section [/Script/Engine.RendererSettings] File [C:/Users/devin/OneDrive/Desktop/300/300-HW5-Station/Saved/Config/Windows/Engine.ini]
[2019.11.19-06.15.26:824][  0]LogConfig: Setting CVar [[r.GPUCrashDebugging:0]]
[2019.11.19-06.15.26:824][  0]LogConfig: Applying CVar settings from Section [/Script/Engine.RendererOverrideSettings] File [C:/Users/devin/OneDrive/Desktop/300/300-HW5-Station/Saved/Config/Windows/Engine.ini]
[2019.11.19-06.15.26:824][  0]LogConfig: Applying CVar settings from Section [/Script/Engine.StreamingSettings] File [C:/Users/devin/OneDrive/Desktop/300/300-HW5-Station/Saved/Config/Windows/Engine.ini]
[2019.11.19-06.15.26:824][  0]LogConfig: Setting CVar [[s.MinBulkDataSizeForAsyncLoading:131072]]
[2019.11.19-06.15.26:824][  0]LogConfig: Setting CVar [[s.AsyncLoadingThreadEnabled:0]]
[2019.11.19-06.15.26:824][  0]LogConfig: Setting CVar [[s.EventDrivenLoaderEnabled:1]]
[2019.11.19-06.15.26:824][  0]LogConfig: Setting CVar [[s.WarnIfTimeLimitExceeded:0]]
[2019.11.19-06.15.26:824][  0]LogConfig: Setting CVar [[s.TimeLimitExceededMultiplier:1.5]]
[2019.11.19-06.15.26:824][  0]LogConfig: Setting CVar [[s.TimeLimitExceededMinTime:0.005]]
[2019.11.19-06.15.26:824][  0]LogConfig: Setting CVar [[s.UseBackgroundLevelStreaming:1]]
[2019.11.19-06.15.26:824][  0]LogConfig: Setting CVar [[s.PriorityAsyncLoadingExtraTime:15.0]]
[2019.11.19-06.15.26:824][  0]LogConfig: Setting CVar [[s.LevelStreamingActorsUpdateTimeLimit:5.0]]
[2019.11.19-06.15.26:824][  0]LogConfig: Setting CVar [[s.PriorityLevelStreamingActorsUpdateExtraTime:5.0]]
[2019.11.19-06.15.26:824][  0]LogConfig: Setting CVar [[s.LevelStreamingComponentsRegistrationGranularity:10]]
[2019.11.19-06.15.26:824][  0]LogConfig: Setting CVar [[s.UnregisterComponentsTimeLimit:1.0]]
[2019.11.19-06.15.26:824][  0]LogConfig: Setting CVar [[s.LevelStreamingComponentsUnregistrationGranularity:5]]
[2019.11.19-06.15.26:824][  0]LogConfig: Applying CVar settings from Section [/Script/Engine.GarbageCollectionSettings] File [C:/Users/devin/OneDrive/Desktop/300/300-HW5-Station/Saved/Config/Windows/Engine.ini]
[2019.11.19-06.15.26:824][  0]LogConfig: Setting CVar [[gc.MaxObjectsNotConsideredByGC:1]]
[2019.11.19-06.15.26:824][  0]LogConfig: Setting CVar [[gc.SizeOfPermanentObjectPool:0]]
[2019.11.19-06.15.26:824][  0]LogConfig: Setting CVar [[gc.FlushStreamingOnGC:0]]
[2019.11.19-06.15.26:824][  0]LogConfig: Setting CVar [[gc.NumRetriesBeforeForcingGC:10]]
[2019.11.19-06.15.26:824][  0]LogConfig: Setting CVar [[gc.AllowParallelGC:1]]
[2019.11.19-06.15.26:824][  0]LogConfig: Setting CVar [[gc.TimeBetweenPurgingPendingKillObjects:61.1]]
[2019.11.19-06.15.26:824][  0]LogConfig: Setting CVar [[gc.MaxObjectsInEditor:16777216]]
[2019.11.19-06.15.26:824][  0]LogConfig: Setting CVar [[gc.IncrementalBeginDestroyEnabled:1]]
[2019.11.19-06.15.26:824][  0]LogConfig: Setting CVar [[gc.CreateGCClusters:1]]
[2019.11.19-06.15.26:824][  0]LogConfig: Setting CVar [[gc.MinGCClusterSize:5]]
[2019.11.19-06.15.26:824][  0]LogConfig: Setting CVar [[gc.ActorClusteringEnabled:0]]
[2019.11.19-06.15.26:825][  0]LogConfig: Setting CVar [[gc.BlueprintClusteringEnabled:0]]
[2019.11.19-06.15.26:825][  0]LogConfig: Setting CVar [[gc.UseDisregardForGCOnDedicatedServers:0]]
[2019.11.19-06.15.26:825][  0]LogConfig: Applying CVar settings from Section [/Script/Engine.NetworkSettings] File [C:/Users/devin/OneDrive/Desktop/300/300-HW5-Station/Saved/Config/Windows/Engine.ini]
[2019.11.19-06.15.26:825][  0]LogConfig: Applying CVar settings from Section [/Script/UnrealEd.CookerSettings] File [C:/Users/devin/OneDrive/Desktop/300/300-HW5-Station/Saved/Config/Windows/Engine.ini]
[2019.11.19-06.15.26:832][  0]LogConfig: Applying CVar settings from Section [ViewDistanceQuality@3] File [C:/Users/devin/OneDrive/Desktop/300/300-HW5-Station/Saved/Config/Windows/Scalability.ini]
[2019.11.19-06.15.26:832][  0]LogConfig: Setting CVar [[r.SkeletalMeshLODBias:0]]
[2019.11.19-06.15.26:832][  0]LogConfig: Setting CVar [[r.ViewDistanceScale:1.0]]
[2019.11.19-06.15.26:832][  0]LogConfig: Applying CVar settings from Section [AntiAliasingQuality@3] File [C:/Users/devin/OneDrive/Desktop/300/300-HW5-Station/Saved/Config/Windows/Scalability.ini]
[2019.11.19-06.15.26:832][  0]LogConfig: Setting CVar [[r.PostProcessAAQuality:4]]
[2019.11.19-06.15.26:832][  0]LogConfig: Applying CVar settings from Section [ShadowQuality@3] File [C:/Users/devin/OneDrive/Desktop/300/300-HW5-Station/Saved/Config/Windows/Scalability.ini]
[2019.11.19-06.15.26:832][  0]LogConfig: Setting CVar [[r.LightFunctionQuality:1]]
[2019.11.19-06.15.26:833][  0]LogConfig: Setting CVar [[r.ShadowQuality:5]]
[2019.11.19-06.15.26:833][  0]LogConfig: Setting CVar [[r.Shadow.CSM.MaxCascades:10]]
[2019.11.19-06.15.26:833][  0]LogConfig: Setting CVar [[r.Shadow.MaxResolution:2048]]
[2019.11.19-06.15.26:833][  0]LogConfig: Setting CVar [[r.Shadow.MaxCSMResolution:2048]]
[2019.11.19-06.15.26:833][  0]LogConfig: Setting CVar [[r.Shadow.RadiusThreshold:0.01]]
[2019.11.19-06.15.26:833][  0]LogConfig: Setting CVar [[r.Shadow.DistanceScale:1.0]]
[2019.11.19-06.15.26:833][  0]LogConfig: Setting CVar [[r.Shadow.CSM.TransitionScale:1.0]]
[2019.11.19-06.15.26:833][  0]LogConfig: Setting CVar [[r.Shadow.PreShadowResolutionFactor:1.0]]
[2019.11.19-06.15.26:833][  0]LogConfig: Setting CVar [[r.DistanceFieldShadowing:1]]
[2019.11.19-06.15.26:833][  0]LogConfig: Setting CVar [[r.DistanceFieldAO:1]]
[2019.11.19-06.15.26:833][  0]LogConfig: Setting CVar [[r.AOQuality:2]]
[2019.11.19-06.15.26:833][  0]LogConfig: Setting CVar [[r.VolumetricFog:1]]
[2019.11.19-06.15.26:833][  0]LogConfig: Setting CVar [[r.VolumetricFog.GridPixelSize:8]]
[2019.11.19-06.15.26:833][  0]LogConfig: Setting CVar [[r.VolumetricFog.GridSizeZ:128]]
[2019.11.19-06.15.26:833][  0]LogConfig: Setting CVar [[r.VolumetricFog.HistoryMissSupersampleCount:4]]
[2019.11.19-06.15.26:833][  0]LogConfig: Setting CVar [[r.LightMaxDrawDistanceScale:1]]
[2019.11.19-06.15.26:833][  0]LogConfig: Setting CVar [[r.CapsuleShadows:1]]
[2019.11.19-06.15.26:833][  0]LogConfig: Applying CVar settings from Section [PostProcessQuality@3] File [C:/Users/devin/OneDrive/Desktop/300/300-HW5-Station/Saved/Config/Windows/Scalability.ini]
[2019.11.19-06.15.26:833][  0]LogConfig: Setting CVar [[r.MotionBlurQuality:4]]
[2019.11.19-06.15.26:833][  0]LogConfig: Setting CVar [[r.AmbientOcclusionMipLevelFactor:0.4]]
[2019.11.19-06.15.26:833][  0]LogConfig: Setting CVar [[r.AmbientOcclusionMaxQuality:100]]
[2019.11.19-06.15.26:833][  0]LogConfig: Setting CVar [[r.AmbientOcclusionLevels:-1]]
[2019.11.19-06.15.26:833][  0]LogConfig: Setting CVar [[r.AmbientOcclusionRadiusScale:1.0]]
[2019.11.19-06.15.26:833][  0]LogConfig: Setting CVar [[r.DepthOfFieldQuality:2]]
[2019.11.19-06.15.26:833][  0]LogConfig: Setting CVar [[r.RenderTargetPoolMin:400]]
[2019.11.19-06.15.26:833][  0]LogConfig: Setting CVar [[r.LensFlareQuality:2]]
[2019.11.19-06.15.26:833][  0]LogConfig: Setting CVar [[r.SceneColorFringeQuality:1]]
[2019.11.19-06.15.26:833][  0]LogConfig: Setting CVar [[r.EyeAdaptationQuality:2]]
[2019.11.19-06.15.26:833][  0]LogConfig: Setting CVar [[r.BloomQuality:5]]
[2019.11.19-06.15.26:833][  0]LogConfig: Setting CVar [[r.FastBlurThreshold:100]]
[2019.11.19-06.15.26:833][  0]LogConfig: Setting CVar [[r.Upscale.Quality:3]]
[2019.11.19-06.15.26:833][  0]LogConfig: Setting CVar [[r.Tonemapper.GrainQuantization:1]]
[2019.11.19-06.15.26:833][  0]LogConfig: Setting CVar [[r.LightShaftQuality:1]]
[2019.11.19-06.15.26:833][  0]LogConfig: Setting CVar [[r.Filter.SizeScale:1]]
[2019.11.19-06.15.26:833][  0]LogConfig: Setting CVar [[r.Tonemapper.Quality:5]]
[2019.11.19-06.15.26:833][  0]LogConfig: Setting CVar [[r.DOF.Gather.AccumulatorQuality:1        ; higher gathering accumulator quality]]
[2019.11.19-06.15.26:833][  0]LogConfig: Setting CVar [[r.DOF.Gather.PostfilterMethod:1          ; Median3x3 postfilering method]]
[2019.11.19-06.15.26:833][  0]LogConfig: Setting CVar [[r.DOF.Gather.EnableBokehSettings:0       ; no bokeh simulation when gathering]]
[2019.11.19-06.15.26:833][  0]LogConfig: Setting CVar [[r.DOF.Gather.RingCount:4                 ; medium number of samples when gathering]]
[2019.11.19-06.15.26:833][  0]LogConfig: Setting CVar [[r.DOF.Scatter.ForegroundCompositing:1    ; additive foreground scattering]]
[2019.11.19-06.15.26:833][  0]LogConfig: Setting CVar [[r.DOF.Scatter.BackgroundCompositing:2    ; additive background scattering]]
[2019.11.19-06.15.26:833][  0]LogConfig: Setting CVar [[r.DOF.Scatter.EnableBokehSettings:1      ; bokeh simulation when scattering]]
[2019.11.19-06.15.26:833][  0]LogConfig: Setting CVar [[r.DOF.Scatter.MaxSpriteRatio:0.1         ; only a maximum of 10% of scattered bokeh]]
[2019.11.19-06.15.26:833][  0]LogConfig: Setting CVar [[r.DOF.Recombine.Quality:1                ; cheap slight out of focus]]
[2019.11.19-06.15.26:833][  0]LogConfig: Setting CVar [[r.DOF.Recombine.EnableBokehSettings:0    ; no bokeh simulation on slight out of focus]]
[2019.11.19-06.15.26:833][  0]LogConfig: Setting CVar [[r.DOF.TemporalAAQuality:1                ; more stable temporal accumulation]]
[2019.11.19-06.15.26:833][  0]LogConfig: Setting CVar [[r.DOF.Kernel.MaxForegroundRadius:0.025]]
[2019.11.19-06.15.26:833][  0]LogConfig: Setting CVar [[r.DOF.Kernel.MaxBackgroundRadius:0.025]]
[2019.11.19-06.15.26:833][  0]LogConfig: Applying CVar settings from Section [TextureQuality@3] File [C:/Users/devin/OneDrive/Desktop/300/300-HW5-Station/Saved/Config/Windows/Scalability.ini]
[2019.11.19-06.15.26:834][  0]LogConfig: Setting CVar [[r.Streaming.MipBias:0]]
[2019.11.19-06.15.26:834][  0]LogConfig: Setting CVar [[r.Streaming.AmortizeCPUToGPUCopy:0]]
[2019.11.19-06.15.26:834][  0]LogConfig: Setting CVar [[r.Streaming.MaxNumTexturesToStreamPerFrame:0]]
[2019.11.19-06.15.26:834][  0]LogConfig: Setting CVar [[r.Streaming.Boost:1]]
[2019.11.19-06.15.26:834][  0]LogConfig: Setting CVar [[r.MaxAnisotropy:8]]
[2019.11.19-06.15.26:834][  0]LogConfig: Setting CVar [[r.Streaming.LimitPoolSizeToVRAM:0]]
[2019.11.19-06.15.26:834][  0]LogConfig: Setting CVar [[r.Streaming.PoolSize:1000]]
[2019.11.19-06.15.26:834][  0]LogConfig: Setting CVar [[r.Streaming.MaxEffectiveScreenSize:0]]
[2019.11.19-06.15.26:834][  0]LogConfig: Applying CVar settings from Section [EffectsQuality@3] File [C:/Users/devin/OneDrive/Desktop/300/300-HW5-Station/Saved/Config/Windows/Scalability.ini]
[2019.11.19-06.15.26:834][  0]LogConfig: Setting CVar [[r.TranslucencyLightingVolumeDim:64]]
[2019.11.19-06.15.26:834][  0]LogConfig: Setting CVar [[r.RefractionQuality:2]]
[2019.11.19-06.15.26:834][  0]LogConfig: Setting CVar [[r.SSR.Quality:3]]
[2019.11.19-06.15.26:834][  0]LogConfig: Setting CVar [[r.SceneColorFormat:4]]
[2019.11.19-06.15.26:834][  0]LogConfig: Setting CVar [[r.DetailMode:2]]
[2019.11.19-06.15.26:834][  0]LogConfig: Setting CVar [[r.TranslucencyVolumeBlur:1]]
[2019.11.19-06.15.26:834][  0]LogConfig: Setting CVar [[r.MaterialQualityLevel:1 ; High quality]]
[2019.11.19-06.15.26:834][  0]LogConfig: Setting CVar [[r.SSS.Scale:1]]
[2019.11.19-06.15.26:834][  0]LogConfig: Setting CVar [[r.SSS.SampleSet:2]]
[2019.11.19-06.15.26:834][  0]LogConfig: Setting CVar [[r.SSS.Quality:1]]
[2019.11.19-06.15.26:834][  0]LogConfig: Setting CVar [[r.SSS.HalfRes:1]]
[2019.11.19-06.15.26:834][  0]LogConfig: Setting CVar [[r.EmitterSpawnRateScale:1.0]]
[2019.11.19-06.15.26:834][  0]LogConfig: Setting CVar [[r.ParticleLightQuality:2]]
[2019.11.19-06.15.26:834][  0]LogConfig: Applying CVar settings from Section [FoliageQuality@3] File [C:/Users/devin/OneDrive/Desktop/300/300-HW5-Station/Saved/Config/Windows/Scalability.ini]
[2019.11.19-06.15.26:834][  0]LogConfig: Setting CVar [[foliage.DensityScale:1.0]]
[2019.11.19-06.15.26:834][  0]LogConfig: Setting CVar [[grass.DensityScale:1.0]]
[2019.11.19-06.15.26:834][  0]LogInit: Selected Device Profile: [Windows]
[2019.11.19-06.15.26:834][  0]LogInit: Applying CVar settings loaded from the selected device profile: [Windows]
[2019.11.19-06.15.26:849][  0]LogHAL: Display: Platform has ~ 8 GB [8481525760 / 8589934592 / 8], which maps to Default [LargestMinGB=32, LargerMinGB=12, DefaultMinGB=8, SmallerMinGB=6, SmallestMinGB=0)
[2019.11.19-06.15.26:849][  0]LogConfig: Setting CVar [[r.Vulkan.UseRealUBs:0		; Required until we fix HLR fall-out]]
[2019.11.19-06.15.26:849][  0]LogInit: Going up to parent DeviceProfile []
[2019.11.19-06.15.26:849][  0]LogConfig: Applying CVar settings from Section [ViewDistanceQuality@3] File [C:/Users/devin/OneDrive/Desktop/300/300-HW5-Station/Saved/Config/Windows/Scalability.ini]
[2019.11.19-06.15.26:849][  0]LogConfig: Setting CVar [[r.SkeletalMeshLODBias:0]]
[2019.11.19-06.15.26:849][  0]LogConfig: Setting CVar [[r.ViewDistanceScale:1.0]]
[2019.11.19-06.15.26:849][  0]LogConfig: Applying CVar settings from Section [AntiAliasingQuality@3] File [C:/Users/devin/OneDrive/Desktop/300/300-HW5-Station/Saved/Config/Windows/Scalability.ini]
[2019.11.19-06.15.26:849][  0]LogConfig: Setting CVar [[r.PostProcessAAQuality:4]]
[2019.11.19-06.15.26:849][  0]LogConfig: Applying CVar settings from Section [ShadowQuality@3] File [C:/Users/devin/OneDrive/Desktop/300/300-HW5-Station/Saved/Config/Windows/Scalability.ini]
[2019.11.19-06.15.26:849][  0]LogConfig: Setting CVar [[r.LightFunctionQuality:1]]
[2019.11.19-06.15.26:849][  0]LogConfig: Setting CVar [[r.ShadowQuality:5]]
[2019.11.19-06.15.26:849][  0]LogConfig: Setting CVar [[r.Shadow.CSM.MaxCascades:10]]
[2019.11.19-06.15.26:849][  0]LogConfig: Setting CVar [[r.Shadow.MaxResolution:2048]]
[2019.11.19-06.15.26:849][  0]LogConfig: Setting CVar [[r.Shadow.MaxCSMResolution:2048]]
[2019.11.19-06.15.26:849][  0]LogConfig: Setting CVar [[r.Shadow.RadiusThreshold:0.01]]
[2019.11.19-06.15.26:849][  0]LogConfig: Setting CVar [[r.Shadow.DistanceScale:1.0]]
[2019.11.19-06.15.26:849][  0]LogConfig: Setting CVar [[r.Shadow.CSM.TransitionScale:1.0]]
[2019.11.19-06.15.26:849][  0]LogConfig: Setting CVar [[r.Shadow.PreShadowResolutionFactor:1.0]]
[2019.11.19-06.15.26:849][  0]LogConfig: Setting CVar [[r.DistanceFieldShadowing:1]]
[2019.11.19-06.15.26:849][  0]LogConfig: Setting CVar [[r.DistanceFieldAO:1]]
[2019.11.19-06.15.26:849][  0]LogConfig: Setting CVar [[r.AOQuality:2]]
[2019.11.19-06.15.26:849][  0]LogConfig: Setting CVar [[r.VolumetricFog:1]]
[2019.11.19-06.15.26:849][  0]LogConfig: Setting CVar [[r.VolumetricFog.GridPixelSize:8]]
[2019.11.19-06.15.26:849][  0]LogConfig: Setting CVar [[r.VolumetricFog.GridSizeZ:128]]
[2019.11.19-06.15.26:849][  0]LogConfig: Setting CVar [[r.VolumetricFog.HistoryMissSupersampleCount:4]]
[2019.11.19-06.15.26:849][  0]LogConfig: Setting CVar [[r.LightMaxDrawDistanceScale:1]]
[2019.11.19-06.15.26:849][  0]LogConfig: Setting CVar [[r.CapsuleShadows:1]]
[2019.11.19-06.15.26:849][  0]LogConfig: Applying CVar settings from Section [PostProcessQuality@3] File [C:/Users/devin/OneDrive/Desktop/300/300-HW5-Station/Saved/Config/Windows/Scalability.ini]
[2019.11.19-06.15.26:849][  0]LogConfig: Setting CVar [[r.MotionBlurQuality:4]]
[2019.11.19-06.15.26:849][  0]LogConfig: Setting CVar [[r.AmbientOcclusionMipLevelFactor:0.4]]
[2019.11.19-06.15.26:849][  0]LogConfig: Setting CVar [[r.AmbientOcclusionMaxQuality:100]]
[2019.11.19-06.15.26:849][  0]LogConfig: Setting CVar [[r.AmbientOcclusionLevels:-1]]
[2019.11.19-06.15.26:849][  0]LogConfig: Setting CVar [[r.AmbientOcclusionRadiusScale:1.0]]
[2019.11.19-06.15.26:849][  0]LogConfig: Setting CVar [[r.DepthOfFieldQuality:2]]
[2019.11.19-06.15.26:849][  0]LogConfig: Setting CVar [[r.RenderTargetPoolMin:400]]
[2019.11.19-06.15.26:849][  0]LogConfig: Setting CVar [[r.LensFlareQuality:2]]
[2019.11.19-06.15.26:849][  0]LogConfig: Setting CVar [[r.SceneColorFringeQuality:1]]
[2019.11.19-06.15.26:849][  0]LogConfig: Setting CVar [[r.EyeAdaptationQuality:2]]
[2019.11.19-06.15.26:850][  0]LogConfig: Setting CVar [[r.BloomQuality:5]]
[2019.11.19-06.15.26:850][  0]LogConfig: Setting CVar [[r.FastBlurThreshold:100]]
[2019.11.19-06.15.26:850][  0]LogConfig: Setting CVar [[r.Upscale.Quality:3]]
[2019.11.19-06.15.26:850][  0]LogConfig: Setting CVar [[r.Tonemapper.GrainQuantization:1]]
[2019.11.19-06.15.26:850][  0]LogConfig: Setting CVar [[r.LightShaftQuality:1]]
[2019.11.19-06.15.26:850][  0]LogConfig: Setting CVar [[r.Filter.SizeScale:1]]
[2019.11.19-06.15.26:850][  0]LogConfig: Setting CVar [[r.Tonemapper.Quality:5]]
[2019.11.19-06.15.26:850][  0]LogConfig: Setting CVar [[r.DOF.Gather.AccumulatorQuality:1        ; higher gathering accumulator quality]]
[2019.11.19-06.15.26:850][  0]LogConfig: Setting CVar [[r.DOF.Gather.PostfilterMethod:1          ; Median3x3 postfilering method]]
[2019.11.19-06.15.26:850][  0]LogConfig: Setting CVar [[r.DOF.Gather.EnableBokehSettings:0       ; no bokeh simulation when gathering]]
[2019.11.19-06.15.26:850][  0]LogConfig: Setting CVar [[r.DOF.Gather.RingCount:4                 ; medium number of samples when gathering]]
[2019.11.19-06.15.26:850][  0]LogConfig: Setting CVar [[r.DOF.Scatter.ForegroundCompositing:1    ; additive foreground scattering]]
[2019.11.19-06.15.26:850][  0]LogConfig: Setting CVar [[r.DOF.Scatter.BackgroundCompositing:2    ; additive background scattering]]
[2019.11.19-06.15.26:850][  0]LogConfig: Setting CVar [[r.DOF.Scatter.EnableBokehSettings:1      ; bokeh simulation when scattering]]
[2019.11.19-06.15.26:850][  0]LogConfig: Setting CVar [[r.DOF.Scatter.MaxSpriteRatio:0.1         ; only a maximum of 10% of scattered bokeh]]
[2019.11.19-06.15.26:850][  0]LogConfig: Setting CVar [[r.DOF.Recombine.Quality:1                ; cheap slight out of focus]]
[2019.11.19-06.15.26:850][  0]LogConfig: Setting CVar [[r.DOF.Recombine.EnableBokehSettings:0    ; no bokeh simulation on slight out of focus]]
[2019.11.19-06.15.26:850][  0]LogConfig: Setting CVar [[r.DOF.TemporalAAQuality:1                ; more stable temporal accumulation]]
[2019.11.19-06.15.26:850][  0]LogConfig: Setting CVar [[r.DOF.Kernel.MaxForegroundRadius:0.025]]
[2019.11.19-06.15.26:850][  0]LogConfig: Setting CVar [[r.DOF.Kernel.MaxBackgroundRadius:0.025]]
[2019.11.19-06.15.26:850][  0]LogConfig: Applying CVar settings from Section [TextureQuality@3] File [C:/Users/devin/OneDrive/Desktop/300/300-HW5-Station/Saved/Config/Windows/Scalability.ini]
[2019.11.19-06.15.26:850][  0]LogConfig: Setting CVar [[r.Streaming.MipBias:0]]
[2019.11.19-06.15.26:850][  0]LogConfig: Setting CVar [[r.Streaming.AmortizeCPUToGPUCopy:0]]
[2019.11.19-06.15.26:850][  0]LogConfig: Setting CVar [[r.Streaming.MaxNumTexturesToStreamPerFrame:0]]
[2019.11.19-06.15.26:850][  0]LogConfig: Setting CVar [[r.Streaming.Boost:1]]
[2019.11.19-06.15.26:850][  0]LogConfig: Setting CVar [[r.MaxAnisotropy:8]]
[2019.11.19-06.15.26:850][  0]LogConfig: Setting CVar [[r.Streaming.LimitPoolSizeToVRAM:0]]
[2019.11.19-06.15.26:850][  0]LogConfig: Setting CVar [[r.Streaming.PoolSize:1000]]
[2019.11.19-06.15.26:850][  0]LogConfig: Setting CVar [[r.Streaming.MaxEffectiveScreenSize:0]]
[2019.11.19-06.15.26:850][  0]LogConfig: Applying CVar settings from Section [EffectsQuality@3] File [C:/Users/devin/OneDrive/Desktop/300/300-HW5-Station/Saved/Config/Windows/Scalability.ini]
[2019.11.19-06.15.26:850][  0]LogConfig: Setting CVar [[r.TranslucencyLightingVolumeDim:64]]
[2019.11.19-06.15.26:850][  0]LogConfig: Setting CVar [[r.RefractionQuality:2]]
[2019.11.19-06.15.26:850][  0]LogConfig: Setting CVar [[r.SSR.Quality:3]]
[2019.11.19-06.15.26:850][  0]LogConfig: Setting CVar [[r.SceneColorFormat:4]]
[2019.11.19-06.15.26:850][  0]LogConfig: Setting CVar [[r.DetailMode:2]]
[2019.11.19-06.15.26:850][  0]LogConfig: Setting CVar [[r.TranslucencyVolumeBlur:1]]
[2019.11.19-06.15.26:850][  0]LogConfig: Setting CVar [[r.MaterialQualityLevel:1 ; High quality]]
[2019.11.19-06.15.26:850][  0]LogConfig: Setting CVar [[r.SSS.Scale:1]]
[2019.11.19-06.15.26:850][  0]LogConfig: Setting CVar [[r.SSS.SampleSet:2]]
[2019.11.19-06.15.26:850][  0]LogConfig: Setting CVar [[r.SSS.Quality:1]]
[2019.11.19-06.15.26:850][  0]LogConfig: Setting CVar [[r.SSS.HalfRes:1]]
[2019.11.19-06.15.26:850][  0]LogConfig: Setting CVar [[r.EmitterSpawnRateScale:1.0]]
[2019.11.19-06.15.26:850][  0]LogConfig: Setting CVar [[r.ParticleLightQuality:2]]
[2019.11.19-06.15.26:850][  0]LogConfig: Applying CVar settings from Section [FoliageQuality@3] File [C:/Users/devin/OneDrive/Desktop/300/300-HW5-Station/Saved/Config/Windows/Scalability.ini]
[2019.11.19-06.15.26:851][  0]LogConfig: Setting CVar [[foliage.DensityScale:1.0]]
[2019.11.19-06.15.26:851][  0]LogConfig: Setting CVar [[grass.DensityScale:1.0]]
[2019.11.19-06.15.26:851][  0]LogConfig: Applying CVar settings from Section [Startup] File [../../../Engine/Config/ConsoleVariables.ini]
[2019.11.19-06.15.26:851][  0]LogConfig: Setting CVar [[net.UseAdaptiveNetUpdateFrequency:0]]
[2019.11.19-06.15.26:851][  0]LogConfig: Setting CVar [[p.chaos.AllowCreatePhysxBodies:1]]
[2019.11.19-06.15.26:851][  0]LogConfig: Applying CVar settings from Section [ConsoleVariables] File [C:/Users/devin/OneDrive/Desktop/300/300-HW5-Station/Saved/Config/Windows/Engine.ini]
[2019.11.19-06.15.26:851][  0]LogInit: Computer: DESKTOP-HBTKBE5
[2019.11.19-06.15.26:851][  0]LogInit: User: devin
[2019.11.19-06.15.26:851][  0]LogInit: CPU Page size=4096, Cores=3
[2019.11.19-06.15.26:851][  0]LogInit: High frequency timer resolution =10.000000 MHz
[2019.11.19-06.15.26:852][  0]LogMemory: Memory total: Physical=7.9GB (8GB approx)
[2019.11.19-06.15.26:852][  0]LogMemory: Platform Memory Stats for Windows
[2019.11.19-06.15.26:852][  0]LogMemory: Process Physical Memory: 96.25 MB used, 96.25 MB peak
[2019.11.19-06.15.26:852][  0]LogMemory: Process Virtual Memory: 84.15 MB used, 84.15 MB peak
[2019.11.19-06.15.26:852][  0]LogMemory: Physical Memory: 3758.24 MB used,  4330.37 MB free, 8088.61 MB total
[2019.11.19-06.15.26:852][  0]LogMemory: Virtual Memory: 4643.84 MB used,  134213088.00 MB free, 134217728.00 MB total
[2019.11.19-06.15.26:880][  0]LogInit: Using OS detected language (en-US).
[2019.11.19-06.15.26:880][  0]LogInit: Using OS detected locale (en-US).
[2019.11.19-06.15.26:882][  0]LogTextLocalizationManager: No specific localization for 'en-US' exists, so the 'en' localization will be used.
[2019.11.19-06.15.27:123][  0]LogInit: Setting process to per monitor DPI aware
[2019.11.19-06.15.27:230][  0]LogSlate: New Slate User Created.  User Index 0, Is Virtual User: 0
[2019.11.19-06.15.27:230][  0]LogSlate: Slate User Registered.  User Index 0, Is Virtual User: 0
[2019.11.19-06.15.27:475][  0]LogHMD: Failed to initialize OpenVR with code 110
[2019.11.19-06.15.27:475][  0]LogD3D11RHI: D3D11 adapters:
[2019.11.19-06.15.27:569][  0]LogD3D11RHI:    0. 'NVIDIA GeForce GT 1030' (Feature Level 11_0)
[2019.11.19-06.15.27:569][  0]LogD3D11RHI:       1982/0/4044 MB DedicatedVideo/DedicatedSystem/SharedSystem, Outputs:2, VendorId:0x10de
[2019.11.19-06.15.27:572][  0]LogD3D11RHI:    1. 'Microsoft Basic Render Driver' (Feature Level 11_0)
[2019.11.19-06.15.27:572][  0]LogD3D11RHI:       0/0/4044 MB DedicatedVideo/DedicatedSystem/SharedSystem, Outputs:0, VendorId:0x1414
[2019.11.19-06.15.27:575][  0]LogD3D11RHI:    2. 'Microsoft Basic Render Driver' (Feature Level 11_0)
[2019.11.19-06.15.27:575][  0]LogD3D11RHI:       0/0/4044 MB DedicatedVideo/DedicatedSystem/SharedSystem, Outputs:0, VendorId:0x1414
[2019.11.19-06.15.27:575][  0]LogD3D11RHI: Chosen D3D11 Adapter: 0
[2019.11.19-06.15.27:584][  0]LogD3D11RHI: Creating new Direct3DDevice
[2019.11.19-06.15.27:584][  0]LogD3D11RHI:     GPU DeviceId: 0x1d01 (for the marketing name, search the web for "GPU Device Id")
[2019.11.19-06.15.27:584][  0]LogWindows: EnumDisplayDevices:
[2019.11.19-06.15.27:584][  0]LogWindows:    0. 'NVIDIA GeForce GT 1030' (P:1 D:1)
[2019.11.19-06.15.27:585][  0]LogWindows:    1. 'NVIDIA GeForce GT 1030' (P:0 D:0)
[2019.11.19-06.15.27:585][  0]LogWindows:    2. 'Trigger II External Graphics' (P:0 D:1)
[2019.11.19-06.15.27:586][  0]LogWindows: DebugString: GetVideoDriverDetailsInvalid PrimaryIsNotTheChoosenAdapter FoundDriverCount:2 
[2019.11.19-06.15.27:586][  0]LogD3D11RHI:     Adapter Name: NVIDIA GeForce GT 1030
[2019.11.19-06.15.27:586][  0]LogD3D11RHI:   Driver Version: 432.00 (internal:26.21.14.3200, unified:432.00)
[2019.11.19-06.15.27:586][  0]LogD3D11RHI:      Driver Date: 7-24-2019
[2019.11.19-06.15.27:586][  0]LogRHI: Texture pool is 1387 MB (70% of 1982 MB)
[2019.11.19-06.15.27:664][  0]LogD3D11RHI: Async texture creation enabled
[2019.11.19-06.15.27:669][  0]LogRendererCore: FGlobalReadBuffer::InitRHI
[2019.11.19-06.15.27:670][  0]LogRendererCore: FGlobalReadBuffer::InitRHI
[2019.11.19-06.15.27:670][  0]LogRendererCore: FGlobalReadBuffer::InitRHI
[2019.11.19-06.15.27:685][  0]LogD3D11RHI: GPU Timing Frequency: 1000.000000 (Debug: 2 2)
[2019.11.19-06.15.28:357][  0]LogTemp: Display: Module 'AllDesktopTargetPlatform' loaded TargetPlatform 'AllDesktop'
[2019.11.19-06.15.28:381][  0]LogTemp: Display: Module 'MacClientTargetPlatform' loaded TargetPlatform 'MacClient'
[2019.11.19-06.15.28:405][  0]LogTemp: Display: Module 'MacNoEditorTargetPlatform' loaded TargetPlatform 'MacNoEditor'
[2019.11.19-06.15.28:432][  0]LogTemp: Display: Module 'MacServerTargetPlatform' loaded TargetPlatform 'MacServer'
[2019.11.19-06.15.28:456][  0]LogTemp: Display: Module 'MacTargetPlatform' loaded TargetPlatform 'Mac'
[2019.11.19-06.15.28:480][  0]LogTemp: Display: Module 'WindowsClientTargetPlatform' loaded TargetPlatform 'WindowsClient'
[2019.11.19-06.15.28:506][  0]LogTemp: Display: Module 'WindowsNoEditorTargetPlatform' loaded TargetPlatform 'WindowsNoEditor'
[2019.11.19-06.15.28:529][  0]LogTemp: Display: Module 'WindowsServerTargetPlatform' loaded TargetPlatform 'WindowsServer'
[2019.11.19-06.15.28:540][  0]LogTemp: Display: Module 'WindowsTargetPlatform' loaded TargetPlatform 'Windows'
[2019.11.19-06.15.28:687][  0]LogTemp: Display: Module 'AndroidTargetPlatform' loaded TargetPlatform 'Android'
[2019.11.19-06.15.28:687][  0]LogTemp: Display: Module 'AndroidTargetPlatform' loaded TargetPlatform 'Android_ASTC'
[2019.11.19-06.15.28:687][  0]LogTemp: Display: Module 'AndroidTargetPlatform' loaded TargetPlatform 'Android_ATC'
[2019.11.19-06.15.28:687][  0]LogTemp: Display: Module 'AndroidTargetPlatform' loaded TargetPlatform 'Android_DXT'
[2019.11.19-06.15.28:687][  0]LogTemp: Display: Module 'AndroidTargetPlatform' loaded TargetPlatform 'Android_ETC1'
[2019.11.19-06.15.28:687][  0]LogTemp: Display: Module 'AndroidTargetPlatform' loaded TargetPlatform 'Android_ETC1a'
[2019.11.19-06.15.28:687][  0]LogTemp: Display: Module 'AndroidTargetPlatform' loaded TargetPlatform 'Android_ETC2'
[2019.11.19-06.15.28:687][  0]LogTemp: Display: Module 'AndroidTargetPlatform' loaded TargetPlatform 'Android_PVRTC'
[2019.11.19-06.15.28:687][  0]LogTemp: Display: Module 'AndroidTargetPlatform' loaded TargetPlatform 'AndroidClient'
[2019.11.19-06.15.28:687][  0]LogTemp: Display: Module 'AndroidTargetPlatform' loaded TargetPlatform 'Android_ASTCClient'
[2019.11.19-06.15.28:687][  0]LogTemp: Display: Module 'AndroidTargetPlatform' loaded TargetPlatform 'Android_ATCClient'
[2019.11.19-06.15.28:687][  0]LogTemp: Display: Module 'AndroidTargetPlatform' loaded TargetPlatform 'Android_DXTClient'
[2019.11.19-06.15.28:687][  0]LogTemp: Display: Module 'AndroidTargetPlatform' loaded TargetPlatform 'Android_ETC1Client'
[2019.11.19-06.15.28:687][  0]LogTemp: Display: Module 'AndroidTargetPlatform' loaded TargetPlatform 'Android_ETC1aClient'
[2019.11.19-06.15.28:687][  0]LogTemp: Display: Module 'AndroidTargetPlatform' loaded TargetPlatform 'Android_ETC2Client'
[2019.11.19-06.15.28:687][  0]LogTemp: Display: Module 'AndroidTargetPlatform' loaded TargetPlatform 'Android_PVRTCClient'
[2019.11.19-06.15.28:687][  0]LogTemp: Display: Module 'AndroidTargetPlatform' loaded TargetPlatform 'Android_Multi'
[2019.11.19-06.15.28:687][  0]LogTemp: Display: Module 'AndroidTargetPlatform' loaded TargetPlatform 'Android_MultiClient'
[2019.11.19-06.15.28:690][  0]LogTemp: Display: Module 'HTML5TargetPlatform' loaded TargetPlatform 'HTML5'
[2019.11.19-06.15.28:764][  0]LogTemp: Display: Module 'IOSTargetPlatform' loaded TargetPlatform 'IOSClient'
[2019.11.19-06.15.28:764][  0]LogTemp: Display: Module 'IOSTargetPlatform' loaded TargetPlatform 'IOS'
[2019.11.19-06.15.28:812][  0]LogTemp: Display: Module 'TVOSTargetPlatform' loaded TargetPlatform 'TVOSClient'
[2019.11.19-06.15.28:812][  0]LogTemp: Display: Module 'TVOSTargetPlatform' loaded TargetPlatform 'TVOS'
[2019.11.19-06.15.28:837][  0]LogTemp: Display: Module 'LinuxClientTargetPlatform' loaded TargetPlatform 'LinuxClient'
[2019.11.19-06.15.28:861][  0]LogTemp: Display: Module 'LinuxNoEditorTargetPlatform' loaded TargetPlatform 'LinuxNoEditor'
[2019.11.19-06.15.28:885][  0]LogTemp: Display: Module 'LinuxServerTargetPlatform' loaded TargetPlatform 'LinuxServer'
[2019.11.19-06.15.28:910][  0]LogTemp: Display: Module 'LinuxTargetPlatform' loaded TargetPlatform 'Linux'
[2019.11.19-06.15.29:000][  0]LogTemp: Display: Module 'LuminTargetPlatform' loaded TargetPlatform 'Lumin'
[2019.11.19-06.15.29:000][  0]LogTemp: Display: Module 'LuminTargetPlatform' loaded TargetPlatform 'LuminClient'
[2019.11.19-06.15.29:000][  0]LogTargetPlatformManager: Display: Building Assets For Windows
[2019.11.19-06.15.29:016][  0]LogAudioDebug: Display: Lib vorbis DLL was dynamically loaded.
[2019.11.19-06.15.29:106][  0]LogShaderCompilers: Guid format shader working directory is -21 characters bigger than the processId version (../../../../../../Users/devin/OneDrive/Desktop/300/300-HW5-Station/Intermediate/Shaders/WorkingDirectory/11356/).
[2019.11.19-06.15.29:106][  0]LogShaderCompilers: Cleaned the shader compiler working directory 'C:/Users/devin/AppData/Local/Temp/UnrealShaderWorkingDir/D117D86241693639698DE8B515DBB2F4/'.
[2019.11.19-06.15.29:110][  0]LogXGEController: Cleaning working directory: C:/Users/devin/AppData/Local/Temp/UnrealXGEWorkingDir/
[2019.11.19-06.15.29:110][  0]LogXGEController: Cannot use XGE Controller as Incredibuild is not installed on this machine.
[2019.11.19-06.15.29:110][  0]LogShaderCompilers: Cannot use XGE Shader Compiler as Incredibuild is not installed on this machine.
[2019.11.19-06.15.29:110][  0]LogShaderCompilers: Display: Using Local Shader Compiler.
[2019.11.19-06.15.30:223][  0]LogDerivedDataCache: Display: Max Cache Size: 512 MB
[2019.11.19-06.15.30:303][  0]LogDerivedDataCache: Loaded boot cache 0.08s 71MB C:/Users/devin/AppData/Local/UnrealEngine/4.22/DerivedDataCache/Boot.ddc.
[2019.11.19-06.15.30:303][  0]LogDerivedDataCache: Display: Loaded Boot cache: C:/Users/devin/AppData/Local/UnrealEngine/4.22/DerivedDataCache/Boot.ddc
[2019.11.19-06.15.30:303][  0]LogDerivedDataCache: FDerivedDataBackendGraph:  Pak pak cache file ../../../../../../Users/devin/OneDrive/Desktop/300/300-HW5-Station/DerivedDataCache/DDC.ddp not found, will not use a pak cache.
[2019.11.19-06.15.30:303][  0]LogDerivedDataCache: Unable to find inner node Pak for hierarchical cache Hierarchy.
[2019.11.19-06.15.30:303][  0]LogDerivedDataCache: FDerivedDataBackendGraph:  CompressedPak pak cache file ../../../../../../Users/devin/OneDrive/Desktop/300/300-HW5-Station/DerivedDataCache/Compressed.ddp not found, will not use a pak cache.
[2019.11.19-06.15.30:303][  0]LogDerivedDataCache: Unable to find inner node CompressedPak for hierarchical cache Hierarchy.
[2019.11.19-06.15.30:319][  0]LogDerivedDataCache: Display: Pak cache opened for reading ../../../Engine/DerivedDataCache/Compressed.ddp.
[2019.11.19-06.15.30:319][  0]LogDerivedDataCache: FDerivedDataBackendGraph:  EnterprisePak pak cache file ../../../Enterprise/DerivedDataCache/Compressed.ddp not found, will not use a pak cache.
[2019.11.19-06.15.30:319][  0]LogDerivedDataCache: Unable to find inner node EnterprisePak for hierarchical cache Hierarchy.
[2019.11.19-06.15.30:332][  0]LogDerivedDataCache: Using Local data cache path C:/Users/devin/AppData/Local/UnrealEngine/Common/DerivedDataCache: Writable
[2019.11.19-06.15.30:332][  0]LogDerivedDataCache: Shared data cache path not found in *engine.ini, will not use an Shared cache.
[2019.11.19-06.15.30:332][  0]LogDerivedDataCache: Unable to find inner node Shared for hierarchical cache Hierarchy.
[2019.11.19-06.15.30:373][  0]LogMaterial: Verifying Global Shaders for PCD3D_SM5
[2019.11.19-06.15.30:374][  0]LogSlate: Using FreeType 2.6.0
[2019.11.19-06.15.30:375][  0]LogSlate: SlateFontServices - WITH_FREETYPE: 1, WITH_HARFBUZZ: 1
[2019.11.19-06.15.30:493][  0]LogAssetRegistry: FAssetRegistry took 0.0445 seconds to start up
[2019.11.19-06.15.31:142][  0]LogInit: Selected Device Profile: [Windows]
[2019.11.19-06.15.31:363][  0]LogMeshReduction: Using QuadricMeshReduction for automatic static mesh reduction
[2019.11.19-06.15.31:363][  0]LogMeshReduction: Using SimplygonMeshReduction for automatic skeletal mesh reduction
[2019.11.19-06.15.31:363][  0]LogMeshReduction: Using ProxyLODMeshReduction for automatic mesh merging
[2019.11.19-06.15.31:363][  0]LogMeshReduction: No distributed automatic mesh merging module available
[2019.11.19-06.15.31:363][  0]LogMeshMerging: No distributed automatic mesh merging module available
[2019.11.19-06.15.31:384][  0]LogNetVersion: Station 1.0.0, NetCL: 5660361, EngineNetVer: 10, GameNetVer: 0 (Checksum: 450423129)
[2019.11.19-06.15.32:054][  0]LogPackageLocalizationCache: Processed 10 localized package path(s) for 1 prioritized culture(s) in 0.071523 seconds
[2019.11.19-06.15.32:064][  0]LogUObjectArray: 42205 objects as part of root set at end of initial load.
[2019.11.19-06.15.32:064][  0]LogUObjectAllocator: 7325032 out of 0 bytes used by permanent object pool.
[2019.11.19-06.15.32:064][  0]LogUObjectArray: CloseDisregardForGC: 0/0 objects in disregard for GC pool
[2019.11.19-06.15.33:407][  0]LogTcpMessaging: Initializing TcpMessaging bridge
[2019.11.19-06.15.33:422][  0]LogUdpMessaging: Initializing bridge on interface 0.0.0.0:0 to multicast group 230.0.0.1:6666.
[2019.11.19-06.15.33:572][  0]SourceControl: Source control is disabled
[2019.11.19-06.15.33:572][  0]SourceControl: Source control is disabled
[2019.11.19-06.15.33:575][  0]SourceControl: Source control is disabled
[2019.11.19-06.15.33:577][  0]SourceControl: Source control is disabled
[2019.11.19-06.15.33:592][  0]LogVSAccessor: Display: Unable to create Visual Studio setup instance: 80040154
[2019.11.19-06.15.33:592][  0]LogVSAccessor: Display: Unable to create Visual Studio setup instance: 80040154
[2019.11.19-06.15.33:718][  0]LogAndroidPermission: UAndroidPermissionCallbackProxy::GetInstance
[2019.11.19-06.15.34:014][  0]LogOcInput: OculusInput pre-init called
[2019.11.19-06.15.34:991][  0]LogEngine: Initializing Engine...
[2019.11.19-06.15.34:992][  0]LogHMD: Failed to initialize OpenVR with code 110
[2019.11.19-06.15.34:994][  0]LogStats: UGameplayTagsManager::InitializeManager -  0.000 s
[2019.11.19-06.15.35:290][  0]LogInit: Initializing FReadOnlyCVARCache
[2019.11.19-06.15.35:316][  0]LogAIModule: Creating AISystem for world Untitled
[2019.11.19-06.15.35:506][  0]LogInit: XAudio2 using 'Headset Earphone (Corsair VOID RGB USB Gaming Headset )' : 2 channels at 44.1 kHz using 16 bits per sample (channel mask 0x3)
[2019.11.19-06.15.35:740][  0]LogInit: FAudioDevice initialized.
[2019.11.19-06.15.35:740][  0]LogNetVersion: Set ProjectVersion to 1.0.0.0. Version Checksum will be recalculated on next use.
[2019.11.19-06.15.35:853][  0]LogDerivedDataCache: Saved boot cache 0.11s 71MB C:/Users/devin/AppData/Local/UnrealEngine/4.22/DerivedDataCache/Boot.ddc.
[2019.11.19-06.15.35:863][  0]LogInit: Texture streaming: Enabled
[2019.11.19-06.15.35:893][  0]LogEngineSessionManager: EngineSessionManager initialized
[2019.11.19-06.15.35:923][  0]LogInit: Transaction tracking system initialized
[2019.11.19-06.15.35:964][  0]BlueprintLog: New page: Editor Load
[2019.11.19-06.15.36:109][  0]LocalizationService: Localization service is disabled
[2019.11.19-06.15.36:309][  0]LogVSAccessor: Display: Unable to create Visual Studio setup instance: 80040154
[2019.11.19-06.15.36:310][  0]LogVSAccessor: Display: Unable to create Visual Studio setup instance: 80040154
[2019.11.19-06.15.36:577][  0]LogFileCache: Scanning file cache for directory 'C:/Users/devin/OneDrive/Desktop/300/300-HW5-Station/Content/' took 0.02s
[2019.11.19-06.15.36:577][  0]LogCook: Display: Max memory allowance for cook 16384mb min free memory 0mb
[2019.11.19-06.15.36:578][  0]LogCook: Display: Mobile HDR setting 1
[2019.11.19-06.15.36:941][  0]SourceControl: Source control is disabled
[2019.11.19-06.15.36:942][  0]Cmd: MAP LOAD FILE="../../../../../../Users/devin/OneDrive/Desktop/300/300-HW5-Station/Content/ThirdPersonBP/Maps/ThirdPersonExampleMap.umap" TEMPLATE=0 SHOWPROGRESS=1 FEATURELEVEL=3
[2019.11.19-06.15.36:942][  0]LightingResults: New page: Lighting Build
[2019.11.19-06.15.36:947][  0]MapCheck: New page: Map Check
[2019.11.19-06.15.36:947][  0]LightingResults: New page: Lighting Build
[2019.11.19-06.15.37:030][  0]LogUObjectHash: Compacting FUObjectHashTables data took   2.95ms
[2019.11.19-06.15.37:375][  0]LogAIModule: Creating AISystem for world ThirdPersonExampleMap
[2019.11.19-06.15.37:384][  0]LogEditorServer: Finished looking for orphan Actors (0.000 secs)
[2019.11.19-06.15.37:481][  0]LogUObjectHash: Compacting FUObjectHashTables data took   3.58ms
[2019.11.19-06.15.37:481][  0]Cmd: MAP CHECKDEP NOCLEARLOG
[2019.11.19-06.15.37:482][  0]MapCheck: Map check complete: 0 Error(s), 0 Warning(s), took 0.255ms to complete.
[2019.11.19-06.15.37:482][  0]LogFileHelpers: Loading map 'ThirdPersonExampleMap' took 0.540
[2019.11.19-06.15.37:609][  0]LogSlate: Updating window title bar state: overlay mode, drag disabled, window buttons hidden, title bar hidden
[2019.11.19-06.15.37:624][  0]LogSlate: Updating window title bar state: overlay mode, drag disabled, window buttons hidden, title bar hidden
[2019.11.19-06.15.37:635][  0]LogSlate: Updating window title bar state: overlay mode, drag disabled, window buttons hidden, title bar hidden
[2019.11.19-06.15.37:647][  0]LogSlate: Updating window title bar state: overlay mode, drag disabled, window buttons hidden, title bar hidden
[2019.11.19-06.15.37:658][  0]LogCollectionManager: Loaded 0 collections in 0.003316 seconds
[2019.11.19-06.15.37:703][  0]LogFileCache: Scanning file cache for directory 'C:/Users/devin/OneDrive/Desktop/300/300-HW5-Station/Saved/Collections/' took 0.01s
[2019.11.19-06.15.37:703][  0]LogFileCache: Scanning file cache for directory 'C:/Users/devin/OneDrive/Desktop/300/300-HW5-Station/Content/Developers/devin/Collections/' took 0.01s
[2019.11.19-06.15.37:703][  0]LogFileCache: Scanning file cache for directory 'C:/Users/devin/OneDrive/Desktop/300/300-HW5-Station/Content/Collections/' took 0.01s
[2019.11.19-06.15.37:703][  0]LogCollectionManager: Rebuilt the GUID cache for 0 collections in 0.000000 seconds
[2019.11.19-06.15.37:722][  0]LogContentBrowser: Native class hierarchy populated in 0.0178 seconds. Added 2732 classes and 659 folders.
[2019.11.19-06.15.37:731][  0]LogContentBrowser: Native class hierarchy updated for 'WidgetCarousel' in 0.0003 seconds. Added 0 classes and 0 folders.
[2019.11.19-06.15.37:733][  0]LogPakFile: Registered encryption key '00000000000000000000000000000000': 0 pak files mounted, 0 remain pending
[2019.11.19-06.15.37:734][  0]LogPakFile: Registered encryption key '00000000000000000000000000000000': 0 pak files mounted, 0 remain pending
[2019.11.19-06.15.37:734][  0]LogPakFile: Registered encryption key '00000000000000000000000000000000': 0 pak files mounted, 0 remain pending
[2019.11.19-06.15.37:735][  0]LogPakFile: Registered encryption key '00000000000000000000000000000000': 0 pak files mounted, 0 remain pending
[2019.11.19-06.15.37:735][  0]LogPakFile: Registered encryption key '00000000000000000000000000000000': 0 pak files mounted, 0 remain pending
[2019.11.19-06.15.37:736][  0]LogPakFile: Registered encryption key '00000000000000000000000000000000': 0 pak files mounted, 0 remain pending
[2019.11.19-06.15.37:736][  0]LogPakFile: Registered encryption key '00000000000000000000000000000000': 0 pak files mounted, 0 remain pending
[2019.11.19-06.15.37:737][  0]LogPakFile: Registered encryption key '00000000000000000000000000000000': 0 pak files mounted, 0 remain pending
[2019.11.19-06.15.37:738][  0]LogPakFile: Registered encryption key '00000000000000000000000000000000': 0 pak files mounted, 0 remain pending
[2019.11.19-06.15.37:738][  0]LogPakFile: Registered encryption key '00000000000000000000000000000000': 0 pak files mounted, 0 remain pending
[2019.11.19-06.15.37:739][  0]LogPakFile: Registered encryption key '00000000000000000000000000000000': 0 pak files mounted, 0 remain pending
[2019.11.19-06.15.37:739][  0]LogPakFile: Registered encryption key '00000000000000000000000000000000': 0 pak files mounted, 0 remain pending
[2019.11.19-06.15.37:740][  0]LogPakFile: Registered encryption key '00000000000000000000000000000000': 0 pak files mounted, 0 remain pending
[2019.11.19-06.15.37:740][  0]LogPakFile: Registered encryption key '00000000000000000000000000000000': 0 pak files mounted, 0 remain pending
[2019.11.19-06.15.37:741][  0]LogPakFile: Registered encryption key '00000000000000000000000000000000': 0 pak files mounted, 0 remain pending
[2019.11.19-06.15.37:742][  0]LogPakFile: Registered encryption key '00000000000000000000000000000000': 0 pak files mounted, 0 remain pending
[2019.11.19-06.15.37:742][  0]LogPakFile: Registered encryption key '00000000000000000000000000000000': 0 pak files mounted, 0 remain pending
[2019.11.19-06.15.37:743][  0]LogPakFile: Registered encryption key '00000000000000000000000000000000': 0 pak files mounted, 0 remain pending
[2019.11.19-06.15.37:743][  0]LogPakFile: Registered encryption key '00000000000000000000000000000000': 0 pak files mounted, 0 remain pending
[2019.11.19-06.15.37:744][  0]LogPakFile: Registered encryption key '00000000000000000000000000000000': 0 pak files mounted, 0 remain pending
[2019.11.19-06.15.37:745][  0]LogPakFile: Registered encryption key '00000000000000000000000000000000': 0 pak files mounted, 0 remain pending
[2019.11.19-06.15.37:745][  0]LogPakFile: Registered encryption key '00000000000000000000000000000000': 0 pak files mounted, 0 remain pending
[2019.11.19-06.15.37:746][  0]LogPakFile: Registered encryption key '00000000000000000000000000000000': 0 pak files mounted, 0 remain pending
[2019.11.19-06.15.37:746][  0]LogPakFile: Registered encryption key '00000000000000000000000000000000': 0 pak files mounted, 0 remain pending
[2019.11.19-06.15.37:747][  0]LogPakFile: Registered encryption key '00000000000000000000000000000000': 0 pak files mounted, 0 remain pending
[2019.11.19-06.15.37:748][  0]LogPakFile: Registered encryption key '00000000000000000000000000000000': 0 pak files mounted, 0 remain pending
[2019.11.19-06.15.37:801][  0]LogContentBrowser: Native class hierarchy updated for 'AddContentDialog' in 0.0004 seconds. Added 0 classes and 0 folders.
[2019.11.19-06.15.37:811][  0]LogContentBrowser: Native class hierarchy updated for 'SceneOutliner' in 0.0004 seconds. Added 1 classes and 2 folders.
[2019.11.19-06.15.37:933][  0]LogSlate: Took 0.000375 seconds to synchronously load lazily loaded font '../../../Engine/Content/Slate/Fonts/Roboto-Regular.ttf' (155K)
[2019.11.19-06.15.37:937][  0]LogSlate: Took 0.000245 seconds to synchronously load lazily loaded font '../../../Engine/Content/Slate/Fonts/Roboto-Bold.ttf' (160K)
[2019.11.19-06.15.37:945][  0]LogSlate: Took 0.000201 seconds to synchronously load lazily loaded font '../../../Engine/Content/Editor/Slate/Fonts/FontAwesome.ttf' (139K)
[2019.11.19-06.15.38:060][  0]LogRenderer: Reallocating scene render targets to support 1244x632 Format 10 NumSamples 1 (Frame:1).
[2019.11.19-06.15.38:309][  0]LogContentBrowser: Native class hierarchy updated for 'HierarchicalLODOutliner' in 0.0004 seconds. Added 0 classes and 0 folders.
[2019.11.19-06.15.38:309][  0]LogLoad: (Engine Initialization) Total time: 14.14 seconds
[2019.11.19-06.15.38:309][  0]LogLoad: (Engine Initialization) Total Blueprint compile time: 0.00 seconds
[2019.11.19-06.15.38:361][  0]LogAssetRegistry: Asset discovery search completed in 7.8903 seconds
[2019.11.19-06.15.38:364][  0]LogCollectionManager: Rebuilt the object cache for 0 collections in 0.000001 seconds (found 0 objects)
[2019.11.19-06.15.38:364][  0]LogCollectionManager: Fixed up redirectors for 0 collections in 0.000052 seconds (updated 0 objects)
[2019.11.19-06.15.38:366][  0]LogContentStreaming: Texture pool size now 1000 MB
[2019.11.19-06.15.38:398][  0]LogSlate: Took 0.000282 seconds to synchronously load lazily loaded font '../../../Engine/Content/Slate/Fonts/Roboto-Light.ttf' (167K)
[2019.11.19-06.17.08:744][211]Cmd: CAMERA ALIGN ACTIVEVIEWPORTONLY
[2019.11.19-06.17.08:744][211]Can't find target actor or component.
[2019.11.19-06.17.09:666][307]LogSlate: FSceneViewport::OnFocusLost() reason 0
[2019.11.19-06.17.09:751][317]LogTemp: Repeating last play command: Selected Viewport
[2019.11.19-06.17.09:762][317]LogBlueprintUserMessages: Early PlayInEditor Detection: Level '/Game/ThirdPersonBP/Maps/ThirdPersonExampleMap.ThirdPersonExampleMap:PersistentLevel' has LevelScriptBlueprint '/Game/ThirdPersonBP/Maps/ThirdPersonExampleMap.ThirdPersonExampleMap:PersistentLevel.ThirdPersonExampleMap' with GeneratedClass '/Game/ThirdPersonBP/Maps/ThirdPersonExampleMap.ThirdPersonExampleMap_C' with ClassGeneratedBy '/Game/ThirdPersonBP/Maps/ThirdPersonExampleMap.ThirdPersonExampleMap:PersistentLevel.ThirdPersonExampleMap'
[2019.11.19-06.17.09:762][317]LogPlayLevel: PlayLevel: No blueprints needed recompiling
[2019.11.19-06.17.09:763][317]PIE: New page: PIE session: ThirdPersonExampleMap (Nov 18, 2019, 8:17:09 PM)
[2019.11.19-06.17.09:776][317]LogPlayLevel: Creating play world package: /Game/ThirdPersonBP/Maps/UEDPIE_0_ThirdPersonExampleMap
[2019.11.19-06.17.09:781][317]LogPlayLevel: PIE: StaticDuplicateObject took: (0.004849s)
[2019.11.19-06.17.09:782][317]LogAIModule: Creating AISystem for world ThirdPersonExampleMap
[2019.11.19-06.17.09:782][317]LogPlayLevel: PIE: World Init took: (0.000751s)
[2019.11.19-06.17.09:782][317]LogPlayLevel: PIE: Created PIE world by copying editor world from /Game/ThirdPersonBP/Maps/ThirdPersonExampleMap.ThirdPersonExampleMap to /Game/ThirdPersonBP/Maps/UEDPIE_0_ThirdPersonExampleMap.ThirdPersonExampleMap (0.005968s)
[2019.11.19-06.17.09:884][317]LogUObjectHash: Compacting FUObjectHashTables data took   1.91ms
[2019.11.19-06.17.09:952][317]LogInit: XAudio2 using 'Headset Earphone (Corsair VOID RGB USB Gaming Headset )' : 2 channels at 44.1 kHz using 16 bits per sample (channel mask 0x3)
[2019.11.19-06.17.09:972][317]LogInit: FAudioDevice initialized.
[2019.11.19-06.17.10:019][317]LogLoad: Game class is 'ThirdPersonGameMode_C'
[2019.11.19-06.17.10:023][317]LogWorld: Bringing World /Game/ThirdPersonBP/Maps/UEDPIE_0_ThirdPersonExampleMap.ThirdPersonExampleMap up for play (max tick rate 0) at 2019.11.19-01.17.10
[2019.11.19-06.17.10:023][317]LogWorld: Bringing up level for play took: 0.001916
[2019.11.19-06.17.10:043][317]LogContentBrowser: Native class hierarchy updated for 'MovieSceneCapture' in 0.0004 seconds. Added 20 classes and 0 folders.
[2019.11.19-06.17.10:044][317]PIE: Play in editor start time for /Game/ThirdPersonBP/Maps/UEDPIE_0_ThirdPersonExampleMap -0.106
[2019.11.19-06.17.10:053][317]LogBlueprintUserMessages: Late PlayInEditor Detection: Level '/Game/ThirdPersonBP/Maps/ThirdPersonExampleMap.ThirdPersonExampleMap:PersistentLevel' has LevelScriptBlueprint '/Game/ThirdPersonBP/Maps/ThirdPersonExampleMap.ThirdPersonExampleMap:PersistentLevel.ThirdPersonExampleMap' with GeneratedClass '/Game/ThirdPersonBP/Maps/ThirdPersonExampleMap.ThirdPersonExampleMap_C' with ClassGeneratedBy '/Game/ThirdPersonBP/Maps/ThirdPersonExampleMap.ThirdPersonExampleMap:PersistentLevel.ThirdPersonExampleMap'
[2019.11.19-06.17.12:791][631]LogBlueprintUserMessages: Early EndPlayMap Detection: Level '/Game/ThirdPersonBP/Maps/ThirdPersonExampleMap.ThirdPersonExampleMap:PersistentLevel' has LevelScriptBlueprint '/Game/ThirdPersonBP/Maps/ThirdPersonExampleMap.ThirdPersonExampleMap:PersistentLevel.ThirdPersonExampleMap' with GeneratedClass '/Game/ThirdPersonBP/Maps/ThirdPersonExampleMap.ThirdPersonExampleMap_C' with ClassGeneratedBy '/Game/ThirdPersonBP/Maps/ThirdPersonExampleMap.ThirdPersonExampleMap:PersistentLevel.ThirdPersonExampleMap'
[2019.11.19-06.17.12:792][631]LogSlate: Updating window title bar state: overlay mode, drag disabled, window buttons hidden, title bar hidden
[2019.11.19-06.17.12:823][631]LogPlayLevel: Display: Shutting down PIE online subsystems
[2019.11.19-06.17.12:823][631]LogBlueprintUserMessages: Late EndPlayMap Detection: Level '/Game/ThirdPersonBP/Maps/ThirdPersonExampleMap.ThirdPersonExampleMap:PersistentLevel' has LevelScriptBlueprint '/Game/ThirdPersonBP/Maps/ThirdPersonExampleMap.ThirdPersonExampleMap:PersistentLevel.ThirdPersonExampleMap' with GeneratedClass '/Game/ThirdPersonBP/Maps/ThirdPersonExampleMap.ThirdPersonExampleMap_C' with ClassGeneratedBy '/Game/ThirdPersonBP/Maps/ThirdPersonExampleMap.ThirdPersonExampleMap:PersistentLevel.ThirdPersonExampleMap'
[2019.11.19-06.17.12:922][631]LogSlate: Updating window title bar state: overlay mode, drag disabled, window buttons hidden, title bar hidden
[2019.11.19-06.17.12:928][631]LogUObjectHash: Compacting FUObjectHashTables data took   3.08ms
[2019.11.19-06.17.12:958][632]LogPlayLevel: Display: Destroying online subsystem :Context_1
[2019.11.19-06.17.17:286][127]LogSlate: FSceneViewport::OnFocusLost() reason 0
[2019.11.19-06.17.18:868][284]Cmd: BRUSH ADD SELECTNEWBRUSH
[2019.11.19-06.17.19:617][360]Cmd: CAMERA ALIGN ACTIVEVIEWPORTONLY
[2019.11.19-06.17.29:521][368]LogSlate: FSceneViewport::OnFocusLost() reason 0
[2019.11.19-06.18.00:693][680]LogSlate: FSceneViewport::OnFocusLost() reason 0
[2019.11.19-06.18.02:210][828]LogSlate: FSceneViewport::OnFocusLost() reason 2
[2019.11.19-06.18.12:596][923]LogEditorViewport: Clicking Background
[2019.11.19-06.18.13:504][ 30]LogEditorViewport: Clicking on Actor (LMB): Brush (Box Brush2)
[2019.11.19-06.18.21:769][883]LogSlate: FSceneViewport::OnFocusLost() reason 2
[2019.11.19-06.18.22:947][998]LogSlate: FSceneViewport::OnFocusLost() reason 0
[2019.11.19-06.18.23:002][  4]LogTemp: Repeating last play command: Selected Viewport
[2019.11.19-06.18.23:014][  4]LogBlueprintUserMessages: Early PlayInEditor Detection: Level '/Game/ThirdPersonBP/Maps/ThirdPersonExampleMap.ThirdPersonExampleMap:PersistentLevel' has LevelScriptBlueprint '/Game/ThirdPersonBP/Maps/ThirdPersonExampleMap.ThirdPersonExampleMap:PersistentLevel.ThirdPersonExampleMap' with GeneratedClass '/Game/ThirdPersonBP/Maps/ThirdPersonExampleMap.ThirdPersonExampleMap_C' with ClassGeneratedBy '/Game/ThirdPersonBP/Maps/ThirdPersonExampleMap.ThirdPersonExampleMap:PersistentLevel.ThirdPersonExampleMap'
[2019.11.19-06.18.23:014][  4]LogPlayLevel: PlayLevel: No blueprints needed recompiling
[2019.11.19-06.18.23:014][  4]PIE: New page: PIE session: ThirdPersonExampleMap (Nov 18, 2019, 8:18:23 PM)
[2019.11.19-06.18.23:014][  4]LogPlayLevel: Creating play world package: /Game/ThirdPersonBP/Maps/UEDPIE_0_ThirdPersonExampleMap
[2019.11.19-06.18.23:023][  4]LogPlayLevel: PIE: StaticDuplicateObject took: (0.008341s)
[2019.11.19-06.18.23:023][  4]LogAIModule: Creating AISystem for world ThirdPersonExampleMap
[2019.11.19-06.18.23:024][  4]LogPlayLevel: PIE: World Init took: (0.000747s)
[2019.11.19-06.18.23:024][  4]LogPlayLevel: PIE: Created PIE world by copying editor world from /Game/ThirdPersonBP/Maps/ThirdPersonExampleMap.ThirdPersonExampleMap to /Game/ThirdPersonBP/Maps/UEDPIE_0_ThirdPersonExampleMap.ThirdPersonExampleMap (0.009250s)
[2019.11.19-06.18.23:119][  4]LogUObjectHash: Compacting FUObjectHashTables data took   2.06ms
[2019.11.19-06.18.23:187][  4]LogInit: XAudio2 using 'Headset Earphone (Corsair VOID RGB USB Gaming Headset )' : 2 channels at 44.1 kHz using 16 bits per sample (channel mask 0x3)
[2019.11.19-06.18.23:206][  4]LogInit: FAudioDevice initialized.
[2019.11.19-06.18.23:235][  4]LogLoad: Game class is 'ThirdPersonGameMode_C'
[2019.11.19-06.18.23:238][  4]LogWorld: Bringing World /Game/ThirdPersonBP/Maps/UEDPIE_0_ThirdPersonExampleMap.ThirdPersonExampleMap up for play (max tick rate 0) at 2019.11.19-01.18.23
[2019.11.19-06.18.23:238][  4]LogWorld: Bringing up level for play took: 0.002572
[2019.11.19-06.18.23:251][  4]PIE: Play in editor start time for /Game/ThirdPersonBP/Maps/UEDPIE_0_ThirdPersonExampleMap 1.1
[2019.11.19-06.18.23:262][  4]LogBlueprintUserMessages: Late PlayInEditor Detection: Level '/Game/ThirdPersonBP/Maps/ThirdPersonExampleMap.ThirdPersonExampleMap:PersistentLevel' has LevelScriptBlueprint '/Game/ThirdPersonBP/Maps/ThirdPersonExampleMap.ThirdPersonExampleMap:PersistentLevel.ThirdPersonExampleMap' with GeneratedClass '/Game/ThirdPersonBP/Maps/ThirdPersonExampleMap.ThirdPersonExampleMap_C' with ClassGeneratedBy '/Game/ThirdPersonBP/Maps/ThirdPersonExampleMap.ThirdPersonExampleMap:PersistentLevel.ThirdPersonExampleMap'
[2019.11.19-06.18.25:050][204]LogEditorViewport: Clicking on Actor (LMB): Brush (Box Brush2)
[2019.11.19-06.18.26:539][343]LogSlate: FSceneViewport::OnFocusLost() reason 0
[2019.11.19-06.18.26:601][350]LogBlueprintUserMessages: Early EndPlayMap Detection: Level '/Game/ThirdPersonBP/Maps/ThirdPersonExampleMap.ThirdPersonExampleMap:PersistentLevel' has LevelScriptBlueprint '/Game/ThirdPersonBP/Maps/ThirdPersonExampleMap.ThirdPersonExampleMap:PersistentLevel.ThirdPersonExampleMap' with GeneratedClass '/Game/ThirdPersonBP/Maps/ThirdPersonExampleMap.ThirdPersonExampleMap_C' with ClassGeneratedBy '/Game/ThirdPersonBP/Maps/ThirdPersonExampleMap.ThirdPersonExampleMap:PersistentLevel.ThirdPersonExampleMap'
[2019.11.19-06.18.26:601][350]LogSlate: Updating window title bar state: overlay mode, drag disabled, window buttons hidden, title bar hidden
[2019.11.19-06.18.26:635][350]LogPlayLevel: Display: Shutting down PIE online subsystems
[2019.11.19-06.18.26:635][350]LogBlueprintUserMessages: Late EndPlayMap Detection: Level '/Game/ThirdPersonBP/Maps/ThirdPersonExampleMap.ThirdPersonExampleMap:PersistentLevel' has LevelScriptBlueprint '/Game/ThirdPersonBP/Maps/ThirdPersonExampleMap.ThirdPersonExampleMap:PersistentLevel.ThirdPersonExampleMap' with GeneratedClass '/Game/ThirdPersonBP/Maps/ThirdPersonExampleMap.ThirdPersonExampleMap_C' with ClassGeneratedBy '/Game/ThirdPersonBP/Maps/ThirdPersonExampleMap.ThirdPersonExampleMap:PersistentLevel.ThirdPersonExampleMap'
[2019.11.19-06.18.26:729][350]LogSlate: Updating window title bar state: overlay mode, drag disabled, window buttons hidden, title bar hidden
[2019.11.19-06.18.26:733][350]LogUObjectHash: Compacting FUObjectHashTables data took   1.94ms
[2019.11.19-06.18.26:751][351]LogPlayLevel: Display: Destroying online subsystem :Context_3
[2019.11.19-06.18.28:161][516]LogEditorViewport: Clicking on Actor (LMB): Brush (Box Brush2)
[2019.11.19-06.18.29:457][640]LogSlate: FSceneViewport::OnFocusLost() reason 0
[2019.11.19-06.18.30:160][701]Cmd: CAMERA ALIGN ACTIVEVIEWPORTONLY
[2019.11.19-06.18.34:918][221]LogSlate: FSceneViewport::OnFocusLost() reason 0
[2019.11.19-06.18.35:421][280]LogGeometryMode: Warning: Unable to find 4 Edge(s) in new BSP
[2019.11.19-06.18.35:421][280]LogGeometryMode: Warning: Unable to resolve BoxBrush2 Brush in new BSP, see above
[2019.11.19-06.18.35:421][280]LogGeometryMode: Warning: Unable to find all previously selected geometry data, resetting selection
[2019.11.19-06.18.42:747][115]LogSlate: FSceneViewport::OnFocusLost() reason 0
[2019.11.19-06.18.42:864][129]LogGeometryMode: Warning: Unable to find 4 Edge(s) in new BSP
[2019.11.19-06.18.42:864][129]LogGeometryMode: Warning: Unable to resolve BoxBrush2 Brush in new BSP, see above
[2019.11.19-06.18.42:864][129]LogGeometryMode: Warning: Unable to find all previously selected geometry data, resetting selection
[2019.11.19-06.18.51:077][ 85]LogEditorViewport: Clicking on Actor (LMB): Brush (Box Brush2)
[2019.11.19-06.18.56:475][713]LogEditorViewport: Clicking on Actor (LMB): Brush (Box Brush2)
[2019.11.19-06.18.59:913][ 95]LogEditorViewport: Clicking Background
[2019.11.19-06.19.01:794][319]LogEditorViewport: Clicking on Actor (LMB): Brush (Box Brush2)
[2019.11.19-06.19.04:067][561]Cmd: TRANSACTION UNDO
[2019.11.19-06.19.04:067][561]LogEditorTransaction: Undo Move Actors
[2019.11.19-06.19.04:111][561]LogSlate: Took 0.000227 seconds to synchronously load lazily loaded font '../../../Engine/Content/Slate/Fonts/Roboto-Light.ttf' (167K)
[2019.11.19-06.19.06:317][800]Cmd: TRANSACTION UNDO
[2019.11.19-06.19.06:317][800]LogEditorTransaction: Undo Marquee Select
[2019.11.19-06.19.13:060][539]LogSlate: FSceneViewport::OnFocusLost() reason 0
[2019.11.19-06.19.32:395][801]LogEditorViewport: Clicking on Actor (LMB): Brush (Box Brush3)
[2019.11.19-06.19.44:890][215]LogEditorViewport: Clicking Background
[2019.11.19-06.19.47:804][548]LogEditorViewport: Clicking Background
[2019.11.19-06.19.49:980][805]LogEditorViewport: Clicking on Actor (LMB): Brush (Box Brush3)
[2019.11.19-06.20.00:891][ 27]LogEditorViewport: Clicking Background
[2019.11.19-06.20.02:600][230]LogSlate: FSceneViewport::OnFocusLost() reason 0
[2019.11.19-06.20.05:248][517]LogSlate: FSceneViewport::OnFocusLost() reason 2
[2019.11.19-06.20.10:575][150]LogSlate: FSceneViewport::OnFocusLost() reason 0
[2019.11.19-06.20.12:206][327]LogEditorViewport: Clicking on Actor (LMB): Brush (Box Brush3)
[2019.11.19-06.20.22:124][463]LogSlate: FSceneViewport::OnFocusLost() reason 0
[2019.11.19-06.20.23:630][611]LogSlate: FSceneViewport::OnFocusLost() reason 2
[2019.11.19-06.20.23:684][616]LogEditorViewport: Clicking on Actor (LMB): BP_Sky_Sphere_C (SkySphereBlueprint)
[2019.11.19-06.20.26:480][935]LogSlate: FSceneViewport::OnFocusLost() reason 2
[2019.11.19-06.20.28:006][106]LogSlate: FSceneViewport::OnFocusLost() reason 2
[2019.11.19-06.20.30:590][398]LogSlate: FSceneViewport::OnFocusLost() reason 2
[2019.11.19-06.20.34:575][855]LogSlate: FSceneViewport::OnFocusLost() reason 2
[2019.11.19-06.20.38:360][281]LogSlate: FSceneViewport::OnFocusLost() reason 2
[2019.11.19-06.20.38:420][287]LogEditorViewport: Clicking on Actor (LMB): BP_Sky_Sphere_C (SkySphereBlueprint)
[2019.11.19-06.20.39:762][433]LogSlate: FSceneViewport::OnFocusLost() reason 2
[2019.11.19-06.20.46:369][129]LogSlate: FSceneViewport::OnFocusLost() reason 2
[2019.11.19-06.20.46:438][136]LogEditorViewport: Clicking on Actor (LMB): BP_Sky_Sphere_C (SkySphereBlueprint)
[2019.11.19-06.20.47:706][279]LogEditorViewport: Clicking on Actor (LMB): BP_Sky_Sphere_C (SkySphereBlueprint)
[2019.11.19-06.20.49:539][481]LogSlate: FSceneViewport::OnFocusLost() reason 2
[2019.11.19-06.20.57:150][303]LogSlate: FSceneViewport::OnFocusLost() reason 2
[2019.11.19-06.20.57:228][311]LogEditorViewport: Clicking on Actor (LMB): BP_Sky_Sphere_C (SkySphereBlueprint)
[2019.11.19-06.20.58:943][503]LogSlate: FSceneViewport::OnFocusLost() reason 2
[2019.11.19-06.20.59:029][512]LogEditorViewport: Clicking on Actor (LMB): Brush (Box Brush2)
[2019.11.19-06.21.06:480][305]LogEditorViewport: Clicking on Actor (LMB): Brush (Box Brush3)
[2019.11.19-06.21.06:480][305]LogGeometryMode: Warning: Unable to find BoxBrush3 Brush(s) in new BSP
[2019.11.19-06.21.06:480][305]LogGeometryMode: Warning: Unable to find all previously selected geometry data, resetting selection
[2019.11.19-06.21.13:065][  7]LogSlate: FSceneViewport::OnFocusLost() reason 2
[2019.11.19-06.21.13:117][ 12]LogEditorViewport: Clicking on Actor (LMB): BP_Sky_Sphere_C (SkySphereBlueprint)
[2019.11.19-06.21.16:587][400]LogSlate: FSceneViewport::OnFocusLost() reason 0
[2019.11.19-06.21.27:640][532]LogSlate: FSceneViewport::OnFocusLost() reason 0
[2019.11.19-06.21.28:911][658]LogSlate: FSceneViewport::OnFocusLost() reason 2
[2019.11.19-06.21.29:000][667]LogEditorViewport: Clicking on Actor (LMB): Brush (Box Brush3)
[2019.11.19-06.21.40:110][915]LogSlate: FSceneViewport::OnFocusLost() reason 0
[2019.11.19-06.21.41:909][ 99]LogSlate: FSceneViewport::OnFocusLost() reason 0
[2019.11.19-06.21.45:520][482]Cmd: BRUSH ADD SELECTNEWBRUSH
[2019.11.19-06.21.46:261][563]Cmd: CAMERA ALIGN ACTIVEVIEWPORTONLY
[2019.11.19-06.21.47:763][712]LogSlate: FSceneViewport::OnFocusLost() reason 0
[2019.11.19-06.21.55:534][579]LogSlate: FSceneViewport::OnFocusLost() reason 0
[2019.11.19-06.22.00:618][135]Cmd: CAMERA ALIGN ACTIVEVIEWPORTONLY
[2019.11.19-06.22.15:094][800]LogGeometryMode: Warning: Unable to find BoxBrush Brush(s) in new BSP
[2019.11.19-06.22.15:094][800]LogGeometryMode: Warning: Unable to find all previously selected geometry data, resetting selection
[2019.11.19-06.22.23:443][746]LogSlate: FSceneViewport::OnFocusLost() reason 2
[2019.11.19-06.22.32:580][812]LogSlate: FSceneViewport::OnFocusLost() reason 0
[2019.11.19-06.22.33:943][946]LogSlate: FSceneViewport::OnFocusLost() reason 2
[2019.11.19-06.22.34:038][956]LogEditorViewport: Clicking on Actor (LMB): Brush (Box Brush3)
[2019.11.19-06.22.49:248][694]LogSlate: FSceneViewport::OnFocusLost() reason 0
[2019.11.19-06.22.54:976][325]LogSlate: FSceneViewport::OnFocusLost() reason 0
[2019.11.19-06.22.56:638][489]LogSlate: FSceneViewport::OnFocusLost() reason 2
[2019.11.19-06.22.59:069][766]LogEditorViewport: Clicking on Actor (LMB): Brush (Box Brush3)
[2019.11.19-06.23.04:282][340]Cmd: TRANSACTION UNDO
[2019.11.19-06.23.04:283][340]LogEditorTransaction: Undo Marquee Select
[2019.11.19-06.23.09:307][835]LogSlate: FSceneViewport::OnFocusLost() reason 2
[2019.11.19-06.23.09:408][846]LogGeometryMode: Warning: Unable to find BoxBrush Brush(s) in new BSP
[2019.11.19-06.23.09:408][846]LogGeometryMode: Warning: Unable to find all previously selected geometry data, resetting selection
[2019.11.19-06.23.09:459][846]LogSlate: FSceneViewport::OnFocusLost() reason 2
[2019.11.19-06.24.16:725][384]LogSlate: FSceneViewport::OnFocusLost() reason 0
[2019.11.19-06.24.17:539][453]LogSlate: FSceneViewport::OnFocusLost() reason 2
[2019.11.19-06.24.18:971][615]LogEditorViewport: Clicking on Actor (LMB): Brush (Box Brush2)
[2019.11.19-06.24.23:323][100]LogSlate: FSceneViewport::OnFocusLost() reason 2
[2019.11.19-06.24.23:385][106]LogEditorViewport: Clicking Background
[2019.11.19-06.24.24:334][218]Cmd: TRANSACTION UNDO
[2019.11.19-06.24.24:334][218]LogEditorTransaction: Undo Clicking Background
[2019.11.19-06.24.24:682][242]Cmd: TRANSACTION UNDO
[2019.11.19-06.24.24:682][242]LogEditorTransaction: Undo Move Actors
[2019.11.19-06.24.24:699][242]LogGeometryMode: Warning: Unable to find 2 Vertex(s) in new BSP
[2019.11.19-06.24.24:699][242]LogGeometryMode: Warning: Unable to resolve BoxBrush2 Brush in new BSP, see above
[2019.11.19-06.24.24:699][242]LogGeometryMode: Warning: Unable to find all previously selected geometry data, resetting selection
[2019.11.19-06.24.25:173][288]LogSlate: FSceneViewport::OnFocusLost() reason 2
[2019.11.19-06.24.25:227][293]LogEditorViewport: Clicking Background
[2019.11.19-06.24.26:180][406]LogEditorViewport: Clicking on Actor (LMB): Brush (Box Brush2)
[2019.11.19-06.24.28:449][620]Cmd: TRANSACTION UNDO
[2019.11.19-06.24.28:449][620]LogEditorTransaction: Undo Move Actors
[2019.11.19-06.24.28:465][620]LogGeometryMode: Warning: Unable to find 2 Vertex(s) in new BSP
[2019.11.19-06.24.28:465][620]LogGeometryMode: Warning: Unable to resolve BoxBrush2 Brush in new BSP, see above
[2019.11.19-06.24.28:465][620]LogGeometryMode: Warning: Unable to find all previously selected geometry data, resetting selection
[2019.11.19-06.24.33:043][ 98]Cmd: TRANSACTION UNDO
[2019.11.19-06.24.33:043][ 98]LogEditorTransaction: Undo Move Actors
[2019.11.19-06.24.33:059][ 98]LogGeometryMode: Warning: Unable to find 2 Vertex(s) in new BSP
[2019.11.19-06.24.33:059][ 98]LogGeometryMode: Warning: Unable to resolve BoxBrush2 Brush in new BSP, see above
[2019.11.19-06.24.33:059][ 98]LogGeometryMode: Warning: Unable to find all previously selected geometry data, resetting selection
[2019.11.19-06.24.39:554][747]Cmd: TRANSACTION UNDO
[2019.11.19-06.24.39:554][747]LogEditorTransaction: Undo Move Actors
[2019.11.19-06.24.39:571][747]LogGeometryMode: Warning: Unable to find 2 Vertex(s) in new BSP
[2019.11.19-06.24.39:571][747]LogGeometryMode: Warning: Unable to resolve BoxBrush2 Brush in new BSP, see above
[2019.11.19-06.24.39:571][747]LogGeometryMode: Warning: Unable to find all previously selected geometry data, resetting selection
[2019.11.19-06.24.58:206][664]LogEditorViewport: Clicking on Actor (LMB): Brush (Box Brush3)
[2019.11.19-06.25.25:978][596]LogSlate: FSceneViewport::OnFocusLost() reason 2
[2019.11.19-06.25.26:051][603]LogEditorViewport: Clicking on Actor (context menu): Brush (Box Brush3)
[2019.11.19-06.25.26:088][603]LogSlate: FSceneViewport::OnFocusLost() reason 2
[2019.11.19-06.26.08:889][592]LogSlate: FSceneViewport::OnFocusLost() reason 2
[2019.11.19-06.26.09:013][592]LogUObjectHash: Compacting FUObjectHashTables data took   2.91ms
[2019.11.19-06.26.09:843][592]LogSavePackage: Moving '../../../../../../Users/devin/OneDrive/Desktop/300/300-HW5-Station/Saved/ThirdPersonExampleMap_Auto1156A04D8434CD7ED13D4309B20441B3A.tmp' to '../../../../../../Users/devin/OneDrive/Desktop/300/300-HW5-Station/Saved/Autosaves/Game/ThirdPersonBP/Maps/ThirdPersonExampleMap_Auto1.umap'
[2019.11.19-06.26.09:848][592]LogFileHelpers: Editor autosave (incl. sublevels) for '/Game/ThirdPersonBP/Maps/ThirdPersonExampleMap' took 0.939
[2019.11.19-06.26.09:848][592]LogFileHelpers: Editor autosave (incl. sublevels) for all levels took 0.939
[2019.11.19-06.33.53:658][ 78]LogSlate: FSceneViewport::OnFocusLost() reason 0
[2019.11.19-06.33.56:476][367]Cmd: BRUSH ADD SELECTNEWBRUSH
[2019.11.19-06.33.56:822][400]Cmd: CAMERA ALIGN ACTIVEVIEWPORTONLY
[2019.11.19-06.34.00:694][831]LogSlate: FSceneViewport::OnFocusLost() reason 0
[2019.11.19-06.34.02:049][960]LogSlate: FSceneViewport::OnFocusLost() reason 2
[2019.11.19-06.34.03:060][ 64]Cmd: CAMERA ALIGN ACTIVEVIEWPORTONLY
[2019.11.19-06.34.04:769][245]LogSlate: FSceneViewport::OnFocusLost() reason 0
[2019.11.19-06.34.09:021][709]Cmd: CAMERA ALIGN ACTIVEVIEWPORTONLY
[2019.11.19-06.35.42:795][841]LogEditorViewport: Clicking on Actor (LMB): Brush (Box Brush5)
[2019.11.19-06.35.52:434][969]LogEditorViewport: Clicking Background
[2019.11.19-06.35.56:607][461]LogEditorViewport: Clicking on Actor (LMB): Brush (Box Brush5)
[2019.11.19-06.36.18:779][ 73]LogSlate: FSceneViewport::OnFocusLost() reason 0
[2019.11.19-06.36.20:116][228]LogEditorViewport: Clicking on Actor (LMB): Brush (Box Brush5)
[2019.11.19-06.36.24:715][734]Cmd: CAMERA ALIGN ACTIVEVIEWPORTONLY
[2019.11.19-06.36.55:582][263]LogEditorViewport: Clicking on Actor (LMB): Brush (Box Brush7)
[2019.11.19-06.37.21:450][283]LogEditorViewport: Clicking Background
[2019.11.19-06.37.25:782][799]LogEditorViewport: Clicking on Actor (LMB): Brush (Box Brush5)
[2019.11.19-06.38.03:886][324]LogSlate: FSceneViewport::OnFocusLost() reason 2
[2019.11.19-06.38.04:005][324]LogUObjectHash: Compacting FUObjectHashTables data took   3.20ms
[2019.11.19-06.38.05:131][324]LogSavePackage: Moving '../../../../../../Users/devin/OneDrive/Desktop/300/300-HW5-Station/Saved/ThirdPersonExampleMap_Auto2098053CA4DC9149094823C82BB49E3EB.tmp' to '../../../../../../Users/devin/OneDrive/Desktop/300/300-HW5-Station/Saved/Autosaves/Game/ThirdPersonBP/Maps/ThirdPersonExampleMap_Auto2.umap'
[2019.11.19-06.38.05:136][324]LogFileHelpers: Editor autosave (incl. sublevels) for '/Game/ThirdPersonBP/Maps/ThirdPersonExampleMap' took 1.224
[2019.11.19-06.38.05:136][324]LogFileHelpers: Editor autosave (incl. sublevels) for all levels took 1.224
[2019.11.19-06.38.14:012][310]LogSlate: FSceneViewport::OnFocusLost() reason 0
[2019.11.19-06.38.16:142][565]LogEditorViewport: Clicking on Actor (LMB): Brush (Box Brush4)
[2019.11.19-06.38.31:852][331]LogSlate: FSceneViewport::OnFocusLost() reason 0
[2019.11.19-06.38.33:332][473]LogSlate: FSceneViewport::OnFocusLost() reason 2
[2019.11.19-06.38.36:668][833]Cmd: TRANSACTION UNDO
[2019.11.19-06.38.36:668][833]LogEditorTransaction: Undo Move Actors
[2019.11.19-06.38.36:690][833]LogGeometryMode: Warning: Unable to find 4 Vertex(s) in new BSP
[2019.11.19-06.38.36:690][833]LogGeometryMode: Warning: Unable to resolve BoxBrush8 Brush in new BSP, see above
[2019.11.19-06.38.36:690][833]LogGeometryMode: Warning: Unable to find all previously selected geometry data, resetting selection
[2019.11.19-06.38.37:645][918]LogSlate: FSceneViewport::OnFocusLost() reason 2
[2019.11.19-06.38.37:699][923]LogEditorViewport: Clicking Background
[2019.11.19-06.38.38:513][ 19]LogEditorViewport: Clicking on Actor (LMB): Brush (Box Brush8)
[2019.11.19-06.38.41:888][371]LogEditorViewport: Clicking Background
[2019.11.19-06.38.44:246][652]LogEditorViewport: Clicking on Actor (LMB): Brush (Box Brush8)
[2019.11.19-06.38.51:620][455]LogEditorViewport: Clicking on Actor (LMB): Brush (Box Brush7)
[2019.11.19-06.38.55:389][894]LogSlate: FSceneViewport::OnFocusLost() reason 2
[2019.11.19-06.38.57:545][138]LogEditorViewport: Clicking on Actor (CTRL LMB): Brush (Box Brush6)
[2019.11.19-06.39.01:515][586]LogEditorViewport: Clicking on Actor (CTRL LMB): Brush (Box Brush5)
[2019.11.19-06.39.04:472][920]LogEditorViewport: Clicking on Actor (CTRL LMB): Brush (Box Brush8)
[2019.11.19-06.39.06:130][105]LogSlate: FSceneViewport::OnFocusLost() reason 2
[2019.11.19-06.39.11:894][695]LogSlate: FSceneViewport::OnFocusLost() reason 2
[2019.11.19-06.39.23:810][ 43]LogEditorViewport: Clicking Background
[2019.11.19-06.39.27:670][502]LogEditorViewport: Clicking on Actor (LMB): Brush (Box Brush8)
[2019.11.19-06.39.36:101][436]LogEditorViewport: Clicking on Actor (LMB): Brush (Box Brush5)
[2019.11.19-06.39.47:363][633]LogEditorViewport: Clicking on Actor (LMB): Brush (Box Brush9)
[2019.11.19-06.39.53:076][207]Cmd: CAMERA ALIGN ACTIVEVIEWPORTONLY
[2019.11.19-06.39.54:615][349]LogSlate: FSceneViewport::OnFocusLost() reason 2
[2019.11.19-06.40.55:449][  4]LogSlate: FSceneViewport::OnFocusLost() reason 2
[2019.11.19-06.40.55:499][  9]LogGeometryMode: Warning: Unable to find BoxBrush2 Brush(s) in new BSP
[2019.11.19-06.40.55:499][  9]LogGeometryMode: Warning: Unable to find all previously selected geometry data, resetting selection
[2019.11.19-06.40.58:612][362]LogSlate: FSceneViewport::OnFocusLost() reason 0
[2019.11.19-06.40.59:503][437]LogSlate: FSceneViewport::OnFocusLost() reason 0
[2019.11.19-06.40.59:553][443]LogTemp: Repeating last play command: Selected Viewport
[2019.11.19-06.40.59:564][443]LogBlueprintUserMessages: Early PlayInEditor Detection: Level '/Game/ThirdPersonBP/Maps/ThirdPersonExampleMap.ThirdPersonExampleMap:PersistentLevel' has LevelScriptBlueprint '/Game/ThirdPersonBP/Maps/ThirdPersonExampleMap.ThirdPersonExampleMap:PersistentLevel.ThirdPersonExampleMap' with GeneratedClass '/Game/ThirdPersonBP/Maps/ThirdPersonExampleMap.ThirdPersonExampleMap_C' with ClassGeneratedBy '/Game/ThirdPersonBP/Maps/ThirdPersonExampleMap.ThirdPersonExampleMap:PersistentLevel.ThirdPersonExampleMap'
[2019.11.19-06.40.59:564][443]LogPlayLevel: PlayLevel: No blueprints needed recompiling
[2019.11.19-06.40.59:564][443]PIE: New page: PIE session: ThirdPersonExampleMap (Nov 18, 2019, 8:40:59 PM)
[2019.11.19-06.40.59:565][443]LogPlayLevel: Creating play world package: /Game/ThirdPersonBP/Maps/UEDPIE_0_ThirdPersonExampleMap
[2019.11.19-06.40.59:580][443]LogPlayLevel: PIE: StaticDuplicateObject took: (0.015150s)
[2019.11.19-06.40.59:580][443]LogAIModule: Creating AISystem for world ThirdPersonExampleMap
[2019.11.19-06.40.59:580][443]LogPlayLevel: PIE: World Init took: (0.000647s)
[2019.11.19-06.40.59:580][443]LogPlayLevel: PIE: Created PIE world by copying editor world from /Game/ThirdPersonBP/Maps/ThirdPersonExampleMap.ThirdPersonExampleMap to /Game/ThirdPersonBP/Maps/UEDPIE_0_ThirdPersonExampleMap.ThirdPersonExampleMap (0.015931s)
[2019.11.19-06.40.59:648][443]LogUObjectHash: Compacting FUObjectHashTables data took   3.73ms
[2019.11.19-06.40.59:712][443]LogInit: XAudio2 using 'Headset Earphone (Corsair VOID RGB USB Gaming Headset )' : 2 channels at 44.1 kHz using 16 bits per sample (channel mask 0x3)
[2019.11.19-06.40.59:731][443]LogInit: FAudioDevice initialized.
[2019.11.19-06.40.59:763][443]LogLoad: Game class is 'ThirdPersonGameMode_C'
[2019.11.19-06.40.59:767][443]LogWorld: Bringing World /Game/ThirdPersonBP/Maps/UEDPIE_0_ThirdPersonExampleMap.ThirdPersonExampleMap up for play (max tick rate 0) at 2019.11.19-01.40.59
[2019.11.19-06.40.59:767][443]LogWorld: Bringing up level for play took: 0.003353
[2019.11.19-06.40.59:780][443]PIE: Play in editor start time for /Game/ThirdPersonBP/Maps/UEDPIE_0_ThirdPersonExampleMap -0.37
[2019.11.19-06.40.59:791][443]LogBlueprintUserMessages: Late PlayInEditor Detection: Level '/Game/ThirdPersonBP/Maps/ThirdPersonExampleMap.ThirdPersonExampleMap:PersistentLevel' has LevelScriptBlueprint '/Game/ThirdPersonBP/Maps/ThirdPersonExampleMap.ThirdPersonExampleMap:PersistentLevel.ThirdPersonExampleMap' with GeneratedClass '/Game/ThirdPersonBP/Maps/ThirdPersonExampleMap.ThirdPersonExampleMap_C' with ClassGeneratedBy '/Game/ThirdPersonBP/Maps/ThirdPersonExampleMap.ThirdPersonExampleMap:PersistentLevel.ThirdPersonExampleMap'
[2019.11.19-06.42.11:770][ 53]LogBlueprintUserMessages: Early EndPlayMap Detection: Level '/Game/ThirdPersonBP/Maps/ThirdPersonExampleMap.ThirdPersonExampleMap:PersistentLevel' has LevelScriptBlueprint '/Game/ThirdPersonBP/Maps/ThirdPersonExampleMap.ThirdPersonExampleMap:PersistentLevel.ThirdPersonExampleMap' with GeneratedClass '/Game/ThirdPersonBP/Maps/ThirdPersonExampleMap.ThirdPersonExampleMap_C' with ClassGeneratedBy '/Game/ThirdPersonBP/Maps/ThirdPersonExampleMap.ThirdPersonExampleMap:PersistentLevel.ThirdPersonExampleMap'
[2019.11.19-06.42.11:771][ 53]LogSlate: Updating window title bar state: overlay mode, drag disabled, window buttons hidden, title bar hidden
[2019.11.19-06.42.11:799][ 53]LogPlayLevel: Display: Shutting down PIE online subsystems
[2019.11.19-06.42.11:800][ 53]LogBlueprintUserMessages: Late EndPlayMap Detection: Level '/Game/ThirdPersonBP/Maps/ThirdPersonExampleMap.ThirdPersonExampleMap:PersistentLevel' has LevelScriptBlueprint '/Game/ThirdPersonBP/Maps/ThirdPersonExampleMap.ThirdPersonExampleMap:PersistentLevel.ThirdPersonExampleMap' with GeneratedClass '/Game/ThirdPersonBP/Maps/ThirdPersonExampleMap.ThirdPersonExampleMap_C' with ClassGeneratedBy '/Game/ThirdPersonBP/Maps/ThirdPersonExampleMap.ThirdPersonExampleMap:PersistentLevel.ThirdPersonExampleMap'
[2019.11.19-06.42.11:909][ 53]LogSlate: Updating window title bar state: overlay mode, drag disabled, window buttons hidden, title bar hidden
[2019.11.19-06.42.11:916][ 53]LogUObjectHash: Compacting FUObjectHashTables data took   3.40ms
[2019.11.19-06.42.11:942][ 54]LogPlayLevel: Display: Destroying online subsystem :Context_4
[2019.11.19-06.42.22:330][239]Cmd: CAMERA ALIGN ACTIVEVIEWPORTONLY
[2019.11.19-06.42.26:769][759]LogSlate: FSceneViewport::OnFocusLost() reason 0
[2019.11.19-06.42.28:012][879]LogSlate: FSceneViewport::OnFocusLost() reason 2
[2019.11.19-06.42.28:555][937]LogSlate: FSceneViewport::OnFocusLost() reason 2
[2019.11.19-06.42.30:836][164]LogSlate: FSceneViewport::OnFocusLost() reason 0
[2019.11.19-06.42.51:676][576]LogSlate: FSceneViewport::OnFocusLost() reason 0
[2019.11.19-06.43.00:146][487]Cmd: BRUSH ADD SELECTNEWBRUSH
[2019.11.19-06.43.06:508][225]LogSlate: FSceneViewport::OnFocusLost() reason 0
[2019.11.19-06.43.14:006][ 94]LogSlate: FSceneViewport::OnFocusLost() reason 0
[2019.11.19-06.43.21:431][965]LogSlate: FSceneViewport::OnFocusLost() reason 0
[2019.11.19-06.43.26:942][577]LogSlate: FSceneViewport::OnFocusLost() reason 2
[2019.11.19-06.43.28:193][720]LogSlate: FSceneViewport::OnFocusLost() reason 0
[2019.11.19-06.43.35:004][490]LogSlate: FSceneViewport::OnFocusLost() reason 0
[2019.11.19-06.43.44:210][562]LogSlate: FSceneViewport::OnFocusLost() reason 2
[2019.11.19-06.43.46:802][864]LogSlate: FSceneViewport::OnFocusLost() reason 0
[2019.11.19-06.43.47:796][958]LogSlate: FSceneViewport::OnFocusLost() reason 2
[2019.11.19-06.43.49:192][113]LogSlate: FSceneViewport::OnFocusLost() reason 0
[2019.11.19-06.43.50:637][263]Cmd: CAMERA ALIGN ACTIVEVIEWPORTONLY
[2019.11.19-06.44.04:236][851]LogSlate: FSceneViewport::OnFocusLost() reason 0
[2019.11.19-06.44.05:615][981]Cmd: BRUSH ADD SELECTNEWBRUSH
[2019.11.19-06.44.11:995][714]LogSlate: FSceneViewport::OnFocusLost() reason 0
[2019.11.19-06.44.23:114][998]LogSlate: FSceneViewport::OnFocusLost() reason 0
[2019.11.19-06.44.25:096][199]LogSlate: FSceneViewport::OnFocusLost() reason 2
[2019.11.19-06.44.33:050][ 44]LogSlate: FSceneViewport::OnFocusLost() reason 0
[2019.11.19-06.44.52:895][355]Cmd: TRANSACTION UNDO
[2019.11.19-06.44.52:895][355]LogEditorTransaction: Undo Edit Outer Radius
[2019.11.19-06.44.59:475][ 79]LogSlate: FSceneViewport::OnFocusLost() reason 0
[2019.11.19-06.44.59:724][ 94]LogSlate: FSceneViewport::OnFocusLost() reason 2
[2019.11.19-06.44.59:730][ 94]LogSlate: FSceneViewport::OnFocusLost() reason 2
[2019.11.19-06.45.05:105][542]Cmd: BRUSH ADD SELECTNEWBRUSH
[2019.11.19-06.45.06:340][670]LogSlate: FSceneViewport::OnFocusLost() reason 0
[2019.11.19-06.45.15:332][702]LogSlate: FSceneViewport::OnFocusLost() reason 2
[2019.11.19-06.45.26:893][948]LogSlate: FSceneViewport::OnFocusLost() reason 2
[2019.11.19-06.45.29:742][274]LogSlate: FSceneViewport::OnFocusLost() reason 2
[2019.11.19-06.45.35:905][926]LogSlate: FSceneViewport::OnFocusLost() reason 2
[2019.11.19-06.45.38:971][252]Cmd: TRANSACTION UNDO
[2019.11.19-06.45.38:971][252]LogEditorTransaction: Undo Move Actors
[2019.11.19-06.45.41:169][476]LogSlate: FSceneViewport::OnFocusLost() reason 0
[2019.11.19-06.46.02:088][918]LogSlate: FSceneViewport::OnFocusLost() reason 0
[2019.11.19-06.46.04:657][206]LogSlate: FSceneViewport::OnFocusLost() reason 0
[2019.11.19-06.46.06:954][423]Cmd: BRUSH ADD SELECTNEWBRUSH
[2019.11.19-06.46.07:209][444]Cmd: CAMERA ALIGN ACTIVEVIEWPORTONLY
[2019.11.19-06.46.21:157][ 39]LogSlate: FSceneViewport::OnFocusLost() reason 0
[2019.11.19-06.46.32:257][333]LogSlate: FSceneViewport::OnFocusLost() reason 0
[2019.11.19-06.46.42:537][474]LogSlate: FSceneViewport::OnFocusLost() reason 2
[2019.11.19-06.46.47:385][  1]LogSlate: FSceneViewport::OnFocusLost() reason 2
[2019.11.19-06.46.47:618][ 27]Cmd: CAMERA ALIGN ACTIVEVIEWPORTONLY
[2019.11.19-06.46.51:970][528]LogSlate: FSceneViewport::OnFocusLost() reason 0
[2019.11.19-06.47.08:673][398]LogSlate: FSceneViewport::OnFocusLost() reason 0
[2019.11.19-06.47.13:828][994]Cmd: TRANSACTION UNDO
[2019.11.19-06.47.13:828][994]LogEditorTransaction: Undo Edit Z
[2019.11.19-06.47.34:675][301]Cmd: TRANSACTION UNDO
[2019.11.19-06.47.34:675][301]LogEditorTransaction: Undo Move Actors
[2019.11.19-06.47.36:219][449]LogSlate: FSceneViewport::OnFocusLost() reason 0
[2019.11.19-06.47.36:431][466]LogSlate: FSceneViewport::OnFocusLost() reason 2
[2019.11.19-06.47.38:479][669]Cmd: BRUSH ADD SELECTNEWBRUSH
[2019.11.19-06.47.39:647][789]LogSlate: FSceneViewport::OnFocusLost() reason 0
[2019.11.19-06.47.56:912][684]LogSlate: FSceneViewport::OnFocusLost() reason 2
[2019.11.19-06.48.00:668][111]LogSlate: FSceneViewport::OnFocusLost() reason 0
[2019.11.19-06.48.12:719][263]LogSlate: FSceneViewport::OnFocusLost() reason 2
[2019.11.19-06.48.17:049][751]LogSlate: FSceneViewport::OnFocusLost() reason 2
[2019.11.19-06.48.22:495][327]LogSlate: FSceneViewport::OnFocusLost() reason 2
[2019.11.19-06.48.29:185][ 96]LogSlate: FSceneViewport::OnFocusLost() reason 2
[2019.11.19-06.48.30:015][185]Cmd: CAMERA ALIGN ACTIVEVIEWPORTONLY
[2019.11.19-06.48.38:452][ 59]LogSlate: FSceneViewport::OnFocusLost() reason 0
[2019.11.19-06.49.02:032][762]LogSlate: FSceneViewport::OnFocusLost() reason 2
[2019.11.19-06.49.02:154][762]LogUObjectHash: Compacting FUObjectHashTables data took   4.28ms
[2019.11.19-06.49.04:805][762]LogSavePackage: Moving '../../../../../../Users/devin/OneDrive/Desktop/300/300-HW5-Station/Saved/ThirdPersonExampleMapF37DA8504971F0E80AB2CC9873C424C9.tmp' to '../../../../../../Users/devin/OneDrive/Desktop/300/300-HW5-Station/Content/ThirdPersonBP/Maps/ThirdPersonExampleMap.umap'
[2019.11.19-06.49.05:192][762]LogSavePackage: Moving '../../../../../../Users/devin/OneDrive/Desktop/300/300-HW5-Station/Saved/ThirdPersonExampleMap_BuiltData62D84B114E1EF7EFA656EC840ED44C35.tmp' to '../../../../../../Users/devin/OneDrive/Desktop/300/300-HW5-Station/Content/ThirdPersonBP/Maps/ThirdPersonExampleMap_BuiltData.uasset'
[2019.11.19-07.13.20:026][964]LogSlate: FSceneViewport::OnFocusLost() reason 2
[2019.11.19-07.13.20:182][964]LogUObjectHash: Compacting FUObjectHashTables data took   3.81ms
[2019.11.19-07.13.20:451][964]LogSavePackage: Moving '../../../../../../Users/devin/OneDrive/Desktop/300/300-HW5-Station/Saved/ThirdPersonExampleMapFD8148E1409C64C0901ECDAACD66E724.tmp' to '../../../../../../Users/devin/OneDrive/Desktop/300/300-HW5-Station/Content/ThirdPersonBP/Maps/ThirdPersonExampleMap.umap'
[2019.11.19-07.13.20:733][964]LogSavePackage: Moving '../../../../../../Users/devin/OneDrive/Desktop/300/300-HW5-Station/Saved/ThirdPersonExampleMap_BuiltData3D89FC1248A3550283AFF3906A8D6C2A.tmp' to '../../../../../../Users/devin/OneDrive/Desktop/300/300-HW5-Station/Content/ThirdPersonBP/Maps/ThirdPersonExampleMap_BuiltData.uasset'
