Log file open, 12/06/19 13:08:16
LogWindows: Failed to load 'aqProf.dll' (GetLastError=126)
LogWindows: File 'aqProf.dll' does not exist
LogWindows: Failed to load 'VtuneApi.dll' (GetLastError=126)
LogWindows: File 'VtuneApi.dll' does not exist
LogWindows: Failed to load 'VtuneApi32e.dll' (GetLastError=126)
LogWindows: File 'VtuneApi32e.dll' does not exist
LogConsoleResponse: Display: Failed to find resolution value strings in scalability ini. Falling back to default.
LogInit: Display: Running engine for game: Station
LogPakFile: Registered encryption key '00000000000000000000000000000000': 0 pak files mounted, 0 remain pending
LogPlatformFile: Not using cached read wrapper
LogTaskGraph: Started task graph with 5 named threads and 59 total threads with 3 sets of task threads.
LogStats: Stats thread started at 1.119928
LogD3D11RHI: Loaded GFSDK_Aftermath_Lib.x64.dll
LogICUInternationalization: ICU TimeZone Detection - Raw Offset: -5:00, Platform Override: ''
LogPluginManager: Mounting plugin Paper2D
LogPluginManager: Mounting plugin AISupport
LogPluginManager: Mounting plugin LightPropagationVolume
LogPluginManager: Mounting plugin ActorLayerUtilities
LogPluginManager: Mounting plugin AnimationSharing
LogPluginManager: Mounting plugin CLionSourceCodeAccess
LogPluginManager: Mounting plugin CodeLiteSourceCodeAccess
LogPluginManager: Mounting plugin GitSourceControl
LogPluginManager: Mounting plugin KDevelopSourceCodeAccess
LogPluginManager: Mounting plugin NullSourceCodeAccess
LogPluginManager: Mounting plugin PerforceSourceControl
LogPluginManager: Mounting plugin SubversionSourceControl
LogPluginManager: Mounting plugin UObjectPlugin
LogPluginManager: Mounting plugin VisualStudioCodeSourceCodeAccess
LogPluginManager: Mounting plugin VisualStudioSourceCodeAccess
LogPluginManager: Mounting plugin XCodeSourceCodeAccess
LogPluginManager: Mounting plugin AssetManagerEditor
LogPluginManager: Mounting plugin CryptoKeys
LogPluginManager: Mounting plugin DataValidation
LogPluginManager: Mounting plugin FacialAnimation
LogPluginManager: Mounting plugin GameplayTagsEditor
LogPluginManager: Mounting plugin MacGraphicsSwitching
LogPluginManager: Mounting plugin MaterialAnalyzer
LogPluginManager: Mounting plugin MobileLauncherProfileWizard
LogPluginManager: Mounting plugin PluginBrowser
LogPluginManager: Mounting plugin SpeedTreeImporter
LogPluginManager: Mounting plugin DatasmithContent
LogPluginManager: Mounting plugin VariantManagerContent
LogPluginManager: Mounting plugin AlembicImporter
LogPluginManager: Mounting plugin AppleImageUtils
LogPluginManager: Mounting plugin AppleVision
LogPluginManager: Mounting plugin BackChannel
LogPluginManager: Mounting plugin CharacterAI
LogPluginManager: Mounting plugin GeometryCache
LogPluginManager: Mounting plugin HTML5Networking
LogPluginManager: Mounting plugin ProxyLODPlugin
LogPluginManager: Mounting plugin SkeletalReduction
LogPluginManager: Mounting plugin MagicLeap
LogPluginManager: Mounting plugin MagicLeapMedia
LogPluginManager: Mounting plugin AndroidMedia
LogPluginManager: Mounting plugin AvfMedia
LogPluginManager: Mounting plugin ImgMedia
LogPluginManager: Mounting plugin LinearTimecode
LogPluginManager: Mounting plugin MediaCompositing
LogPluginManager: Mounting plugin MediaPlayerEditor
LogPluginManager: Mounting plugin WebMMedia
LogPluginManager: Mounting plugin WmfMedia
LogPluginManager: Mounting plugin TcpMessaging
LogPluginManager: Mounting plugin UdpMessaging
LogPluginManager: Mounting plugin ActorSequence
LogPluginManager: Mounting plugin LevelSequenceEditor
LogPluginManager: Mounting plugin MatineeToLevelSequence
LogPluginManager: Mounting plugin NetcodeUnitTest
LogPluginManager: Mounting plugin NUTUnrealEngine4
LogPluginManager: Mounting plugin OnlineSubsystemGooglePlay
LogPluginManager: Mounting plugin OnlineSubsystemIOS
LogPluginManager: Mounting plugin OnlineSubsystem
LogPluginManager: Mounting plugin OnlineSubsystemNull
LogPluginManager: Mounting plugin OnlineSubsystemUtils
LogPluginManager: Mounting plugin LauncherChunkInstaller
LogPluginManager: Mounting plugin AndroidDeviceProfileSelector
LogPluginManager: Mounting plugin AndroidMoviePlayer
LogPluginManager: Mounting plugin AndroidPermission
LogPluginManager: Mounting plugin AppleMoviePlayer
LogPluginManager: Mounting plugin ArchVisCharacter
LogPluginManager: Mounting plugin AudioCapture
LogPluginManager: Mounting plugin CableComponent
LogPluginManager: Mounting plugin CustomMeshComponent
LogPluginManager: Mounting plugin EditableMesh
LogPluginManager: Mounting plugin ExampleDeviceProfileSelector
LogPluginManager: Mounting plugin Firebase
LogPluginManager: Mounting plugin GoogleCloudMessaging
LogPluginManager: Mounting plugin IOSDeviceProfileSelector
LogPluginManager: Mounting plugin LinuxDeviceProfileSelector
LogPluginManager: Mounting plugin LocationServicesBPLibrary
LogPluginManager: Mounting plugin MobilePatchingUtils
LogPluginManager: Mounting plugin OculusVR
LogPluginManager: Mounting plugin PhysXVehicles
LogPluginManager: Mounting plugin ProceduralMeshComponent
LogPluginManager: Mounting plugin RuntimePhysXCooking
LogPluginManager: Mounting plugin SignificanceManager
LogPluginManager: Mounting plugin SteamVR
LogPluginManager: Mounting plugin WebMMoviePlayer
LogPluginManager: Mounting plugin WindowsMoviePlayer
LogInit: Using libcurl 7.55.1-DEV
LogInit:  - built for x86_64-pc-win32
LogInit:  - supports SSL with OpenSSL/1.1.1
LogInit:  - supports HTTP deflate (compression) using libz 1.2.8
LogInit:  - other features:
LogInit:      CURL_VERSION_SSL
LogInit:      CURL_VERSION_LIBZ
LogInit:      CURL_VERSION_IPV6
LogInit:      CURL_VERSION_ASYNCHDNS
LogInit:      CURL_VERSION_LARGEFILE
LogInit:      CURL_VERSION_IDN
LogInit:  CurlRequestOptions (configurable via config and command line):
LogInit:  - bVerifyPeer = true  - Libcurl will verify peer certificate
LogInit:  - bUseHttpProxy = false  - Libcurl will NOT use HTTP proxy
LogInit:  - bDontReuseConnections = false  - Libcurl will reuse connections
LogInit:  - MaxHostConnections = 16  - Libcurl will limit the number of connections to a host
LogInit:  - LocalHostAddr = Default
LogInit:  - BufferSize = 65536
LogInit: WinSock: version 1.1 (2.2), MaxSocks=32767, MaxUdp=65467
LogInit: Build: ++UE4+Release-4.22-CL-7053642
LogInit: Engine Version: 4.22.3-7053642+++UE4+Release-4.22
LogInit: Compatible Engine Version: 4.22.0-5660361+++UE4+Release-4.22
LogInit: Net CL: 5660361
LogInit: OS: Windows 10 (Release 1803) (), CPU: Intel(R) Xeon(R) CPU E5-2630 v4 @ 2.20GHz, GPU: NVIDIA Quadro P5000
LogInit: Compiled (64-bit): Jun 18 2019 03:09:11
LogInit: Compiled with Visual C++: 19.16.27025.01
LogInit: Build Configuration: Development
LogInit: Branch Name: ++UE4+Release-4.22
LogInit: Command Line: 
LogInit: Base Directory: C:/Program Files/Epic Games/UE_4.22/Engine/Binaries/Win64/
LogInit: Installed Engine Build: 1
LogDevObjectVersion: Number of dev versions registered: 23
LogDevObjectVersion:   Dev-Blueprints (B0D832E4-1F89-4F0D-ACCF-7EB736FD4AA2): 10
LogDevObjectVersion:   Dev-Build (E1C64328-A22C-4D53-A36C-8E866417BD8C): 0
LogDevObjectVersion:   Dev-Core (375EC13C-06E4-48FB-B500-84F0262A717E): 3
LogDevObjectVersion:   Dev-Editor (E4B068ED-F494-42E9-A231-DA0B2E46BB41): 30
LogDevObjectVersion:   Dev-Framework (CFFC743F-43B0-4480-9391-14DF171D2073): 35
LogDevObjectVersion:   Dev-Mobile (B02B49B5-BB20-44E9-A304-32B752E40360): 2
LogDevObjectVersion:   Dev-Networking (A4E4105C-59A1-49B5-A7C5-40C4547EDFEE): 0
LogDevObjectVersion:   Dev-Online (39C831C9-5AE6-47DC-9A44-9C173E1C8E7C): 0
LogDevObjectVersion:   Dev-Physics (78F01B33-EBEA-4F98-B9B4-84EACCB95AA2): 0
LogDevObjectVersion:   Dev-Platform (6631380F-2D4D-43E0-8009-CF276956A95A): 0
LogDevObjectVersion:   Dev-Rendering (12F88B9F-8875-4AFC-A67C-D90C383ABD29): 28
LogDevObjectVersion:   Dev-Sequencer (7B5AE74C-D270-4C10-A958-57980B212A5A): 11
LogDevObjectVersion:   Dev-VR (D7296918-1DD6-4BDD-9DE2-64A83CC13884): 2
LogDevObjectVersion:   Dev-LoadTimes (C2A15278-BFE7-4AFE-6C17-90FF531DF755): 1
LogDevObjectVersion:   Private-Geometry (6EACA3D4-40EC-4CC1-B786-8BED09428FC5): 3
LogDevObjectVersion:   Dev-AnimPhys (29E575DD-E0A3-4627-9D10-D276232CDCEA): 17
LogDevObjectVersion:   Dev-Anim (AF43A65D-7FD3-4947-9873-3E8ED9C1BB05): 2
LogDevObjectVersion:   Dev-ReflectionCapture (6B266CEC-1EC7-4B8F-A30B-E4D90942FC07): 1
LogDevObjectVersion:   Dev-Automation (0DF73D61-A23F-47EA-B727-89E90C41499A): 1
LogDevObjectVersion:   FortniteMain (601D1886-AC64-4F84-AA16-D3DE0DEAC7D6): 25
LogDevObjectVersion:   Dev-Enterprise (9DFFBCD6-494F-0158-E221-12823C92A888): 6
LogDevObjectVersion:   Dev-Niagara (F2AED0AC-9AFE-416F-8664-AA7FFA26D6FC): 1
LogDevObjectVersion:   Dev-Destruction (174F1F0B-B4C6-45A5-B13F-2EE8D0FB917D): 2
LogInit: Presizing for max 16777216 objects, including 0 objects not considered by GC, pre-allocating 0 bytes for permanent pool.
LogInit: Object subsystem initialized
LogConfig: Setting CVar [[con.DebugEarlyDefault:1]]
LogConfig: Setting CVar [[r.setres:1280x720]]
[2019.12.06-18.08.17:011][  0]LogConfig: Setting CVar [[r.VSync:0]]
[2019.12.06-18.08.17:011][  0]LogConfig: Setting CVar [[r.RHICmdBypass:0]]
[2019.12.06-18.08.17:011][  0]LogConfig: Applying CVar settings from Section [/Script/Engine.RendererSettings] File [C:/Users/bradled9/Desktop/300/300-HW5-Station/Saved/Config/Windows/Engine.ini]
[2019.12.06-18.08.17:011][  0]LogConfig: Setting CVar [[r.GPUCrashDebugging:0]]
[2019.12.06-18.08.17:012][  0]LogConfig: Applying CVar settings from Section [/Script/Engine.RendererOverrideSettings] File [C:/Users/bradled9/Desktop/300/300-HW5-Station/Saved/Config/Windows/Engine.ini]
[2019.12.06-18.08.17:012][  0]LogConfig: Applying CVar settings from Section [/Script/Engine.StreamingSettings] File [C:/Users/bradled9/Desktop/300/300-HW5-Station/Saved/Config/Windows/Engine.ini]
[2019.12.06-18.08.17:012][  0]LogConfig: Setting CVar [[s.MinBulkDataSizeForAsyncLoading:131072]]
[2019.12.06-18.08.17:012][  0]LogConfig: Setting CVar [[s.AsyncLoadingThreadEnabled:0]]
[2019.12.06-18.08.17:012][  0]LogConfig: Setting CVar [[s.EventDrivenLoaderEnabled:1]]
[2019.12.06-18.08.17:012][  0]LogConfig: Setting CVar [[s.WarnIfTimeLimitExceeded:0]]
[2019.12.06-18.08.17:012][  0]LogConfig: Setting CVar [[s.TimeLimitExceededMultiplier:1.5]]
[2019.12.06-18.08.17:012][  0]LogConfig: Setting CVar [[s.TimeLimitExceededMinTime:0.005]]
[2019.12.06-18.08.17:012][  0]LogConfig: Setting CVar [[s.UseBackgroundLevelStreaming:1]]
[2019.12.06-18.08.17:012][  0]LogConfig: Setting CVar [[s.PriorityAsyncLoadingExtraTime:15.0]]
[2019.12.06-18.08.17:012][  0]LogConfig: Setting CVar [[s.LevelStreamingActorsUpdateTimeLimit:5.0]]
[2019.12.06-18.08.17:012][  0]LogConfig: Setting CVar [[s.PriorityLevelStreamingActorsUpdateExtraTime:5.0]]
[2019.12.06-18.08.17:012][  0]LogConfig: Setting CVar [[s.LevelStreamingComponentsRegistrationGranularity:10]]
[2019.12.06-18.08.17:012][  0]LogConfig: Setting CVar [[s.UnregisterComponentsTimeLimit:1.0]]
[2019.12.06-18.08.17:012][  0]LogConfig: Setting CVar [[s.LevelStreamingComponentsUnregistrationGranularity:5]]
[2019.12.06-18.08.17:012][  0]LogConfig: Applying CVar settings from Section [/Script/Engine.GarbageCollectionSettings] File [C:/Users/bradled9/Desktop/300/300-HW5-Station/Saved/Config/Windows/Engine.ini]
[2019.12.06-18.08.17:012][  0]LogConfig: Setting CVar [[gc.MaxObjectsNotConsideredByGC:1]]
[2019.12.06-18.08.17:012][  0]LogConfig: Setting CVar [[gc.SizeOfPermanentObjectPool:0]]
[2019.12.06-18.08.17:012][  0]LogConfig: Setting CVar [[gc.FlushStreamingOnGC:0]]
[2019.12.06-18.08.17:012][  0]LogConfig: Setting CVar [[gc.NumRetriesBeforeForcingGC:10]]
[2019.12.06-18.08.17:012][  0]LogConfig: Setting CVar [[gc.AllowParallelGC:1]]
[2019.12.06-18.08.17:012][  0]LogConfig: Setting CVar [[gc.TimeBetweenPurgingPendingKillObjects:61.1]]
[2019.12.06-18.08.17:012][  0]LogConfig: Setting CVar [[gc.MaxObjectsInEditor:16777216]]
[2019.12.06-18.08.17:012][  0]LogConfig: Setting CVar [[gc.IncrementalBeginDestroyEnabled:1]]
[2019.12.06-18.08.17:012][  0]LogConfig: Setting CVar [[gc.CreateGCClusters:1]]
[2019.12.06-18.08.17:012][  0]LogConfig: Setting CVar [[gc.MinGCClusterSize:5]]
[2019.12.06-18.08.17:012][  0]LogConfig: Setting CVar [[gc.ActorClusteringEnabled:0]]
[2019.12.06-18.08.17:012][  0]LogConfig: Setting CVar [[gc.BlueprintClusteringEnabled:0]]
[2019.12.06-18.08.17:012][  0]LogConfig: Setting CVar [[gc.UseDisregardForGCOnDedicatedServers:0]]
[2019.12.06-18.08.17:013][  0]LogConfig: Applying CVar settings from Section [/Script/Engine.NetworkSettings] File [C:/Users/bradled9/Desktop/300/300-HW5-Station/Saved/Config/Windows/Engine.ini]
[2019.12.06-18.08.17:013][  0]LogConfig: Applying CVar settings from Section [/Script/UnrealEd.CookerSettings] File [C:/Users/bradled9/Desktop/300/300-HW5-Station/Saved/Config/Windows/Engine.ini]
[2019.12.06-18.08.17:038][  0]LogConfig: Applying CVar settings from Section [ViewDistanceQuality@3] File [C:/Users/bradled9/Desktop/300/300-HW5-Station/Saved/Config/Windows/Scalability.ini]
[2019.12.06-18.08.17:038][  0]LogConfig: Setting CVar [[r.SkeletalMeshLODBias:0]]
[2019.12.06-18.08.17:038][  0]LogConfig: Setting CVar [[r.ViewDistanceScale:1.0]]
[2019.12.06-18.08.17:038][  0]LogConfig: Applying CVar settings from Section [AntiAliasingQuality@3] File [C:/Users/bradled9/Desktop/300/300-HW5-Station/Saved/Config/Windows/Scalability.ini]
[2019.12.06-18.08.17:038][  0]LogConfig: Setting CVar [[r.PostProcessAAQuality:4]]
[2019.12.06-18.08.17:038][  0]LogConfig: Applying CVar settings from Section [ShadowQuality@3] File [C:/Users/bradled9/Desktop/300/300-HW5-Station/Saved/Config/Windows/Scalability.ini]
[2019.12.06-18.08.17:038][  0]LogConfig: Setting CVar [[r.LightFunctionQuality:1]]
[2019.12.06-18.08.17:038][  0]LogConfig: Setting CVar [[r.ShadowQuality:5]]
[2019.12.06-18.08.17:038][  0]LogConfig: Setting CVar [[r.Shadow.CSM.MaxCascades:10]]
[2019.12.06-18.08.17:038][  0]LogConfig: Setting CVar [[r.Shadow.MaxResolution:2048]]
[2019.12.06-18.08.17:038][  0]LogConfig: Setting CVar [[r.Shadow.MaxCSMResolution:2048]]
[2019.12.06-18.08.17:038][  0]LogConfig: Setting CVar [[r.Shadow.RadiusThreshold:0.01]]
[2019.12.06-18.08.17:038][  0]LogConfig: Setting CVar [[r.Shadow.DistanceScale:1.0]]
[2019.12.06-18.08.17:038][  0]LogConfig: Setting CVar [[r.Shadow.CSM.TransitionScale:1.0]]
[2019.12.06-18.08.17:038][  0]LogConfig: Setting CVar [[r.Shadow.PreShadowResolutionFactor:1.0]]
[2019.12.06-18.08.17:038][  0]LogConfig: Setting CVar [[r.DistanceFieldShadowing:1]]
[2019.12.06-18.08.17:038][  0]LogConfig: Setting CVar [[r.DistanceFieldAO:1]]
[2019.12.06-18.08.17:038][  0]LogConfig: Setting CVar [[r.AOQuality:2]]
[2019.12.06-18.08.17:038][  0]LogConfig: Setting CVar [[r.VolumetricFog:1]]
[2019.12.06-18.08.17:038][  0]LogConfig: Setting CVar [[r.VolumetricFog.GridPixelSize:8]]
[2019.12.06-18.08.17:038][  0]LogConfig: Setting CVar [[r.VolumetricFog.GridSizeZ:128]]
[2019.12.06-18.08.17:038][  0]LogConfig: Setting CVar [[r.VolumetricFog.HistoryMissSupersampleCount:4]]
[2019.12.06-18.08.17:038][  0]LogConfig: Setting CVar [[r.LightMaxDrawDistanceScale:1]]
[2019.12.06-18.08.17:038][  0]LogConfig: Setting CVar [[r.CapsuleShadows:1]]
[2019.12.06-18.08.17:038][  0]LogConfig: Applying CVar settings from Section [PostProcessQuality@3] File [C:/Users/bradled9/Desktop/300/300-HW5-Station/Saved/Config/Windows/Scalability.ini]
[2019.12.06-18.08.17:038][  0]LogConfig: Setting CVar [[r.MotionBlurQuality:4]]
[2019.12.06-18.08.17:038][  0]LogConfig: Setting CVar [[r.AmbientOcclusionMipLevelFactor:0.4]]
[2019.12.06-18.08.17:038][  0]LogConfig: Setting CVar [[r.AmbientOcclusionMaxQuality:100]]
[2019.12.06-18.08.17:038][  0]LogConfig: Setting CVar [[r.AmbientOcclusionLevels:-1]]
[2019.12.06-18.08.17:038][  0]LogConfig: Setting CVar [[r.AmbientOcclusionRadiusScale:1.0]]
[2019.12.06-18.08.17:038][  0]LogConfig: Setting CVar [[r.DepthOfFieldQuality:2]]
[2019.12.06-18.08.17:038][  0]LogConfig: Setting CVar [[r.RenderTargetPoolMin:400]]
[2019.12.06-18.08.17:038][  0]LogConfig: Setting CVar [[r.LensFlareQuality:2]]
[2019.12.06-18.08.17:038][  0]LogConfig: Setting CVar [[r.SceneColorFringeQuality:1]]
[2019.12.06-18.08.17:038][  0]LogConfig: Setting CVar [[r.EyeAdaptationQuality:2]]
[2019.12.06-18.08.17:038][  0]LogConfig: Setting CVar [[r.BloomQuality:5]]
[2019.12.06-18.08.17:038][  0]LogConfig: Setting CVar [[r.FastBlurThreshold:100]]
[2019.12.06-18.08.17:038][  0]LogConfig: Setting CVar [[r.Upscale.Quality:3]]
[2019.12.06-18.08.17:038][  0]LogConfig: Setting CVar [[r.Tonemapper.GrainQuantization:1]]
[2019.12.06-18.08.17:038][  0]LogConfig: Setting CVar [[r.LightShaftQuality:1]]
[2019.12.06-18.08.17:038][  0]LogConfig: Setting CVar [[r.Filter.SizeScale:1]]
[2019.12.06-18.08.17:038][  0]LogConfig: Setting CVar [[r.Tonemapper.Quality:5]]
[2019.12.06-18.08.17:038][  0]LogConfig: Setting CVar [[r.DOF.Gather.AccumulatorQuality:1        ; higher gathering accumulator quality]]
[2019.12.06-18.08.17:038][  0]LogConfig: Setting CVar [[r.DOF.Gather.PostfilterMethod:1          ; Median3x3 postfilering method]]
[2019.12.06-18.08.17:038][  0]LogConfig: Setting CVar [[r.DOF.Gather.EnableBokehSettings:0       ; no bokeh simulation when gathering]]
[2019.12.06-18.08.17:038][  0]LogConfig: Setting CVar [[r.DOF.Gather.RingCount:4                 ; medium number of samples when gathering]]
[2019.12.06-18.08.17:038][  0]LogConfig: Setting CVar [[r.DOF.Scatter.ForegroundCompositing:1    ; additive foreground scattering]]
[2019.12.06-18.08.17:038][  0]LogConfig: Setting CVar [[r.DOF.Scatter.BackgroundCompositing:2    ; additive background scattering]]
[2019.12.06-18.08.17:038][  0]LogConfig: Setting CVar [[r.DOF.Scatter.EnableBokehSettings:1      ; bokeh simulation when scattering]]
[2019.12.06-18.08.17:038][  0]LogConfig: Setting CVar [[r.DOF.Scatter.MaxSpriteRatio:0.1         ; only a maximum of 10% of scattered bokeh]]
[2019.12.06-18.08.17:038][  0]LogConfig: Setting CVar [[r.DOF.Recombine.Quality:1                ; cheap slight out of focus]]
[2019.12.06-18.08.17:038][  0]LogConfig: Setting CVar [[r.DOF.Recombine.EnableBokehSettings:0    ; no bokeh simulation on slight out of focus]]
[2019.12.06-18.08.17:038][  0]LogConfig: Setting CVar [[r.DOF.TemporalAAQuality:1                ; more stable temporal accumulation]]
[2019.12.06-18.08.17:038][  0]LogConfig: Setting CVar [[r.DOF.Kernel.MaxForegroundRadius:0.025]]
[2019.12.06-18.08.17:038][  0]LogConfig: Setting CVar [[r.DOF.Kernel.MaxBackgroundRadius:0.025]]
[2019.12.06-18.08.17:039][  0]LogConfig: Applying CVar settings from Section [TextureQuality@3] File [C:/Users/bradled9/Desktop/300/300-HW5-Station/Saved/Config/Windows/Scalability.ini]
[2019.12.06-18.08.17:039][  0]LogConfig: Setting CVar [[r.Streaming.MipBias:0]]
[2019.12.06-18.08.17:039][  0]LogConfig: Setting CVar [[r.Streaming.AmortizeCPUToGPUCopy:0]]
[2019.12.06-18.08.17:039][  0]LogConfig: Setting CVar [[r.Streaming.MaxNumTexturesToStreamPerFrame:0]]
[2019.12.06-18.08.17:039][  0]LogConfig: Setting CVar [[r.Streaming.Boost:1]]
[2019.12.06-18.08.17:039][  0]LogConfig: Setting CVar [[r.MaxAnisotropy:8]]
[2019.12.06-18.08.17:039][  0]LogConfig: Setting CVar [[r.Streaming.LimitPoolSizeToVRAM:0]]
[2019.12.06-18.08.17:039][  0]LogConfig: Setting CVar [[r.Streaming.PoolSize:1000]]
[2019.12.06-18.08.17:039][  0]LogConfig: Setting CVar [[r.Streaming.MaxEffectiveScreenSize:0]]
[2019.12.06-18.08.17:039][  0]LogConfig: Applying CVar settings from Section [EffectsQuality@3] File [C:/Users/bradled9/Desktop/300/300-HW5-Station/Saved/Config/Windows/Scalability.ini]
[2019.12.06-18.08.17:039][  0]LogConfig: Setting CVar [[r.TranslucencyLightingVolumeDim:64]]
[2019.12.06-18.08.17:039][  0]LogConfig: Setting CVar [[r.RefractionQuality:2]]
[2019.12.06-18.08.17:039][  0]LogConfig: Setting CVar [[r.SSR.Quality:3]]
[2019.12.06-18.08.17:039][  0]LogConfig: Setting CVar [[r.SceneColorFormat:4]]
[2019.12.06-18.08.17:039][  0]LogConfig: Setting CVar [[r.DetailMode:2]]
[2019.12.06-18.08.17:039][  0]LogConfig: Setting CVar [[r.TranslucencyVolumeBlur:1]]
[2019.12.06-18.08.17:039][  0]LogConfig: Setting CVar [[r.MaterialQualityLevel:1 ; High quality]]
[2019.12.06-18.08.17:039][  0]LogConfig: Setting CVar [[r.SSS.Scale:1]]
[2019.12.06-18.08.17:039][  0]LogConfig: Setting CVar [[r.SSS.SampleSet:2]]
[2019.12.06-18.08.17:039][  0]LogConfig: Setting CVar [[r.SSS.Quality:1]]
[2019.12.06-18.08.17:039][  0]LogConfig: Setting CVar [[r.SSS.HalfRes:1]]
[2019.12.06-18.08.17:039][  0]LogConfig: Setting CVar [[r.EmitterSpawnRateScale:1.0]]
[2019.12.06-18.08.17:039][  0]LogConfig: Setting CVar [[r.ParticleLightQuality:2]]
[2019.12.06-18.08.17:039][  0]LogConfig: Applying CVar settings from Section [FoliageQuality@3] File [C:/Users/bradled9/Desktop/300/300-HW5-Station/Saved/Config/Windows/Scalability.ini]
[2019.12.06-18.08.17:039][  0]LogConfig: Setting CVar [[foliage.DensityScale:1.0]]
[2019.12.06-18.08.17:039][  0]LogConfig: Setting CVar [[grass.DensityScale:1.0]]
[2019.12.06-18.08.17:040][  0]LogInit: Selected Device Profile: [Windows]
[2019.12.06-18.08.17:040][  0]LogInit: Applying CVar settings loaded from the selected device profile: [Windows]
[2019.12.06-18.08.17:054][  0]LogHAL: Display: Platform has ~ 32 GB [34277974016 / 34359738368 / 32], which maps to Largest [LargestMinGB=32, LargerMinGB=12, DefaultMinGB=8, SmallerMinGB=6, SmallestMinGB=0)
[2019.12.06-18.08.17:054][  0]LogConfig: Setting CVar [[r.Vulkan.UseRealUBs:0		; Required until we fix HLR fall-out]]
[2019.12.06-18.08.17:054][  0]LogInit: Going up to parent DeviceProfile []
[2019.12.06-18.08.17:055][  0]LogConfig: Applying CVar settings from Section [ViewDistanceQuality@3] File [C:/Users/bradled9/Desktop/300/300-HW5-Station/Saved/Config/Windows/Scalability.ini]
[2019.12.06-18.08.17:055][  0]LogConfig: Setting CVar [[r.SkeletalMeshLODBias:0]]
[2019.12.06-18.08.17:055][  0]LogConfig: Setting CVar [[r.ViewDistanceScale:1.0]]
[2019.12.06-18.08.17:055][  0]LogConfig: Applying CVar settings from Section [AntiAliasingQuality@3] File [C:/Users/bradled9/Desktop/300/300-HW5-Station/Saved/Config/Windows/Scalability.ini]
[2019.12.06-18.08.17:055][  0]LogConfig: Setting CVar [[r.PostProcessAAQuality:4]]
[2019.12.06-18.08.17:055][  0]LogConfig: Applying CVar settings from Section [ShadowQuality@3] File [C:/Users/bradled9/Desktop/300/300-HW5-Station/Saved/Config/Windows/Scalability.ini]
[2019.12.06-18.08.17:055][  0]LogConfig: Setting CVar [[r.LightFunctionQuality:1]]
[2019.12.06-18.08.17:055][  0]LogConfig: Setting CVar [[r.ShadowQuality:5]]
[2019.12.06-18.08.17:055][  0]LogConfig: Setting CVar [[r.Shadow.CSM.MaxCascades:10]]
[2019.12.06-18.08.17:055][  0]LogConfig: Setting CVar [[r.Shadow.MaxResolution:2048]]
[2019.12.06-18.08.17:055][  0]LogConfig: Setting CVar [[r.Shadow.MaxCSMResolution:2048]]
[2019.12.06-18.08.17:055][  0]LogConfig: Setting CVar [[r.Shadow.RadiusThreshold:0.01]]
[2019.12.06-18.08.17:055][  0]LogConfig: Setting CVar [[r.Shadow.DistanceScale:1.0]]
[2019.12.06-18.08.17:055][  0]LogConfig: Setting CVar [[r.Shadow.CSM.TransitionScale:1.0]]
[2019.12.06-18.08.17:055][  0]LogConfig: Setting CVar [[r.Shadow.PreShadowResolutionFactor:1.0]]
[2019.12.06-18.08.17:055][  0]LogConfig: Setting CVar [[r.DistanceFieldShadowing:1]]
[2019.12.06-18.08.17:055][  0]LogConfig: Setting CVar [[r.DistanceFieldAO:1]]
[2019.12.06-18.08.17:055][  0]LogConfig: Setting CVar [[r.AOQuality:2]]
[2019.12.06-18.08.17:055][  0]LogConfig: Setting CVar [[r.VolumetricFog:1]]
[2019.12.06-18.08.17:055][  0]LogConfig: Setting CVar [[r.VolumetricFog.GridPixelSize:8]]
[2019.12.06-18.08.17:055][  0]LogConfig: Setting CVar [[r.VolumetricFog.GridSizeZ:128]]
[2019.12.06-18.08.17:055][  0]LogConfig: Setting CVar [[r.VolumetricFog.HistoryMissSupersampleCount:4]]
[2019.12.06-18.08.17:055][  0]LogConfig: Setting CVar [[r.LightMaxDrawDistanceScale:1]]
[2019.12.06-18.08.17:055][  0]LogConfig: Setting CVar [[r.CapsuleShadows:1]]
[2019.12.06-18.08.17:055][  0]LogConfig: Applying CVar settings from Section [PostProcessQuality@3] File [C:/Users/bradled9/Desktop/300/300-HW5-Station/Saved/Config/Windows/Scalability.ini]
[2019.12.06-18.08.17:055][  0]LogConfig: Setting CVar [[r.MotionBlurQuality:4]]
[2019.12.06-18.08.17:055][  0]LogConfig: Setting CVar [[r.AmbientOcclusionMipLevelFactor:0.4]]
[2019.12.06-18.08.17:055][  0]LogConfig: Setting CVar [[r.AmbientOcclusionMaxQuality:100]]
[2019.12.06-18.08.17:055][  0]LogConfig: Setting CVar [[r.AmbientOcclusionLevels:-1]]
[2019.12.06-18.08.17:055][  0]LogConfig: Setting CVar [[r.AmbientOcclusionRadiusScale:1.0]]
[2019.12.06-18.08.17:055][  0]LogConfig: Setting CVar [[r.DepthOfFieldQuality:2]]
[2019.12.06-18.08.17:055][  0]LogConfig: Setting CVar [[r.RenderTargetPoolMin:400]]
[2019.12.06-18.08.17:055][  0]LogConfig: Setting CVar [[r.LensFlareQuality:2]]
[2019.12.06-18.08.17:055][  0]LogConfig: Setting CVar [[r.SceneColorFringeQuality:1]]
[2019.12.06-18.08.17:055][  0]LogConfig: Setting CVar [[r.EyeAdaptationQuality:2]]
[2019.12.06-18.08.17:055][  0]LogConfig: Setting CVar [[r.BloomQuality:5]]
[2019.12.06-18.08.17:055][  0]LogConfig: Setting CVar [[r.FastBlurThreshold:100]]
[2019.12.06-18.08.17:055][  0]LogConfig: Setting CVar [[r.Upscale.Quality:3]]
[2019.12.06-18.08.17:055][  0]LogConfig: Setting CVar [[r.Tonemapper.GrainQuantization:1]]
[2019.12.06-18.08.17:055][  0]LogConfig: Setting CVar [[r.LightShaftQuality:1]]
[2019.12.06-18.08.17:056][  0]LogConfig: Setting CVar [[r.Filter.SizeScale:1]]
[2019.12.06-18.08.17:056][  0]LogConfig: Setting CVar [[r.Tonemapper.Quality:5]]
[2019.12.06-18.08.17:056][  0]LogConfig: Setting CVar [[r.DOF.Gather.AccumulatorQuality:1        ; higher gathering accumulator quality]]
[2019.12.06-18.08.17:056][  0]LogConfig: Setting CVar [[r.DOF.Gather.PostfilterMethod:1          ; Median3x3 postfilering method]]
[2019.12.06-18.08.17:056][  0]LogConfig: Setting CVar [[r.DOF.Gather.EnableBokehSettings:0       ; no bokeh simulation when gathering]]
[2019.12.06-18.08.17:056][  0]LogConfig: Setting CVar [[r.DOF.Gather.RingCount:4                 ; medium number of samples when gathering]]
[2019.12.06-18.08.17:056][  0]LogConfig: Setting CVar [[r.DOF.Scatter.ForegroundCompositing:1    ; additive foreground scattering]]
[2019.12.06-18.08.17:056][  0]LogConfig: Setting CVar [[r.DOF.Scatter.BackgroundCompositing:2    ; additive background scattering]]
[2019.12.06-18.08.17:056][  0]LogConfig: Setting CVar [[r.DOF.Scatter.EnableBokehSettings:1      ; bokeh simulation when scattering]]
[2019.12.06-18.08.17:056][  0]LogConfig: Setting CVar [[r.DOF.Scatter.MaxSpriteRatio:0.1         ; only a maximum of 10% of scattered bokeh]]
[2019.12.06-18.08.17:056][  0]LogConfig: Setting CVar [[r.DOF.Recombine.Quality:1                ; cheap slight out of focus]]
[2019.12.06-18.08.17:056][  0]LogConfig: Setting CVar [[r.DOF.Recombine.EnableBokehSettings:0    ; no bokeh simulation on slight out of focus]]
[2019.12.06-18.08.17:056][  0]LogConfig: Setting CVar [[r.DOF.TemporalAAQuality:1                ; more stable temporal accumulation]]
[2019.12.06-18.08.17:056][  0]LogConfig: Setting CVar [[r.DOF.Kernel.MaxForegroundRadius:0.025]]
[2019.12.06-18.08.17:056][  0]LogConfig: Setting CVar [[r.DOF.Kernel.MaxBackgroundRadius:0.025]]
[2019.12.06-18.08.17:056][  0]LogConfig: Applying CVar settings from Section [TextureQuality@3] File [C:/Users/bradled9/Desktop/300/300-HW5-Station/Saved/Config/Windows/Scalability.ini]
[2019.12.06-18.08.17:056][  0]LogConfig: Setting CVar [[r.Streaming.MipBias:0]]
[2019.12.06-18.08.17:056][  0]LogConfig: Setting CVar [[r.Streaming.AmortizeCPUToGPUCopy:0]]
[2019.12.06-18.08.17:056][  0]LogConfig: Setting CVar [[r.Streaming.MaxNumTexturesToStreamPerFrame:0]]
[2019.12.06-18.08.17:056][  0]LogConfig: Setting CVar [[r.Streaming.Boost:1]]
[2019.12.06-18.08.17:056][  0]LogConfig: Setting CVar [[r.MaxAnisotropy:8]]
[2019.12.06-18.08.17:056][  0]LogConfig: Setting CVar [[r.Streaming.LimitPoolSizeToVRAM:0]]
[2019.12.06-18.08.17:056][  0]LogConfig: Setting CVar [[r.Streaming.PoolSize:1000]]
[2019.12.06-18.08.17:056][  0]LogConfig: Setting CVar [[r.Streaming.MaxEffectiveScreenSize:0]]
[2019.12.06-18.08.17:056][  0]LogConfig: Applying CVar settings from Section [EffectsQuality@3] File [C:/Users/bradled9/Desktop/300/300-HW5-Station/Saved/Config/Windows/Scalability.ini]
[2019.12.06-18.08.17:056][  0]LogConfig: Setting CVar [[r.TranslucencyLightingVolumeDim:64]]
[2019.12.06-18.08.17:056][  0]LogConfig: Setting CVar [[r.RefractionQuality:2]]
[2019.12.06-18.08.17:056][  0]LogConfig: Setting CVar [[r.SSR.Quality:3]]
[2019.12.06-18.08.17:056][  0]LogConfig: Setting CVar [[r.SceneColorFormat:4]]
[2019.12.06-18.08.17:056][  0]LogConfig: Setting CVar [[r.DetailMode:2]]
[2019.12.06-18.08.17:056][  0]LogConfig: Setting CVar [[r.TranslucencyVolumeBlur:1]]
[2019.12.06-18.08.17:056][  0]LogConfig: Setting CVar [[r.MaterialQualityLevel:1 ; High quality]]
[2019.12.06-18.08.17:056][  0]LogConfig: Setting CVar [[r.SSS.Scale:1]]
[2019.12.06-18.08.17:056][  0]LogConfig: Setting CVar [[r.SSS.SampleSet:2]]
[2019.12.06-18.08.17:056][  0]LogConfig: Setting CVar [[r.SSS.Quality:1]]
[2019.12.06-18.08.17:056][  0]LogConfig: Setting CVar [[r.SSS.HalfRes:1]]
[2019.12.06-18.08.17:056][  0]LogConfig: Setting CVar [[r.EmitterSpawnRateScale:1.0]]
[2019.12.06-18.08.17:056][  0]LogConfig: Setting CVar [[r.ParticleLightQuality:2]]
[2019.12.06-18.08.17:056][  0]LogConfig: Applying CVar settings from Section [FoliageQuality@3] File [C:/Users/bradled9/Desktop/300/300-HW5-Station/Saved/Config/Windows/Scalability.ini]
[2019.12.06-18.08.17:056][  0]LogConfig: Setting CVar [[foliage.DensityScale:1.0]]
[2019.12.06-18.08.17:056][  0]LogConfig: Setting CVar [[grass.DensityScale:1.0]]
[2019.12.06-18.08.17:056][  0]LogConfig: Applying CVar settings from Section [Startup] File [../../../Engine/Config/ConsoleVariables.ini]
[2019.12.06-18.08.17:057][  0]LogConfig: Setting CVar [[net.UseAdaptiveNetUpdateFrequency:0]]
[2019.12.06-18.08.17:057][  0]LogConfig: Setting CVar [[p.chaos.AllowCreatePhysxBodies:1]]
[2019.12.06-18.08.17:057][  0]LogConfig: Applying CVar settings from Section [ConsoleVariables] File [C:/Users/bradled9/Desktop/300/300-HW5-Station/Saved/Config/Windows/Engine.ini]
[2019.12.06-18.08.17:058][  0]LogInit: Computer: ATC-174-03
[2019.12.06-18.08.17:058][  0]LogInit: User: bradled9
[2019.12.06-18.08.17:058][  0]LogInit: CPU Page size=4096, Cores=10
[2019.12.06-18.08.17:058][  0]LogInit: High frequency timer resolution =2.143474 MHz
[2019.12.06-18.08.17:058][  0]LogMemory: Memory total: Physical=31.9GB (32GB approx)
[2019.12.06-18.08.17:058][  0]LogMemory: Platform Memory Stats for Windows
[2019.12.06-18.08.17:058][  0]LogMemory: Process Physical Memory: 100.15 MB used, 100.15 MB peak
[2019.12.06-18.08.17:058][  0]LogMemory: Process Virtual Memory: 93.45 MB used, 93.45 MB peak
[2019.12.06-18.08.17:058][  0]LogMemory: Physical Memory: 5836.62 MB used,  26853.41 MB free, 32690.02 MB total
[2019.12.06-18.08.17:058][  0]LogMemory: Virtual Memory: 4714.91 MB used,  134213016.00 MB free, 134217728.00 MB total
[2019.12.06-18.08.17:183][  0]LogInit: Using OS detected language (en-US).
[2019.12.06-18.08.17:183][  0]LogInit: Using OS detected locale (en-US).
[2019.12.06-18.08.17:187][  0]LogTextLocalizationManager: No specific localization for 'en-US' exists, so the 'en' localization will be used.
[2019.12.06-18.08.17:469][  0]LogInit: Setting process to per monitor DPI aware
[2019.12.06-18.08.17:546][  0]LogSlate: New Slate User Created.  User Index 0, Is Virtual User: 0
[2019.12.06-18.08.17:546][  0]LogSlate: Slate User Registered.  User Index 0, Is Virtual User: 0
[2019.12.06-18.08.17:971][  0]LogHMD: Failed to initialize OpenVR with code 110
[2019.12.06-18.08.17:971][  0]LogD3D11RHI: D3D11 adapters:
[2019.12.06-18.08.18:057][  0]LogD3D11RHI:    0. 'NVIDIA Quadro P5000' (Feature Level 11_0)
[2019.12.06-18.08.18:057][  0]LogD3D11RHI:       16255/0/16345 MB DedicatedVideo/DedicatedSystem/SharedSystem, Outputs:2, VendorId:0x10de
[2019.12.06-18.08.18:059][  0]LogD3D11RHI:    1. 'Microsoft Basic Render Driver' (Feature Level 11_0)
[2019.12.06-18.08.18:059][  0]LogD3D11RHI:       0/0/16345 MB DedicatedVideo/DedicatedSystem/SharedSystem, Outputs:0, VendorId:0x1414
[2019.12.06-18.08.18:059][  0]LogD3D11RHI: Chosen D3D11 Adapter: 0
[2019.12.06-18.08.18:068][  0]LogD3D11RHI: Creating new Direct3DDevice
[2019.12.06-18.08.18:069][  0]LogD3D11RHI:     GPU DeviceId: 0x1bb0 (for the marketing name, search the web for "GPU Device Id")
[2019.12.06-18.08.18:069][  0]LogWindows: EnumDisplayDevices:
[2019.12.06-18.08.18:069][  0]LogWindows:    0. 'NVIDIA Quadro P5000' (P:1 D:1)
[2019.12.06-18.08.18:069][  0]LogWindows:    1. 'NVIDIA Quadro P5000' (P:0 D:1)
[2019.12.06-18.08.18:069][  0]LogWindows:    2. 'NVIDIA Quadro P5000' (P:0 D:0)
[2019.12.06-18.08.18:070][  0]LogWindows:    3. 'NVIDIA Quadro P5000' (P:0 D:0)
[2019.12.06-18.08.18:070][  0]LogWindows: DebugString: FoundDriverCount:4 
[2019.12.06-18.08.18:070][  0]LogD3D11RHI:     Adapter Name: NVIDIA Quadro P5000
[2019.12.06-18.08.18:070][  0]LogD3D11RHI:   Driver Version: 397.93 (internal:24.21.13.9793, unified:397.93)
[2019.12.06-18.08.18:070][  0]LogD3D11RHI:      Driver Date: 5-22-2018
[2019.12.06-18.08.18:070][  0]LogRHI: Texture pool is 11378 MB (70% of 16255 MB)
[2019.12.06-18.08.18:123][  0]LogD3D11RHI: Async texture creation enabled
[2019.12.06-18.08.18:132][  0]LogRendererCore: FGlobalReadBuffer::InitRHI
[2019.12.06-18.08.18:133][  0]LogRendererCore: FGlobalReadBuffer::InitRHI
[2019.12.06-18.08.18:133][  0]LogRendererCore: FGlobalReadBuffer::InitRHI
[2019.12.06-18.08.18:148][  0]LogD3D11RHI: GPU Timing Frequency: 1000.000000 (Debug: 2 2)
[2019.12.06-18.08.18:675][  0]LogTemp: Display: Module 'AllDesktopTargetPlatform' loaded TargetPlatform 'AllDesktop'
[2019.12.06-18.08.18:693][  0]LogTemp: Display: Module 'MacClientTargetPlatform' loaded TargetPlatform 'MacClient'
[2019.12.06-18.08.18:711][  0]LogTemp: Display: Module 'MacNoEditorTargetPlatform' loaded TargetPlatform 'MacNoEditor'
[2019.12.06-18.08.18:730][  0]LogTemp: Display: Module 'MacServerTargetPlatform' loaded TargetPlatform 'MacServer'
[2019.12.06-18.08.18:750][  0]LogTemp: Display: Module 'MacTargetPlatform' loaded TargetPlatform 'Mac'
[2019.12.06-18.08.18:769][  0]LogTemp: Display: Module 'WindowsClientTargetPlatform' loaded TargetPlatform 'WindowsClient'
[2019.12.06-18.08.18:789][  0]LogTemp: Display: Module 'WindowsNoEditorTargetPlatform' loaded TargetPlatform 'WindowsNoEditor'
[2019.12.06-18.08.18:808][  0]LogTemp: Display: Module 'WindowsServerTargetPlatform' loaded TargetPlatform 'WindowsServer'
[2019.12.06-18.08.18:818][  0]LogTemp: Display: Module 'WindowsTargetPlatform' loaded TargetPlatform 'Windows'
[2019.12.06-18.08.18:946][  0]LogTemp: Display: Module 'AndroidTargetPlatform' loaded TargetPlatform 'Android'
[2019.12.06-18.08.18:946][  0]LogTemp: Display: Module 'AndroidTargetPlatform' loaded TargetPlatform 'Android_ASTC'
[2019.12.06-18.08.18:946][  0]LogTemp: Display: Module 'AndroidTargetPlatform' loaded TargetPlatform 'Android_ATC'
[2019.12.06-18.08.18:946][  0]LogTemp: Display: Module 'AndroidTargetPlatform' loaded TargetPlatform 'Android_DXT'
[2019.12.06-18.08.18:946][  0]LogTemp: Display: Module 'AndroidTargetPlatform' loaded TargetPlatform 'Android_ETC1'
[2019.12.06-18.08.18:946][  0]LogTemp: Display: Module 'AndroidTargetPlatform' loaded TargetPlatform 'Android_ETC1a'
[2019.12.06-18.08.18:946][  0]LogTemp: Display: Module 'AndroidTargetPlatform' loaded TargetPlatform 'Android_ETC2'
[2019.12.06-18.08.18:946][  0]LogTemp: Display: Module 'AndroidTargetPlatform' loaded TargetPlatform 'Android_PVRTC'
[2019.12.06-18.08.18:946][  0]LogTemp: Display: Module 'AndroidTargetPlatform' loaded TargetPlatform 'AndroidClient'
[2019.12.06-18.08.18:946][  0]LogTemp: Display: Module 'AndroidTargetPlatform' loaded TargetPlatform 'Android_ASTCClient'
[2019.12.06-18.08.18:946][  0]LogTemp: Display: Module 'AndroidTargetPlatform' loaded TargetPlatform 'Android_ATCClient'
[2019.12.06-18.08.18:946][  0]LogTemp: Display: Module 'AndroidTargetPlatform' loaded TargetPlatform 'Android_DXTClient'
[2019.12.06-18.08.18:946][  0]LogTemp: Display: Module 'AndroidTargetPlatform' loaded TargetPlatform 'Android_ETC1Client'
[2019.12.06-18.08.18:946][  0]LogTemp: Display: Module 'AndroidTargetPlatform' loaded TargetPlatform 'Android_ETC1aClient'
[2019.12.06-18.08.18:946][  0]LogTemp: Display: Module 'AndroidTargetPlatform' loaded TargetPlatform 'Android_ETC2Client'
[2019.12.06-18.08.18:946][  0]LogTemp: Display: Module 'AndroidTargetPlatform' loaded TargetPlatform 'Android_PVRTCClient'
[2019.12.06-18.08.18:946][  0]LogTemp: Display: Module 'AndroidTargetPlatform' loaded TargetPlatform 'Android_Multi'
[2019.12.06-18.08.18:946][  0]LogTemp: Display: Module 'AndroidTargetPlatform' loaded TargetPlatform 'Android_MultiClient'
[2019.12.06-18.08.18:952][  0]LogTemp: Display: Module 'HTML5TargetPlatform' loaded TargetPlatform 'HTML5'
[2019.12.06-18.08.19:016][  0]LogTemp: Display: Module 'IOSTargetPlatform' loaded TargetPlatform 'IOSClient'
[2019.12.06-18.08.19:016][  0]LogTemp: Display: Module 'IOSTargetPlatform' loaded TargetPlatform 'IOS'
[2019.12.06-18.08.19:047][  0]LogTemp: Display: Module 'TVOSTargetPlatform' loaded TargetPlatform 'TVOSClient'
[2019.12.06-18.08.19:047][  0]LogTemp: Display: Module 'TVOSTargetPlatform' loaded TargetPlatform 'TVOS'
[2019.12.06-18.08.19:064][  0]LogTemp: Display: Module 'LinuxClientTargetPlatform' loaded TargetPlatform 'LinuxClient'
[2019.12.06-18.08.19:079][  0]LogTemp: Display: Module 'LinuxNoEditorTargetPlatform' loaded TargetPlatform 'LinuxNoEditor'
[2019.12.06-18.08.19:095][  0]LogTemp: Display: Module 'LinuxServerTargetPlatform' loaded TargetPlatform 'LinuxServer'
[2019.12.06-18.08.19:111][  0]LogTemp: Display: Module 'LinuxTargetPlatform' loaded TargetPlatform 'Linux'
[2019.12.06-18.08.19:165][  0]LogTemp: Display: Module 'LuminTargetPlatform' loaded TargetPlatform 'Lumin'
[2019.12.06-18.08.19:165][  0]LogTemp: Display: Module 'LuminTargetPlatform' loaded TargetPlatform 'LuminClient'
[2019.12.06-18.08.19:165][  0]LogTargetPlatformManager: Display: Building Assets For Windows
[2019.12.06-18.08.19:182][  0]LogAudioDebug: Display: Lib vorbis DLL was dynamically loaded.
[2019.12.06-18.08.19:294][  0]LogShaderCompilers: Guid format shader working directory is -12 characters bigger than the processId version (../../../../../../Users/bradled9/Desktop/300/300-HW5-Station/Intermediate/Shaders/WorkingDirectory/10560/).
[2019.12.06-18.08.19:295][  0]LogShaderCompilers: Cleaned the shader compiler working directory 'C:/Users/bradled9/AppData/Local/Temp/UnrealShaderWorkingDir/5CA1323844D647D5D321D3B4BC56F13B/'.
[2019.12.06-18.08.19:298][  0]LogXGEController: Cleaning working directory: C:/Users/bradled9/AppData/Local/Temp/UnrealXGEWorkingDir/
[2019.12.06-18.08.19:298][  0]LogXGEController: Cannot use XGE Controller as Incredibuild is not installed on this machine.
[2019.12.06-18.08.19:298][  0]LogShaderCompilers: Cannot use XGE Shader Compiler as Incredibuild is not installed on this machine.
[2019.12.06-18.08.19:298][  0]LogShaderCompilers: Display: Using Local Shader Compiler.
[2019.12.06-18.08.20:329][  0]LogDerivedDataCache: Display: Max Cache Size: 512 MB
[2019.12.06-18.08.20:551][  0]LogDerivedDataCache: Loaded boot cache 0.22s 71MB C:/Users/bradled9/AppData/Local/UnrealEngine/4.22/DerivedDataCache/Boot.ddc.
[2019.12.06-18.08.20:551][  0]LogDerivedDataCache: Display: Loaded Boot cache: C:/Users/bradled9/AppData/Local/UnrealEngine/4.22/DerivedDataCache/Boot.ddc
[2019.12.06-18.08.20:552][  0]LogDerivedDataCache: FDerivedDataBackendGraph:  Pak pak cache file ../../../../../../Users/bradled9/Desktop/300/300-HW5-Station/DerivedDataCache/DDC.ddp not found, will not use a pak cache.
[2019.12.06-18.08.20:552][  0]LogDerivedDataCache: Unable to find inner node Pak for hierarchical cache Hierarchy.
[2019.12.06-18.08.20:552][  0]LogDerivedDataCache: FDerivedDataBackendGraph:  CompressedPak pak cache file ../../../../../../Users/bradled9/Desktop/300/300-HW5-Station/DerivedDataCache/Compressed.ddp not found, will not use a pak cache.
[2019.12.06-18.08.20:552][  0]LogDerivedDataCache: Unable to find inner node CompressedPak for hierarchical cache Hierarchy.
[2019.12.06-18.08.20:572][  0]LogDerivedDataCache: Display: Pak cache opened for reading ../../../Engine/DerivedDataCache/Compressed.ddp.
[2019.12.06-18.08.20:572][  0]LogDerivedDataCache: FDerivedDataBackendGraph:  EnterprisePak pak cache file ../../../Enterprise/DerivedDataCache/Compressed.ddp not found, will not use a pak cache.
[2019.12.06-18.08.20:572][  0]LogDerivedDataCache: Unable to find inner node EnterprisePak for hierarchical cache Hierarchy.
[2019.12.06-18.08.20:585][  0]LogDerivedDataCache: Using Local data cache path C:/Users/bradled9/AppData/Local/UnrealEngine/Common/DerivedDataCache: Writable
[2019.12.06-18.08.20:585][  0]LogDerivedDataCache: Shared data cache path not found in *engine.ini, will not use an Shared cache.
[2019.12.06-18.08.20:585][  0]LogDerivedDataCache: Unable to find inner node Shared for hierarchical cache Hierarchy.
[2019.12.06-18.08.20:618][  0]LogMaterial: Verifying Global Shaders for PCD3D_SM5
[2019.12.06-18.08.20:627][  0]LogSlate: Using FreeType 2.6.0
[2019.12.06-18.08.20:632][  0]LogSlate: SlateFontServices - WITH_FREETYPE: 1, WITH_HARFBUZZ: 1
[2019.12.06-18.08.20:835][  0]LogAssetRegistry: FAssetRegistry took 0.0540 seconds to start up
[2019.12.06-18.08.21:399][  0]LogInit: Selected Device Profile: [Windows]
[2019.12.06-18.08.21:710][  0]LogMeshReduction: Using QuadricMeshReduction for automatic static mesh reduction
[2019.12.06-18.08.21:710][  0]LogMeshReduction: Using SimplygonMeshReduction for automatic skeletal mesh reduction
[2019.12.06-18.08.21:710][  0]LogMeshReduction: Using ProxyLODMeshReduction for automatic mesh merging
[2019.12.06-18.08.21:710][  0]LogMeshReduction: No distributed automatic mesh merging module available
[2019.12.06-18.08.21:710][  0]LogMeshMerging: No distributed automatic mesh merging module available
[2019.12.06-18.08.21:739][  0]LogNetVersion: Station 1.0.0, NetCL: 5660361, EngineNetVer: 10, GameNetVer: 0 (Checksum: 450423129)
[2019.12.06-18.08.22:571][  0]LogPackageLocalizationCache: Processed 10 localized package path(s) for 1 prioritized culture(s) in 0.088657 seconds
[2019.12.06-18.08.22:578][  0]LogUObjectArray: 42205 objects as part of root set at end of initial load.
[2019.12.06-18.08.22:578][  0]LogUObjectAllocator: 7325032 out of 0 bytes used by permanent object pool.
[2019.12.06-18.08.22:578][  0]LogUObjectArray: CloseDisregardForGC: 0/0 objects in disregard for GC pool
[2019.12.06-18.08.24:621][  0]LogTcpMessaging: Initializing TcpMessaging bridge
[2019.12.06-18.08.24:638][  0]LogUdpMessaging: Initializing bridge on interface 0.0.0.0:0 to multicast group 230.0.0.1:6666.
[2019.12.06-18.08.24:813][  0]SourceControl: Source control is disabled
[2019.12.06-18.08.24:813][  0]SourceControl: Source control is disabled
[2019.12.06-18.08.24:824][  0]SourceControl: Source control is disabled
[2019.12.06-18.08.24:830][  0]SourceControl: Source control is disabled
[2019.12.06-18.08.25:009][  0]LogAndroidPermission: UAndroidPermissionCallbackProxy::GetInstance
[2019.12.06-18.08.25:117][  0]LogOcInput: OculusInput pre-init called
[2019.12.06-18.08.26:191][  0]LogEngine: Initializing Engine...
[2019.12.06-18.08.26:194][  0]LogHMD: Failed to initialize OpenVR with code 110
[2019.12.06-18.08.26:197][  0]LogStats: UGameplayTagsManager::InitializeManager -  0.001 s
[2019.12.06-18.08.26:536][  0]LogInit: Initializing FReadOnlyCVARCache
[2019.12.06-18.08.26:577][  0]LogAIModule: Creating AISystem for world Untitled
[2019.12.06-18.08.26:593][  0]LogInit: XAudio2 using 'Speakers / Headphones (Realtek Audio)' : 2 channels at 48 kHz using 32 bits per sample (channel mask 0x3)
[2019.12.06-18.08.26:789][  0]LogInit: FAudioDevice initialized.
[2019.12.06-18.08.26:789][  0]LogNetVersion: Set ProjectVersion to 1.0.0.0. Version Checksum will be recalculated on next use.
[2019.12.06-18.08.26:886][  0]LogDerivedDataCache: Saved boot cache 0.10s 71MB C:/Users/bradled9/AppData/Local/UnrealEngine/4.22/DerivedDataCache/Boot.ddc.
[2019.12.06-18.08.26:895][  0]LogInit: Texture streaming: Enabled
[2019.12.06-18.08.26:921][  0]LogEngineSessionManager: EngineSessionManager initialized
[2019.12.06-18.08.26:921][  0]LogEngineSessionManager: EngineSessionManager sent abnormal shutdown report. Type=AbnormalShutdown, SessionId={55EA0A8C-4DAA-E9DE-D450-75A90613B046}
[2019.12.06-18.08.26:955][  0]LogInit: Transaction tracking system initialized
[2019.12.06-18.08.27:020][  0]BlueprintLog: New page: Editor Load
[2019.12.06-18.08.27:229][  0]LocalizationService: Localization service is disabled
[2019.12.06-18.08.27:677][  0]LogFileCache: Scanning file cache for directory 'C:/Users/bradled9/Desktop/300/300-HW5-Station/Content/' took 0.02s
[2019.12.06-18.08.27:677][  0]LogCook: Display: Max memory allowance for cook 16384mb min free memory 0mb
[2019.12.06-18.08.27:677][  0]LogCook: Display: Mobile HDR setting 1
[2019.12.06-18.08.28:044][  0]SourceControl: Source control is disabled
[2019.12.06-18.08.28:157][  0]LogWindowsTextInputMethodSystem: Display: IME system now deactivated.
[2019.12.06-18.08.28:160][  0]LogSlate: Took 0.001074 seconds to synchronously load lazily loaded font '../../../Engine/Content/Slate/Fonts/Roboto-Regular.ttf' (155K)
[2019.12.06-18.08.39:726][  0]LogSlate: Window 'Restore Packages' being destroyed
[2019.12.06-18.08.39:727][  0]LogWindowsTextInputMethodSystem: Display: IME system now deactivated.
[2019.12.06-18.08.39:731][  0]LogWindowsTextInputMethodSystem: Display: IME system now deactivated.
[2019.12.06-18.08.39:739][  0]Cmd: MAP LOAD FILE="../../../Engine/Content/Maps/Templates/Template_Default.umap" TEMPLATE=1 SHOWPROGRESS=1 FEATURELEVEL=3
[2019.12.06-18.08.39:739][  0]LightingResults: New page: Lighting Build
[2019.12.06-18.08.39:748][  0]MapCheck: New page: Map Check
[2019.12.06-18.08.39:748][  0]LightingResults: New page: Lighting Build
[2019.12.06-18.08.39:809][  0]LogUObjectHash: Compacting FUObjectHashTables data took   2.45ms
[2019.12.06-18.08.39:949][  0]LogAIModule: Creating AISystem for world Untitled_1
[2019.12.06-18.08.39:967][  0]LogEditorServer: Finished looking for orphan Actors (0.000 secs)
[2019.12.06-18.08.40:031][  0]LogUObjectHash: Compacting FUObjectHashTables data took   2.78ms
[2019.12.06-18.08.40:031][  0]Cmd: MAP CHECKDEP NOCLEARLOG
[2019.12.06-18.08.40:031][  0]MapCheck: Map check complete: 0 Error(s), 0 Warning(s), took 0.148ms to complete.
[2019.12.06-18.08.40:031][  0]LogFileHelpers: Loading map 'Template_Default' took 0.293
[2019.12.06-18.08.40:154][  0]LogSlate: Updating window title bar state: overlay mode, drag disabled, window buttons hidden, title bar hidden
[2019.12.06-18.08.40:163][  0]LogSlate: Updating window title bar state: overlay mode, drag disabled, window buttons hidden, title bar hidden
[2019.12.06-18.08.40:173][  0]LogSlate: Updating window title bar state: overlay mode, drag disabled, window buttons hidden, title bar hidden
[2019.12.06-18.08.40:181][  0]LogSlate: Updating window title bar state: overlay mode, drag disabled, window buttons hidden, title bar hidden
[2019.12.06-18.08.40:337][  0]LogCollectionManager: Loaded 0 collections in 0.001939 seconds
[2019.12.06-18.08.40:379][  0]LogFileCache: Scanning file cache for directory 'C:/Users/bradled9/Desktop/300/300-HW5-Station/Saved/Collections/' took 0.01s
[2019.12.06-18.08.40:379][  0]LogFileCache: Scanning file cache for directory 'C:/Users/bradled9/Desktop/300/300-HW5-Station/Content/Developers/bradled9/Collections/' took 0.01s
[2019.12.06-18.08.40:379][  0]LogFileCache: Scanning file cache for directory 'C:/Users/bradled9/Desktop/300/300-HW5-Station/Content/Collections/' took 0.00s
[2019.12.06-18.08.40:379][  0]LogCollectionManager: Rebuilt the GUID cache for 0 collections in 0.000000 seconds
[2019.12.06-18.08.40:392][  0]LogContentBrowser: Native class hierarchy populated in 0.0119 seconds. Added 2733 classes and 661 folders.
[2019.12.06-18.08.40:407][  0]LogContentBrowser: Native class hierarchy updated for 'WidgetCarousel' in 0.0003 seconds. Added 0 classes and 0 folders.
[2019.12.06-18.08.40:412][  0]LogPakFile: Registered encryption key '00000000000000000000000000000000': 0 pak files mounted, 0 remain pending
[2019.12.06-18.08.40:416][  0]LogPakFile: Registered encryption key '00000000000000000000000000000000': 0 pak files mounted, 0 remain pending
[2019.12.06-18.08.40:418][  0]LogPakFile: Registered encryption key '00000000000000000000000000000000': 0 pak files mounted, 0 remain pending
[2019.12.06-18.08.40:419][  0]LogPakFile: Registered encryption key '00000000000000000000000000000000': 0 pak files mounted, 0 remain pending
[2019.12.06-18.08.40:421][  0]LogPakFile: Registered encryption key '00000000000000000000000000000000': 0 pak files mounted, 0 remain pending
[2019.12.06-18.08.40:422][  0]LogPakFile: Registered encryption key '00000000000000000000000000000000': 0 pak files mounted, 0 remain pending
[2019.12.06-18.08.40:424][  0]LogPakFile: Registered encryption key '00000000000000000000000000000000': 0 pak files mounted, 0 remain pending
[2019.12.06-18.08.40:425][  0]LogPakFile: Registered encryption key '00000000000000000000000000000000': 0 pak files mounted, 0 remain pending
[2019.12.06-18.08.40:427][  0]LogPakFile: Registered encryption key '00000000000000000000000000000000': 0 pak files mounted, 0 remain pending
[2019.12.06-18.08.40:428][  0]LogPakFile: Registered encryption key '00000000000000000000000000000000': 0 pak files mounted, 0 remain pending
[2019.12.06-18.08.40:430][  0]LogPakFile: Registered encryption key '00000000000000000000000000000000': 0 pak files mounted, 0 remain pending
[2019.12.06-18.08.40:431][  0]LogPakFile: Registered encryption key '00000000000000000000000000000000': 0 pak files mounted, 0 remain pending
[2019.12.06-18.08.40:433][  0]LogPakFile: Registered encryption key '00000000000000000000000000000000': 0 pak files mounted, 0 remain pending
[2019.12.06-18.08.40:434][  0]LogPakFile: Registered encryption key '00000000000000000000000000000000': 0 pak files mounted, 0 remain pending
[2019.12.06-18.08.40:436][  0]LogPakFile: Registered encryption key '00000000000000000000000000000000': 0 pak files mounted, 0 remain pending
[2019.12.06-18.08.40:437][  0]LogPakFile: Registered encryption key '00000000000000000000000000000000': 0 pak files mounted, 0 remain pending
[2019.12.06-18.08.40:439][  0]LogPakFile: Registered encryption key '00000000000000000000000000000000': 0 pak files mounted, 0 remain pending
[2019.12.06-18.08.40:441][  0]LogPakFile: Registered encryption key '00000000000000000000000000000000': 0 pak files mounted, 0 remain pending
[2019.12.06-18.08.40:442][  0]LogPakFile: Registered encryption key '00000000000000000000000000000000': 0 pak files mounted, 0 remain pending
[2019.12.06-18.08.40:444][  0]LogPakFile: Registered encryption key '00000000000000000000000000000000': 0 pak files mounted, 0 remain pending
[2019.12.06-18.08.40:445][  0]LogPakFile: Registered encryption key '00000000000000000000000000000000': 0 pak files mounted, 0 remain pending
[2019.12.06-18.08.40:447][  0]LogPakFile: Registered encryption key '00000000000000000000000000000000': 0 pak files mounted, 0 remain pending
[2019.12.06-18.08.40:449][  0]LogPakFile: Registered encryption key '00000000000000000000000000000000': 0 pak files mounted, 0 remain pending
[2019.12.06-18.08.40:450][  0]LogPakFile: Registered encryption key '00000000000000000000000000000000': 0 pak files mounted, 0 remain pending
[2019.12.06-18.08.40:452][  0]LogPakFile: Registered encryption key '00000000000000000000000000000000': 0 pak files mounted, 0 remain pending
[2019.12.06-18.08.40:454][  0]LogPakFile: Registered encryption key '00000000000000000000000000000000': 0 pak files mounted, 0 remain pending
[2019.12.06-18.08.40:547][  0]LogContentBrowser: Native class hierarchy updated for 'AddContentDialog' in 0.0003 seconds. Added 0 classes and 0 folders.
[2019.12.06-18.08.40:559][  0]LogSlate: Took 0.001014 seconds to synchronously load lazily loaded font '../../../Engine/Content/Slate/Fonts/Roboto-Bold.ttf' (160K)
[2019.12.06-18.08.40:566][  0]LogSlate: Took 0.000815 seconds to synchronously load lazily loaded font '../../../Engine/Content/Editor/Slate/Fonts/FontAwesome.ttf' (139K)
[2019.12.06-18.08.40:641][  0]LogRenderer: Reallocating scene render targets to support 1184x668 Format 10 NumSamples 1 (Frame:1).
[2019.12.06-18.08.40:811][  0]LogContentBrowser: Native class hierarchy updated for 'HierarchicalLODOutliner' in 0.0006 seconds. Added 0 classes and 0 folders.
[2019.12.06-18.08.40:811][  0]LogLoad: (Engine Initialization) Total time: 28.93 seconds
[2019.12.06-18.08.40:811][  0]LogLoad: (Engine Initialization) Total Blueprint compile time: 0.00 seconds
[2019.12.06-18.08.40:868][  0]LogAssetRegistry: Asset discovery search completed in 20.0567 seconds
[2019.12.06-18.08.40:872][  0]LogCollectionManager: Rebuilt the object cache for 0 collections in 0.000000 seconds (found 0 objects)
[2019.12.06-18.08.40:872][  0]LogCollectionManager: Fixed up redirectors for 0 collections in 0.000049 seconds (updated 0 objects)
[2019.12.06-18.08.40:875][  0]LogContentStreaming: Texture pool size now 1000 MB
[2019.12.06-18.08.40:910][  0]LogSlate: Took 0.000878 seconds to synchronously load lazily loaded font '../../../Engine/Content/Slate/Fonts/Roboto-Light.ttf' (167K)
[2019.12.06-18.08.50:141][ 76]LogSlate: FSceneViewport::OnFocusLost() reason 0
[2019.12.06-18.08.56:836][866]LogSlate: Took 0.000209 seconds to synchronously load lazily loaded font '../../../Engine/Content/Slate/Fonts/Roboto-Light.ttf' (167K)
[2019.12.06-18.08.56:871][866]LogAIModule: Creating AISystem for world MainMenu
[2019.12.06-18.08.56:875][866]LogAssetEditorManager: Opening Asset editor for World /Game/MainMenu.MainMenu
[2019.12.06-18.08.56:931][866]LogUObjectHash: Compacting FUObjectHashTables data took   2.60ms
[2019.12.06-18.08.56:932][866]Cmd: MAP LOAD FILE="../../../../../../Users/bradled9/Desktop/300/300-HW5-Station/Content/MainMenu.umap" TEMPLATE=0 SHOWPROGRESS=1 FEATURELEVEL=3
[2019.12.06-18.08.56:932][866]LightingResults: New page: Lighting Build
[2019.12.06-18.08.56:933][866]LoadErrors: New page: Loading map: MainMenu.umap
[2019.12.06-18.08.56:934][866]MapCheck: New page: Map Check
[2019.12.06-18.08.56:934][866]LightingResults: New page: Lighting Build
[2019.12.06-18.08.56:986][866]LogUObjectHash: Compacting FUObjectHashTables data took   2.28ms
[2019.12.06-18.08.57:056][866]LogEditorServer: Finished looking for orphan Actors (0.000 secs)
[2019.12.06-18.08.57:107][866]LogUObjectHash: Compacting FUObjectHashTables data took   1.42ms
[2019.12.06-18.08.57:136][866]Cmd: MAP CHECKDEP NOCLEARLOG
[2019.12.06-18.08.57:136][866]MapCheck: Map check complete: 0 Error(s), 0 Warning(s), took 0.124ms to complete.
[2019.12.06-18.08.57:136][866]LogFileHelpers: Loading map 'MainMenu' took 0.205
[2019.12.06-18.08.58:437][  6]LogTemp: Repeating last play command: Selected Viewport
[2019.12.06-18.08.58:452][  6]LogBlueprintUserMessages: Early PlayInEditor Detection: Level '/Game/MainMenu.MainMenu:PersistentLevel' has LevelScriptBlueprint '/Game/MainMenu.MainMenu:PersistentLevel.MainMenu' with GeneratedClass '/Game/MainMenu.MainMenu_C' with ClassGeneratedBy '/Game/MainMenu.MainMenu:PersistentLevel.MainMenu'
[2019.12.06-18.08.58:453][  6]LogPlayLevel: PlayLevel: No blueprints needed recompiling
[2019.12.06-18.08.58:453][  6]PIE: New page: PIE session: MainMenu (Dec 6, 2019, 8:08:58 AM)
[2019.12.06-18.08.58:467][  6]LogPlayLevel: Creating play world package: /Game/UEDPIE_0_MainMenu
[2019.12.06-18.08.58:469][  6]LogPlayLevel: PIE: StaticDuplicateObject took: (0.001237s)
[2019.12.06-18.08.58:469][  6]LogAIModule: Creating AISystem for world MainMenu
[2019.12.06-18.08.58:469][  6]LogPlayLevel: PIE: World Init took: (0.000623s)
[2019.12.06-18.08.58:469][  6]LogPlayLevel: PIE: Created PIE world by copying editor world from /Game/MainMenu.MainMenu to /Game/UEDPIE_0_MainMenu.MainMenu (0.002194s)
[2019.12.06-18.08.58:523][  6]LogUObjectHash: Compacting FUObjectHashTables data took   1.47ms
[2019.12.06-18.08.58:526][  6]LogInit: XAudio2 using 'Speakers / Headphones (Realtek Audio)' : 2 channels at 48 kHz using 32 bits per sample (channel mask 0x3)
[2019.12.06-18.08.58:548][  6]LogInit: FAudioDevice initialized.
[2019.12.06-18.08.58:587][  6]LogLoad: Game class is 'GameModeBase'
[2019.12.06-18.08.58:590][  6]LogWorld: Bringing World /Game/UEDPIE_0_MainMenu.MainMenu up for play (max tick rate 0) at 2019.12.06-13.08.58
[2019.12.06-18.08.58:590][  6]LogWorld: Bringing up level for play took: 0.000767
[2019.12.06-18.08.58:612][  6]LogContentBrowser: Native class hierarchy updated for 'MovieSceneCapture' in 0.0004 seconds. Added 20 classes and 0 folders.
[2019.12.06-18.08.58:618][  6]PIE: Play in editor start time for /Game/UEDPIE_0_MainMenu -0.442
[2019.12.06-18.08.58:618][  6]LogBlueprintUserMessages: Late PlayInEditor Detection: Level '/Game/MainMenu.MainMenu:PersistentLevel' has LevelScriptBlueprint '/Game/MainMenu.MainMenu:PersistentLevel.MainMenu' with GeneratedClass '/Game/MainMenu.MainMenu_C' with ClassGeneratedBy '/Game/MainMenu.MainMenu:PersistentLevel.MainMenu'
[2019.12.06-18.08.59:767][140]LogNet: Browse: /Game/Maps/Station
[2019.12.06-18.08.59:767][140]LogLoad: LoadMap: /Game/Maps/Station
[2019.12.06-18.08.59:823][140]LogUObjectHash: Compacting FUObjectHashTables data took   2.21ms
[2019.12.06-18.09.00:502][140]LogStaticMesh: Building static mesh keycard...
[2019.12.06-18.09.00:511][140]LogStaticMesh: Built static mesh [0.01s] /Game/assests/meshes/keycard.keycard
[2019.12.06-18.09.00:517][140]LogMaterial: Display: Missing cached shader map for material screen, compiling. 
[2019.12.06-18.09.00:690][140]LogMaterial: Display: Missing cached shader map for material glass_base, compiling. 
[2019.12.06-18.09.00:747][140]LogMaterial: Display: Missing cached shader map for material lambert1, compiling. 
[2019.12.06-18.09.00:832][140]LogAIModule: Creating AISystem for world Station
[2019.12.06-18.09.00:832][140]LogLoad: Game class is 'GameModeBase'
[2019.12.06-18.09.00:884][140]LogWorld: Bringing World /Game/Maps/UEDPIE_0_Station.Station up for play (max tick rate 0) at 2019.12.06-13.09.00
[2019.12.06-18.09.00:886][140]LogWorld: Bringing up level for play took: 0.053254
[2019.12.06-18.09.00:889][140]LogLoad: Took 1.121690 seconds to LoadMap(/Game/Maps/Station)
[2019.12.06-18.09.17:338][ 61]LogBlueprintUserMessages: Early EndPlayMap Detection: Level '/Game/MainMenu.MainMenu:PersistentLevel' has LevelScriptBlueprint '/Game/MainMenu.MainMenu:PersistentLevel.MainMenu' with GeneratedClass '/Game/MainMenu.MainMenu_C' with ClassGeneratedBy '/Game/MainMenu.MainMenu:PersistentLevel.MainMenu'
[2019.12.06-18.09.17:339][ 61]LogSlate: Updating window title bar state: overlay mode, drag disabled, window buttons hidden, title bar hidden
[2019.12.06-18.09.17:375][ 61]LogPlayLevel: Display: Shutting down PIE online subsystems
[2019.12.06-18.09.17:376][ 61]LogBlueprintUserMessages: Late EndPlayMap Detection: Level '/Game/MainMenu.MainMenu:PersistentLevel' has LevelScriptBlueprint '/Game/MainMenu.MainMenu:PersistentLevel.MainMenu' with GeneratedClass '/Game/MainMenu.MainMenu_C' with ClassGeneratedBy '/Game/MainMenu.MainMenu:PersistentLevel.MainMenu'
[2019.12.06-18.09.17:438][ 61]LogSlate: Updating window title bar state: overlay mode, drag disabled, window buttons hidden, title bar hidden
[2019.12.06-18.09.17:451][ 61]LogUObjectHash: Compacting FUObjectHashTables data took   3.45ms
[2019.12.06-18.09.17:466][ 62]LogPlayLevel: Display: Destroying online subsystem :Context_1
[2019.12.06-18.09.23:198][740]LogSlate: FSceneViewport::OnFocusLost() reason 0
[2019.12.06-18.09.23:355][753]LogUObjectHash: Compacting FUObjectHashTables data took   0.87ms
[2019.12.06-18.09.23:428][753]LogSlate: Window 'Station - Unreal Editor' being destroyed
[2019.12.06-18.09.23:429][753]LogWindowsTextInputMethodSystem: Display: IME system now deactivated.
[2019.12.06-18.09.23:652][754]Cmd: QUIT_EDITOR
[2019.12.06-18.09.23:959][754]LogExit: Preparing to exit.
[2019.12.06-18.09.24:710][754]LogExit: Editor shut down
[2019.12.06-18.09.24:711][754]LogExit: Transaction tracking system shut down
[2019.12.06-18.09.25:044][754]LogExit: Object subsystem successfully closed.
[2019.12.06-18.09.25:093][754]LogShaderCompilers: Display: Shaders left to compile 0
[2019.12.06-18.09.25:100][754]LogD3D11RHI: Shutdown
[2019.12.06-18.09.25:100][754]LogD3D11RHI: CleanupD3DDevice
[2019.12.06-18.09.25:101][754]LogRendererCore: FGlobalReadBuffer::ReleaseRHI
[2019.12.06-18.09.25:101][754]LogRendererCore: FGlobalDynamicReadBuffer::Cleanup()
[2019.12.06-18.09.25:101][754]LogRendererCore: FGlobalReadBuffer::ReleaseRHI
[2019.12.06-18.09.25:101][754]LogRendererCore: FGlobalDynamicReadBuffer::Cleanup()
[2019.12.06-18.09.25:101][754]LogRendererCore: FGlobalReadBuffer::ReleaseRHI
[2019.12.06-18.09.25:101][754]LogRendererCore: FGlobalDynamicReadBuffer::Cleanup()
[2019.12.06-18.09.25:177][754]LogD3D11RHI: ~FD3D11DynamicRHI
[2019.12.06-18.09.25:211][754]LogModuleManager: Shutting down and abandoning module MeshBuilder (650)
[2019.12.06-18.09.25:211][754]LogModuleManager: Shutting down and abandoning module MovieSceneCapture (648)
[2019.12.06-18.09.25:211][754]LogModuleManager: Shutting down and abandoning module Voice (646)
[2019.12.06-18.09.25:211][754]LogModuleManager: Shutting down and abandoning module HierarchicalLODOutliner (644)
[2019.12.06-18.09.25:211][754]LogModuleManager: Shutting down and abandoning module AddContentDialog (642)
[2019.12.06-18.09.25:212][754]LogModuleManager: Shutting down and abandoning module WidgetCarousel (641)
[2019.12.06-18.09.25:212][754]LogModuleManager: Shutting down and abandoning module EditorWidgets (638)
[2019.12.06-18.09.25:212][754]LogModuleManager: Shutting down and abandoning module CollectionManager (636)
[2019.12.06-18.09.25:212][754]LogModuleManager: Shutting down and abandoning module SceneOutliner (634)
[2019.12.06-18.09.25:212][754]LogModuleManager: Shutting down and abandoning module HierarchicalLODUtilities (632)
[2019.12.06-18.09.25:212][754]LogModuleManager: Shutting down and abandoning module StatsViewer (630)
[2019.12.06-18.09.25:212][754]LogModuleManager: Shutting down and abandoning module FoliageEdit (628)
[2019.12.06-18.09.25:212][754]LogModuleManager: Shutting down and abandoning module LandscapeEditor (626)
[2019.12.06-18.09.25:213][754]LogModuleManager: Shutting down and abandoning module MeshPaintMode (624)
[2019.12.06-18.09.25:213][754]LogModuleManager: Shutting down and abandoning module SceneDepthPickerMode (622)
[2019.12.06-18.09.25:213][754]LogModuleManager: Shutting down and abandoning module ActorPickerMode (620)
[2019.12.06-18.09.25:213][754]LogModuleManager: Shutting down and abandoning module GeometryMode (618)
[2019.12.06-18.09.25:213][754]LogModuleManager: Shutting down and abandoning module TextureAlignMode (616)
[2019.12.06-18.09.25:213][754]LogModuleManager: Shutting down and abandoning module BspMode (614)
[2019.12.06-18.09.25:214][754]LogModuleManager: Shutting down and abandoning module PIEPreviewDeviceProfileSelector (612)
[2019.12.06-18.09.25:214][754]LogModuleManager: Shutting down and abandoning module SequenceRecorderSections (610)
[2019.12.06-18.09.25:214][754]LogModuleManager: Shutting down and abandoning module AutomationWorker (608)
[2019.12.06-18.09.25:214][754]LogModuleManager: Shutting down and abandoning module OculusMR (606)
[2019.12.06-18.09.25:214][754]LogModuleManager: Shutting down and abandoning module AudioCaptureEditor (604)
[2019.12.06-18.09.25:214][754]LogModuleManager: Shutting down and abandoning module MatineeToLevelSequence (602)
[2019.12.06-18.09.25:214][754]LogModuleManager: Shutting down and abandoning module LevelSequenceEditor (600)
[2019.12.06-18.09.25:214][754]LogModuleManager: Shutting down and abandoning module PlacementMode (599)
[2019.12.06-18.09.25:214][754]LogModuleManager: Shutting down and abandoning module MaterialEditor (598)
[2019.12.06-18.09.25:215][754]LogModuleManager: Shutting down and abandoning module ActorSequenceEditor (594)
[2019.12.06-18.09.25:215][754]LogModuleManager: Shutting down and abandoning module WmfMediaFactory (592)
[2019.12.06-18.09.25:215][754]LogModuleManager: Shutting down and abandoning module WmfMediaEditor (590)
[2019.12.06-18.09.25:215][754]LogModuleManager: Shutting down and abandoning module WebMMediaFactory (588)
[2019.12.06-18.09.25:215][754]LogModuleManager: Shutting down and abandoning module WebMMediaEditor (586)
[2019.12.06-18.09.25:215][754]LogModuleManager: Shutting down and abandoning module WebMMedia (584)
[2019.12.06-18.09.25:215][754]LogModuleManager: Shutting down and abandoning module MediaPlayerEditor (582)
[2019.12.06-18.09.25:215][754]LogModuleManager: Shutting down and abandoning module MediaCompositingEditor (580)
[2019.12.06-18.09.25:215][754]LogModuleManager: Shutting down and abandoning module SequenceRecorder (579)
[2019.12.06-18.09.25:215][754]LogModuleManager: Shutting down and abandoning module OpenExrWrapper (576)
[2019.12.06-18.09.25:215][754]LogModuleManager: Shutting down and abandoning module ImgMediaFactory (574)
[2019.12.06-18.09.25:215][754]LogModuleManager: Shutting down and abandoning module ImgMediaEditor (572)
[2019.12.06-18.09.25:215][754]LogModuleManager: Shutting down and abandoning module AvfMediaFactory (570)
[2019.12.06-18.09.25:215][754]LogModuleManager: Shutting down and abandoning module AvfMediaEditor (568)
[2019.12.06-18.09.25:215][754]LogModuleManager: Shutting down and abandoning module AndroidMediaFactory (566)
[2019.12.06-18.09.25:215][754]LogModuleManager: Shutting down and abandoning module AndroidMediaEditor (564)
[2019.12.06-18.09.25:215][754]LogModuleManager: Shutting down and abandoning module MagicLeapCameraPreviewFactory (562)
[2019.12.06-18.09.25:215][754]LogModuleManager: Shutting down and abandoning module MagicLeapMediaCodecFactory (560)
[2019.12.06-18.09.25:215][754]LogModuleManager: Shutting down and abandoning module MagicLeapMediaFactory (558)
[2019.12.06-18.09.25:215][754]LogModuleManager: Shutting down and abandoning module MagicLeapMediaEditor (556)
[2019.12.06-18.09.25:215][754]LogModuleManager: Shutting down and abandoning module CharacterAI (554)
[2019.12.06-18.09.25:216][754]LogModuleManager: Shutting down and abandoning module SmartSnapping (552)
[2019.12.06-18.09.25:216][754]LogModuleManager: Shutting down and abandoning module SessionServices (550)
[2019.12.06-18.09.25:216][754]LogModuleManager: Shutting down and abandoning module MeshPaint (548)
[2019.12.06-18.09.25:216][754]LogModuleManager: Shutting down and abandoning module ViewportSnapping (546)
[2019.12.06-18.09.25:216][754]LogModuleManager: Shutting down and abandoning module ViewportInteraction (544)
[2019.12.06-18.09.25:216][754]LogModuleManager: Shutting down and abandoning module ClothPainter (542)
[2019.12.06-18.09.25:216][754]LogModuleManager: Shutting down and abandoning module SkeletalMeshEditor (541)
[2019.12.06-18.09.25:217][754]LogModuleManager: Shutting down and abandoning module LogVisualizer (538)
[2019.12.06-18.09.25:217][754]LogModuleManager: Shutting down and abandoning module IntroTutorials (536)
[2019.12.06-18.09.25:217][754]LogModuleManager: Shutting down and abandoning module GameProjectGeneration (535)
[2019.12.06-18.09.25:217][754]LogModuleManager: Shutting down and abandoning module LuminPlatformEditor (532)
[2019.12.06-18.09.25:218][754]LogModuleManager: Shutting down and abandoning module IOSPlatformEditor (530)
[2019.12.06-18.09.25:218][754]LogModuleManager: Shutting down and abandoning module HTML5PlatformEditor (528)
[2019.12.06-18.09.25:218][754]LogModuleManager: Shutting down and abandoning module AndroidPlatformEditor (526)
[2019.12.06-18.09.25:218][754]LogModuleManager: Shutting down and abandoning module AndroidDeviceDetection (525)
[2019.12.06-18.09.25:391][754]LogModuleManager: Shutting down and abandoning module WindowsPlatformEditor (522)
[2019.12.06-18.09.25:391][754]LogModuleManager: Shutting down and abandoning module LuminRuntimeSettings (520)
[2019.12.06-18.09.25:391][754]LogModuleManager: Shutting down and abandoning module IOSRuntimeSettings (518)
[2019.12.06-18.09.25:391][754]LogModuleManager: Shutting down and abandoning module AndroidRuntimeSettings (516)
[2019.12.06-18.09.25:391][754]LogModuleManager: Shutting down and abandoning module TimeManagementEditor (514)
[2019.12.06-18.09.25:391][754]LogModuleManager: Shutting down and abandoning module InputBindingEditor (512)
[2019.12.06-18.09.25:391][754]LogModuleManager: Shutting down and abandoning module MergeActors (510)
[2019.12.06-18.09.25:391][754]LogModuleManager: Shutting down and abandoning module LocalizationDashboard (508)
[2019.12.06-18.09.25:391][754]LogModuleManager: Shutting down and abandoning module LocalizationService (507)
[2019.12.06-18.09.25:391][754]LogModuleManager: Shutting down and abandoning module HardwareTargeting (504)
[2019.12.06-18.09.25:391][754]LogModuleManager: Shutting down and abandoning module DeviceProfileEditor (502)
[2019.12.06-18.09.25:391][754]LogModuleManager: Shutting down and abandoning module UndoHistory (500)
[2019.12.06-18.09.25:392][754]LogModuleManager: Shutting down and abandoning module XmlParser (498)
[2019.12.06-18.09.25:392][754]LogModuleManager: Shutting down and abandoning module Blutility (496)
[2019.12.06-18.09.25:392][754]LogModuleManager: Shutting down and abandoning module ProjectSettingsViewer (494)
[2019.12.06-18.09.25:392][754]LogModuleManager: Shutting down and abandoning module ProjectTargetPlatformEditor (493)
[2019.12.06-18.09.25:392][754]LogModuleManager: Shutting down and abandoning module EditorSettingsViewer (490)
[2019.12.06-18.09.25:392][754]LogModuleManager: Shutting down and abandoning module SettingsEditor (488)
[2019.12.06-18.09.25:392][754]LogModuleManager: Shutting down and abandoning module ProjectLauncher (486)
[2019.12.06-18.09.25:393][754]LogModuleManager: Shutting down and abandoning module SessionFrontend (484)
[2019.12.06-18.09.25:393][754]LogModuleManager: Shutting down and abandoning module ProfilerClient (482)
[2019.12.06-18.09.25:393][754]LogModuleManager: Shutting down and abandoning module DeviceManager (480)
[2019.12.06-18.09.25:393][754]LogModuleManager: Shutting down and abandoning module TargetDeviceServices (479)
[2019.12.06-18.09.25:448][754]LogModuleManager: Shutting down and abandoning module AutomationController (476)
[2019.12.06-18.09.25:448][754]LogModuleManager: Shutting down and abandoning module AutomationWindow (474)
[2019.12.06-18.09.25:448][754]LogModuleManager: Shutting down and abandoning module Layers (472)
[2019.12.06-18.09.25:450][754]LogModuleManager: Shutting down and abandoning module ComponentVisualizers (470)
[2019.12.06-18.09.25:450][754]LogModuleManager: Shutting down and abandoning module DetailCustomizations (468)
[2019.12.06-18.09.25:450][754]LogModuleManager: Shutting down and abandoning module PackagesDialog (466)
[2019.12.06-18.09.25:451][754]LogModuleManager: Shutting down and abandoning module AnimationBlueprintEditor (464)
[2019.12.06-18.09.25:451][754]LogModuleManager: Shutting down and abandoning module Persona (462)
[2019.12.06-18.09.25:451][754]LogModuleManager: Shutting down and abandoning module AdvancedPreviewScene (461)
[2019.12.06-18.09.25:451][754]LogModuleManager: Shutting down and abandoning module AnimGraph (459)
[2019.12.06-18.09.25:451][754]LogModuleManager: Shutting down and abandoning module Kismet (456)
[2019.12.06-18.09.25:452][754]LogModuleManager: Shutting down and abandoning module GraphEditor (454)
[2019.12.06-18.09.25:454][754]LogModuleManager: Shutting down and abandoning module ClassViewer (452)
[2019.12.06-18.09.25:454][754]LogModuleManager: Shutting down and abandoning module Toolbox (450)
[2019.12.06-18.09.25:454][754]LogModuleManager: Shutting down and abandoning module ModuleUI (448)
[2019.12.06-18.09.25:454][754]LogModuleManager: Shutting down and abandoning module MovieSceneTools (446)
[2019.12.06-18.09.25:454][754]LogModuleManager: Shutting down and abandoning module OutputLog (444)
[2019.12.06-18.09.25:454][754]LogModuleManager: Shutting down and abandoning module GammaUI (442)
[2019.12.06-18.09.25:454][754]LogModuleManager: Shutting down and abandoning module Documentation (440)
[2019.12.06-18.09.25:454][754]LogModuleManager: Shutting down and abandoning module LiveCoding (438)
[2019.12.06-18.09.25:454][754]LogModuleManager: Shutting down and abandoning module LevelSequence (436)
[2019.12.06-18.09.25:454][754]LogModuleManager: Shutting down and abandoning module MovieSceneTracks (434)
[2019.12.06-18.09.25:454][754]LogModuleManager: Shutting down and abandoning module MovieScene (432)
[2019.12.06-18.09.25:454][754]LogModuleManager: Shutting down and abandoning module StreamingPauseRendering (430)
[2019.12.06-18.09.25:455][754]LogModuleManager: Shutting down and abandoning module LauncherPlatform (428)
[2019.12.06-18.09.25:455][754]LogModuleManager: Shutting down and abandoning module AnalyticsET (426)
[2019.12.06-18.09.25:455][754]LogModuleManager: Shutting down and abandoning module PortalServices (424)
[2019.12.06-18.09.25:455][754]LogModuleManager: Shutting down and abandoning module PortalRpc (422)
[2019.12.06-18.09.25:455][754]LogModuleManager: Shutting down and abandoning module MessagingRpc (420)
[2019.12.06-18.09.25:455][754]LogModuleManager: Shutting down and abandoning module AIModule (418)
[2019.12.06-18.09.25:455][754]LogModuleManager: Shutting down and abandoning module GameplayDebugger (417)
[2019.12.06-18.09.25:455][754]LogModuleManager: Shutting down and abandoning module AITestSuite (415)
[2019.12.06-18.09.25:455][754]LogModuleManager: Shutting down and abandoning module NavigationSystem (413)
[2019.12.06-18.09.25:455][754]LogModuleManager: Shutting down and abandoning module DesktopPlatform (410)
[2019.12.06-18.09.25:455][754]LogModuleManager: Shutting down and abandoning module ImageWriteQueue (408)
[2019.12.06-18.09.25:459][754]LogModuleManager: Shutting down and abandoning module ProfilerService (406)
[2019.12.06-18.09.25:697][754]LogModuleManager: Shutting down and abandoning module TaskGraph (404)
[2019.12.06-18.09.25:697][754]LogModuleManager: Shutting down and abandoning module SteamVRController (402)
[2019.12.06-18.09.25:697][754]LogModuleManager: Shutting down and abandoning module ProceduralMeshComponentEditor (400)
[2019.12.06-18.09.25:697][754]LogModuleManager: Shutting down and abandoning module ProceduralMeshComponent (398)
[2019.12.06-18.09.25:697][754]LogModuleManager: Shutting down and abandoning module OculusEditor (396)
[2019.12.06-18.09.25:698][754]LogModuleManager: Shutting down and abandoning module OculusInput (394)
[2019.12.06-18.09.25:698][754]LogModuleManager: Shutting down and abandoning module MobilePatchingUtils (392)
[2019.12.06-18.09.25:698][754]LogModuleManager: Shutting down and abandoning module EditableMesh (390)
[2019.12.06-18.09.25:698][754]LogModuleManager: Shutting down and abandoning module CustomMeshComponent (388)
[2019.12.06-18.09.25:698][754]LogModuleManager: Shutting down and abandoning module CableComponent (386)
[2019.12.06-18.09.25:698][754]LogModuleManager: Shutting down and abandoning module AudioCapture (384)
[2019.12.06-18.09.25:698][754]LogModuleManager: Shutting down and abandoning module ArchVisCharacter (382)
[2019.12.06-18.09.25:698][754]LogModuleManager: Shutting down and abandoning module AndroidPermission (380)
[2019.12.06-18.09.25:698][754]LogModuleManager: Shutting down and abandoning module NUTUnrealEngine4 (378)
[2019.12.06-18.09.25:698][754]LogModuleManager: Shutting down and abandoning module NetcodeUnitTest (376)
[2019.12.06-18.09.25:698][754]LogModuleManager: Shutting down and abandoning module MediaCompositing (374)
[2019.12.06-18.09.25:698][754]LogModuleManager: Shutting down and abandoning module LinearTimecode (372)
[2019.12.06-18.09.25:698][754]LogModuleManager: Shutting down and abandoning module ImgMedia (370)
[2019.12.06-18.09.25:698][754]LogModuleManager: Shutting down and abandoning module MagicLeapHelperVulkan (368)
[2019.12.06-18.09.25:698][754]LogModuleManager: Shutting down and abandoning module MagicLeapHelperOpenGL (366)
[2019.12.06-18.09.25:699][754]LogModuleManager: Shutting down and abandoning module MagicLeapAudio (364)
[2019.12.06-18.09.25:699][754]LogModuleManager: Shutting down and abandoning module HTML5Networking (362)
[2019.12.06-18.09.25:699][754]LogModuleManager: Shutting down and abandoning module GeometryCacheTracks (360)
[2019.12.06-18.09.25:699][754]LogModuleManager: Shutting down and abandoning module GeometryCacheSequencer (358)
[2019.12.06-18.09.25:699][754]LogModuleManager: Shutting down and abandoning module BackChannel (356)
[2019.12.06-18.09.25:699][754]LogModuleManager: Shutting down and abandoning module AppleVision (354)
[2019.12.06-18.09.25:699][754]LogModuleManager: Shutting down and abandoning module AppleImageUtilsBlueprintSupport (352)
[2019.12.06-18.09.25:699][754]LogModuleManager: Shutting down and abandoning module AppleImageUtils (350)
[2019.12.06-18.09.25:699][754]LogModuleManager: Shutting down and abandoning module AlembicImporter (348)
[2019.12.06-18.09.25:699][754]LogModuleManager: Shutting down and abandoning module AlembicLibrary (347)
[2019.12.06-18.09.25:699][754]LogModuleManager: Shutting down and abandoning module GeometryCache (346)
[2019.12.06-18.09.25:699][754]LogModuleManager: Shutting down and abandoning module GeometryCacheEd (345)
[2019.12.06-18.09.25:699][754]LogModuleManager: Shutting down and abandoning module VariantManagerContent (340)
[2019.12.06-18.09.25:699][754]LogModuleManager: Shutting down and abandoning module DatasmithContentEditor (338)
[2019.12.06-18.09.25:699][754]LogModuleManager: Shutting down and abandoning module SpeedTreeImporter (336)
[2019.12.06-18.09.25:699][754]LogModuleManager: Shutting down and abandoning module PluginBrowser (334)
[2019.12.06-18.09.25:699][754]LogModuleManager: Shutting down and abandoning module MobileLauncherProfileWizard (332)
[2019.12.06-18.09.25:700][754]LogModuleManager: Shutting down and abandoning module MaterialAnalyzer (330)
[2019.12.06-18.09.25:700][754]LogModuleManager: Shutting down and abandoning module CryptoKeysOpenSSL (328)
[2019.12.06-18.09.25:700][754]LogModuleManager: Shutting down and abandoning module CryptoKeys (326)
[2019.12.06-18.09.25:700][754]LogModuleManager: Shutting down and abandoning module VisualStudioSourceCodeAccess (324)
[2019.12.06-18.09.25:700][754]LogModuleManager: Shutting down and abandoning module VisualStudioCodeSourceCodeAccess (322)
[2019.12.06-18.09.25:700][754]LogModuleManager: Shutting down and abandoning module UObjectPlugin (320)
[2019.12.06-18.09.25:700][754]LogModuleManager: Shutting down and abandoning module SubversionSourceControl (318)
[2019.12.06-18.09.25:700][754]LogModuleManager: Shutting down and abandoning module PerforceSourceControl (316)
[2019.12.06-18.09.25:700][754]LogModuleManager: Shutting down and abandoning module GitSourceControl (314)
[2019.12.06-18.09.25:700][754]LogModuleManager: Shutting down and abandoning module SourceControl (313)
[2019.12.06-18.09.25:700][754]LogModuleManager: Shutting down and abandoning module CLionSourceCodeAccess (310)
[2019.12.06-18.09.25:700][754]LogModuleManager: Shutting down and abandoning module AnimationSharingEd (308)
[2019.12.06-18.09.25:700][754]LogModuleManager: Shutting down and abandoning module ActorLayerUtilitiesEditor (306)
[2019.12.06-18.09.25:701][754]LogModuleManager: Shutting down and abandoning module ActorLayerUtilities (304)
[2019.12.06-18.09.25:701][754]LogModuleManager: Shutting down and abandoning module LightPropagationVolumeEditor (302)
[2019.12.06-18.09.25:701][754]LogModuleManager: Shutting down and abandoning module PaperTiledImporter (300)
[2019.12.06-18.09.25:701][754]LogModuleManager: Shutting down and abandoning module PaperSpriteSheetImporter (298)
[2019.12.06-18.09.25:701][754]LogModuleManager: Shutting down and abandoning module Paper2DEditor (296)
[2019.12.06-18.09.25:701][754]LogModuleManager: Shutting down and abandoning module SignificanceManager (294)
[2019.12.06-18.09.25:701][754]LogModuleManager: Shutting down and abandoning module RuntimePhysXCooking (292)
[2019.12.06-18.09.25:701][754]LogModuleManager: Shutting down and abandoning module PhysXVehiclesEditor (290)
[2019.12.06-18.09.25:701][754]LogModuleManager: Shutting down and abandoning module PhysXVehicles (288)
[2019.12.06-18.09.25:701][754]LogModuleManager: Shutting down and abandoning module LocationServicesBPLibrary (286)
[2019.12.06-18.09.25:701][754]LogModuleManager: Shutting down and abandoning module ActorSequence (284)
[2019.12.06-18.09.25:701][754]LogModuleManager: Shutting down and abandoning module UdpMessaging (282)
[2019.12.06-18.09.25:802][754]LogModuleManager: Shutting down and abandoning module TcpMessaging (280)
[2019.12.06-18.09.25:903][754]LogModuleManager: Shutting down and abandoning module MagicLeapIdentity (278)
[2019.12.06-18.09.25:903][754]LogModuleManager: Shutting down and abandoning module MagicLeapSecureStorage (276)
[2019.12.06-18.09.25:903][754]LogModuleManager: Shutting down and abandoning module MagicLeapHandTracking (274)
[2019.12.06-18.09.25:903][754]LogModuleManager: Shutting down and abandoning module MagicLeapEyeTracker (272)
[2019.12.06-18.09.25:903][754]LogModuleManager: Shutting down and abandoning module MagicLeapController (270)
[2019.12.06-18.09.25:903][754]LogSlate: Slate User Destroyed.  User Index 0, Is Virtual User: 0
[2019.12.06-18.09.25:903][754]LogModuleManager: Shutting down and abandoning module MagicLeapAR (268)
[2019.12.06-18.09.25:903][754]LogModuleManager: Shutting down and abandoning module AugmentedReality (267)
[2019.12.06-18.09.25:903][754]LogModuleManager: Shutting down and abandoning module GameplayTagsEditor (264)
[2019.12.06-18.09.25:905][754]LogModuleManager: Shutting down and abandoning module FacialAnimationEditor (262)
[2019.12.06-18.09.25:905][754]LogModuleManager: Shutting down and abandoning module FacialAnimation (260)
[2019.12.06-18.09.25:905][754]LogModuleManager: Shutting down and abandoning module DataValidation (258)
[2019.12.06-18.09.25:905][754]LogModuleManager: Shutting down and abandoning module AssetManagerEditor (256)
[2019.12.06-18.09.25:905][754]LogModuleManager: Shutting down and abandoning module LevelEditor (255)
[2019.12.06-18.09.25:907][754]LogModuleManager: Shutting down and abandoning module PixelInspectorModule (254)
[2019.12.06-18.09.25:907][754]LogModuleManager: Shutting down and abandoning module CommonMenuExtensions (252)
[2019.12.06-18.09.25:907][754]LogModuleManager: Shutting down and abandoning module MainFrame (250)
[2019.12.06-18.09.25:907][754]LogModuleManager: Shutting down and abandoning module HotReload (249)
[2019.12.06-18.09.25:908][754]LogModuleManager: Shutting down and abandoning module ContentBrowser (245)
[2019.12.06-18.09.25:910][754]LogModuleManager: Shutting down and abandoning module TreeMap (243)
[2019.12.06-18.09.25:910][754]LogModuleManager: Shutting down and abandoning module AnimationSharing (240)
[2019.12.06-18.09.25:910][754]LogModuleManager: Shutting down and abandoning module LightPropagationVolumeRuntime (238)
[2019.12.06-18.09.25:910][754]LogModuleManager: Shutting down and abandoning module AISupportModule (236)
[2019.12.06-18.09.25:910][754]LogModuleManager: Shutting down and abandoning module Paper2D (234)
[2019.12.06-18.09.25:910][754]LogModuleManager: Shutting down and abandoning module WindowsMoviePlayer (232)
[2019.12.06-18.09.25:910][754]LogModuleManager: Shutting down and abandoning module WebMMoviePlayer (230)
[2019.12.06-18.09.25:910][754]LogModuleManager: Shutting down and abandoning module PacketHandler (228)
[2019.12.06-18.09.25:910][754]LogModuleManager: Shutting down and abandoning module ClothingSystemEditor (226)
[2019.12.06-18.09.25:910][754]LogModuleManager: Shutting down and abandoning module ClothingSystemRuntime (224)
[2019.12.06-18.09.25:911][754]LogModuleManager: Shutting down and abandoning module MediaAssets (222)
[2019.12.06-18.09.25:911][754]LogModuleManager: Shutting down and abandoning module Overlay (220)
[2019.12.06-18.09.25:911][754]LogModuleManager: Shutting down and abandoning module OverlayEditor (219)
[2019.12.06-18.09.25:911][754]LogModuleManager: Shutting down and abandoning module VREditor (216)
[2019.12.06-18.09.25:911][754]LogModuleManager: Shutting down and abandoning module StringTableEditor (214)
[2019.12.06-18.09.25:911][754]LogModuleManager: Shutting down and abandoning module GameplayTasksEditor (212)
[2019.12.06-18.09.25:911][754]LogModuleManager: Shutting down and abandoning module BehaviorTreeEditor (210)
[2019.12.06-18.09.25:912][754]LogModuleManager: Shutting down and abandoning module FunctionalTesting (208)
[2019.12.06-18.09.25:912][754]LogModuleManager: Shutting down and abandoning module CollisionAnalyzer (206)
[2019.12.06-18.09.25:912][754]LogModuleManager: Shutting down and abandoning module WorkspaceMenuStructure (205)
[2019.12.06-18.09.25:912][754]LogModuleManager: Shutting down and abandoning module UMG (202)
[2019.12.06-18.09.25:912][754]LogModuleManager: Shutting down and abandoning module UMGEditor (201)
[2019.12.06-18.09.25:912][754]LogModuleManager: Shutting down and abandoning module Sequencer (200)
[2019.12.06-18.09.25:913][754]LogModuleManager: Shutting down and abandoning module MessageLog (197)
[2019.12.06-18.09.25:914][754]LogModuleManager: Shutting down and abandoning module SlateReflector (192)
[2019.12.06-18.09.25:915][754]LogModuleManager: Shutting down and abandoning module Slate (190)
[2019.12.06-18.09.25:915][754]LogModuleManager: Shutting down and abandoning module EditorStyle (188)
[2019.12.06-18.09.25:918][754]LogModuleManager: Shutting down and abandoning module UnrealEd (186)
[2019.12.06-18.09.25:918][754]LogModuleManager: Shutting down and abandoning module MRMesh (184)
[2019.12.06-18.09.25:918][754]LogModuleManager: Shutting down and abandoning module SourceCodeAccess (182)
[2019.12.06-18.09.25:918][754]LogModuleManager: Shutting down and abandoning module HeadMountedDisplay (180)
[2019.12.06-18.09.25:918][754]LogModuleManager: Shutting down and abandoning module XAudio2 (178)
[2019.12.06-18.09.25:918][754]LogModuleManager: Shutting down and abandoning module Networking (176)
[2019.12.06-18.09.25:918][754]LogModuleManager: Shutting down and abandoning module Core (174)
[2019.12.06-18.09.25:918][754]LogModuleManager: Shutting down and abandoning module KismetCompiler (172)
[2019.12.06-18.09.25:918][754]LogModuleManager: Shutting down and abandoning module MeshUtilities (170)
[2019.12.06-18.09.25:918][754]LogModuleManager: Shutting down and abandoning module MeshMergeUtilities (169)
[2019.12.06-18.09.25:918][754]LogModuleManager: Shutting down and abandoning module MeshReductionInterface (168)
[2019.12.06-18.09.25:918][754]LogModuleManager: Shutting down and abandoning module SkeletalMeshReduction (167)
[2019.12.06-18.09.25:919][754]LogModuleManager: Shutting down and abandoning module ProxyLODMeshReduction (165)
[2019.12.06-18.09.25:919][754]LogModuleManager: Shutting down and abandoning module QuadricMeshReduction (163)
[2019.12.06-18.09.25:919][754]LogModuleManager: Shutting down and abandoning module MaterialBaking (159)
[2019.12.06-18.09.25:920][754]LogModuleManager: Shutting down and abandoning module DerivedDataCache (154)
[2019.12.06-18.09.26:167][754]LogDerivedDataCache: Shutdown
[2019.12.06-18.09.26:167][754]LogModuleManager: Shutting down and abandoning module XGEController (152)
[2019.12.06-18.09.26:167][754]LogXGEController: Cleaning working directory: C:/Users/bradled9/AppData/Local/Temp/UnrealXGEWorkingDir/
[2019.12.06-18.09.26:168][754]LogModuleManager: Shutting down and abandoning module TargetPlatform (150)
[2019.12.06-18.09.26:168][754]LogModuleManager: Shutting down and abandoning module VulkanShaderFormat (149)
[2019.12.06-18.09.26:168][754]LogModuleManager: Shutting down and abandoning module ShaderFormatVectorVM (147)
[2019.12.06-18.09.26:168][754]LogModuleManager: Shutting down and abandoning module ShaderFormatOpenGL (145)
[2019.12.06-18.09.26:168][754]LogModuleManager: Shutting down and abandoning module ShaderFormatD3D (143)
[2019.12.06-18.09.26:168][754]LogModuleManager: Shutting down and abandoning module MetalShaderFormat (141)
[2019.12.06-18.09.26:169][754]LogModuleManager: Shutting down and abandoning module TextureFormatUncompressed (139)
[2019.12.06-18.09.26:169][754]LogModuleManager: Shutting down and abandoning module TextureFormatPVR (137)
[2019.12.06-18.09.26:169][754]LogModuleManager: Shutting down and abandoning module TextureFormatDXT (135)
[2019.12.06-18.09.26:169][754]LogModuleManager: Shutting down and abandoning module TextureFormatIntelISPCTexComp (133)
[2019.12.06-18.09.26:169][754]LogModuleManager: Shutting down and abandoning module TextureFormatASTC (131)
[2019.12.06-18.09.26:169][754]LogModuleManager: Shutting down and abandoning module ImageWrapper (130)
[2019.12.06-18.09.26:169][754]LogModuleManager: Shutting down and abandoning module TextureFormatAndroid (127)
[2019.12.06-18.09.26:169][754]LogModuleManager: Shutting down and abandoning module AudioFormatOpus (125)
[2019.12.06-18.09.26:169][754]LogModuleManager: Shutting down and abandoning module AudioFormatOgg (123)
[2019.12.06-18.09.26:169][754]LogModuleManager: Shutting down and abandoning module AudioFormatADPCM (121)
[2019.12.06-18.09.26:169][754]LogModuleManager: Shutting down and abandoning module LuminTargetPlatform (119)
[2019.12.06-18.09.26:171][754]LogModuleManager: Shutting down and abandoning module LinuxTargetPlatform (117)
[2019.12.06-18.09.26:171][754]LogModuleManager: Shutting down and abandoning module LinuxServerTargetPlatform (115)
[2019.12.06-18.09.26:171][754]LogModuleManager: Shutting down and abandoning module LinuxNoEditorTargetPlatform (113)
[2019.12.06-18.09.26:171][754]LogModuleManager: Shutting down and abandoning module LinuxClientTargetPlatform (111)
[2019.12.06-18.09.26:171][754]LogModuleManager: Shutting down and abandoning module TVOSTargetPlatform (109)
[2019.12.06-18.09.26:173][754]LogModuleManager: Shutting down and abandoning module Messaging (107)
[2019.12.06-18.09.26:173][754]LogModuleManager: Shutting down and abandoning module IOSTargetPlatform (105)
[2019.12.06-18.09.26:174][754]LogModuleManager: Shutting down and abandoning module HTML5TargetPlatform (103)
[2019.12.06-18.09.26:174][754]LogModuleManager: Shutting down and abandoning module AndroidTargetPlatform (101)
[2019.12.06-18.09.26:187][754]LogModuleManager: Shutting down and abandoning module WindowsTargetPlatform (99)
[2019.12.06-18.09.26:187][754]LogModuleManager: Shutting down and abandoning module WindowsServerTargetPlatform (97)
[2019.12.06-18.09.26:187][754]LogModuleManager: Shutting down and abandoning module WindowsNoEditorTargetPlatform (95)
[2019.12.06-18.09.26:187][754]LogModuleManager: Shutting down and abandoning module WindowsClientTargetPlatform (93)
[2019.12.06-18.09.26:187][754]LogModuleManager: Shutting down and abandoning module MacTargetPlatform (91)
[2019.12.06-18.09.26:187][754]LogModuleManager: Shutting down and abandoning module MacServerTargetPlatform (89)
[2019.12.06-18.09.26:187][754]LogModuleManager: Shutting down and abandoning module MacNoEditorTargetPlatform (87)
[2019.12.06-18.09.26:187][754]LogModuleManager: Shutting down and abandoning module MacClientTargetPlatform (85)
[2019.12.06-18.09.26:187][754]LogModuleManager: Shutting down and abandoning module AllDesktopTargetPlatform (83)
[2019.12.06-18.09.26:187][754]LogModuleManager: Shutting down and abandoning module InputCore (80)
[2019.12.06-18.09.26:187][754]LogModuleManager: Shutting down and abandoning module Settings (78)
[2019.12.06-18.09.26:187][754]LogModuleManager: Shutting down and abandoning module DirectoryWatcher (76)
[2019.12.06-18.09.26:188][754]LogModuleManager: Shutting down and abandoning module PhysXCooking (74)
[2019.12.06-18.09.26:188][754]LogModuleManager: Shutting down and abandoning module SteamVR (72)
[2019.12.06-18.09.26:188][754]LogHMD: Freeing OpenVRDLLHandle.
[2019.12.06-18.09.26:188][754]LogModuleManager: Shutting down and abandoning module OculusHMD (70)
[2019.12.06-18.09.26:188][754]LogModuleManager: Shutting down and abandoning module ExampleDeviceProfileSelector (68)
[2019.12.06-18.09.26:188][754]LogModuleManager: Shutting down and abandoning module LauncherChunkInstaller (66)
[2019.12.06-18.09.26:188][754]LogModuleManager: Shutting down and abandoning module OnlineBlueprintSupport (64)
[2019.12.06-18.09.26:188][754]LogModuleManager: Shutting down and abandoning module OnlineSubsystem (60)
[2019.12.06-18.09.26:189][754]LogModuleManager: Shutting down and abandoning module XMPP (55)
[2019.12.06-18.09.26:190][754]LogModuleManager: Shutting down and abandoning module WebSockets (54)
[2019.12.06-18.09.26:215][754]LogModuleManager: Shutting down and abandoning module HTTP (51)
[2019.12.06-18.09.26:215][754]LogHttp: Display: Http module shutting down, but needs to wait on 1 outstanding Http requests:
[2019.12.06-18.09.26:215][754]LogHttp: Display: 	verb=[POST] url=[https://datarouter.ol.epicgames.com/datarouter/api/v1/public/data?SessionID=%7BECE60DDD-4FB2-154F-D860-EAB831A4D589%7D&AppID=UEEditor.Rocket.Release&AppVersion=4.22.3-7053642%2B%2B%2BUE4%2BRelease-4.22&UserID=0aada30d4eaa16c3692e9e8cffe3f75b%7C%7C9f67b427-23fc-4d0a-8db0-06257916804a&AppEnvironment=datacollector-binary&UploadType=eteventstream] status=Processing
[2019.12.06-18.09.26:226][754]LogModuleManager: Shutting down and abandoning module SSL (50)
[2019.12.06-18.09.26:228][754]LogModuleManager: Shutting down and abandoning module WmfMedia (46)
[2019.12.06-18.09.26:230][754]LogModuleManager: Shutting down and abandoning module Media (45)
[2019.12.06-18.09.26:236][754]LogModuleManager: Shutting down and abandoning module MagicLeap (42)
[2019.12.06-18.09.26:237][754]LogModuleManager: Shutting down and abandoning module DatasmithContent (40)
[2019.12.06-18.09.26:237][754]LogModuleManager: Shutting down and abandoning module AnimationModifiers (38)
[2019.12.06-18.09.26:238][754]LogModuleManager: Shutting down and abandoning module PropertyEditor (37)
[2019.12.06-18.09.26:238][754]LogModuleManager: Shutting down and abandoning module AudioEditor (34)
[2019.12.06-18.09.26:239][754]LogModuleManager: Shutting down and abandoning module TextureCompressor (32)
[2019.12.06-18.09.26:239][754]LogModuleManager: Shutting down and abandoning module RenderCore (30)
[2019.12.06-18.09.26:239][754]LogModuleManager: Shutting down and abandoning module Landscape (28)
[2019.12.06-18.09.26:239][754]LogModuleManager: Shutting down and abandoning module SlateRHIRenderer (26)
[2019.12.06-18.09.26:240][754]LogModuleManager: Shutting down and abandoning module OpenGLDrv (24)
[2019.12.06-18.09.26:240][754]LogModuleManager: Shutting down and abandoning module D3D11RHI (22)
[2019.12.06-18.09.26:240][754]LogModuleManager: Shutting down and abandoning module AnimGraphRuntime (20)
[2019.12.06-18.09.26:240][754]LogModuleManager: Shutting down and abandoning module Renderer (18)
[2019.12.06-18.09.26:240][754]LogModuleManager: Shutting down and abandoning module Engine (16)
[2019.12.06-18.09.26:240][754]LogModuleManager: Shutting down and abandoning module CoreUObject (14)
[2019.12.06-18.09.26:240][754]LogModuleManager: Shutting down and abandoning module NetworkFile (12)
[2019.12.06-18.09.26:240][754]LogModuleManager: Shutting down and abandoning module CookedIterativeFile (10)
[2019.12.06-18.09.26:240][754]LogModuleManager: Shutting down and abandoning module StreamingFile (8)
[2019.12.06-18.09.26:241][754]LogModuleManager: Shutting down and abandoning module SandboxFile (6)
[2019.12.06-18.09.26:241][754]LogModuleManager: Shutting down and abandoning module PakFile (4)
[2019.12.06-18.09.26:241][754]LogModuleManager: Shutting down and abandoning module RSA (3)
[2019.12.06-18.09.26:280][754]LogExit: Exiting.
[2019.12.06-18.09.26:303][754]Log file closed, 12/06/19 13:09:26
